2019-02-25 13:00:54.903 - info: App is listening on port 3000
2019-02-25 13:02:52.934 - info: ::ffff:127.0.0.1 - - [25/Feb/2019:06:02:52 +0000] "OPTIONS /api/auth/login/ HTTP/1.1" 204 0 "http://localhost:3001/user/login?redirect=http%3A%2F%2Flocalhost%3A3001%2Fdashboard" "Mozilla/5.0 (Macintosh; Intel Mac OS X 10_12_6) AppleWebKit/537.36 (KHTML, like Gecko) Chrome/72.0.3626.109 Safari/537.36"
2019-02-25 13:02:53.255 - info: ::ffff:127.0.0.1 - - [25/Feb/2019:06:02:53 +0000] "POST /api/auth/login/ HTTP/1.1" 200 190 "http://localhost:3001/user/login?redirect=http%3A%2F%2Flocalhost%3A3001%2Fdashboard" "Mozilla/5.0 (Macintosh; Intel Mac OS X 10_12_6) AppleWebKit/537.36 (KHTML, like Gecko) Chrome/72.0.3626.109 Safari/537.36"
2019-02-25 13:03:07.661 - info: ::1 - - [25/Feb/2019:06:03:07 +0000] "OPTIONS /api/purchase-orders?query={%22orderType%22:%22out%22}&sort={%22createdAt%22:-1} HTTP/1.1" 204 0 "http://localhost:3001/warehouse/import" "Mozilla/5.0 (Macintosh; Intel Mac OS X 10_12_6) AppleWebKit/537.36 (KHTML, like Gecko) Chrome/72.0.3626.109 Safari/537.36"
2019-02-25 13:03:07.742 - info: ::1 - - [25/Feb/2019:06:03:07 +0000] "GET /api/purchase-orders?query={%22orderType%22:%22out%22}&sort={%22createdAt%22:-1} HTTP/1.1" 200 4033 "http://localhost:3001/warehouse/import" "Mozilla/5.0 (Macintosh; Intel Mac OS X 10_12_6) AppleWebKit/537.36 (KHTML, like Gecko) Chrome/72.0.3626.109 Safari/537.36"
2019-02-25 13:03:15.843 - info: ::1 - - [25/Feb/2019:06:03:15 +0000] "OPTIONS /api/warehouses HTTP/1.1" 204 0 "http://localhost:3001/products" "Mozilla/5.0 (Macintosh; Intel Mac OS X 10_12_6) AppleWebKit/537.36 (KHTML, like Gecko) Chrome/72.0.3626.109 Safari/537.36"
2019-02-25 13:03:15.845 - info: ::1 - - [25/Feb/2019:06:03:15 +0000] "OPTIONS /api/products?sort={%22createdAt%22:-1} HTTP/1.1" 204 0 "http://localhost:3001/products" "Mozilla/5.0 (Macintosh; Intel Mac OS X 10_12_6) AppleWebKit/537.36 (KHTML, like Gecko) Chrome/72.0.3626.109 Safari/537.36"
2019-02-25 13:03:15.845 - info: ::1 - - [25/Feb/2019:06:03:15 +0000] "OPTIONS /api/warehouses HTTP/1.1" 204 0 "http://localhost:3001/products" "Mozilla/5.0 (Macintosh; Intel Mac OS X 10_12_6) AppleWebKit/537.36 (KHTML, like Gecko) Chrome/72.0.3626.109 Safari/537.36"
2019-02-25 13:03:15.869 - info: ::1 - - [25/Feb/2019:06:03:15 +0000] "GET /api/warehouses HTTP/1.1" 200 815 "http://localhost:3001/products" "Mozilla/5.0 (Macintosh; Intel Mac OS X 10_12_6) AppleWebKit/537.36 (KHTML, like Gecko) Chrome/72.0.3626.109 Safari/537.36"
2019-02-25 13:03:15.870 - info: ::1 - - [25/Feb/2019:06:03:15 +0000] "GET /api/products?sort={%22createdAt%22:-1} HTTP/1.1" 200 1961 "http://localhost:3001/products" "Mozilla/5.0 (Macintosh; Intel Mac OS X 10_12_6) AppleWebKit/537.36 (KHTML, like Gecko) Chrome/72.0.3626.109 Safari/537.36"
2019-02-25 13:03:15.876 - info: ::1 - - [25/Feb/2019:06:03:15 +0000] "GET /api/warehouses HTTP/1.1" 304 - "http://localhost:3001/products" "Mozilla/5.0 (Macintosh; Intel Mac OS X 10_12_6) AppleWebKit/537.36 (KHTML, like Gecko) Chrome/72.0.3626.109 Safari/537.36"
2019-02-25 13:03:19.788 - info: ::1 - - [25/Feb/2019:06:03:19 +0000] "OPTIONS /api/purchase-orders?query={%22orderType%22:%22out%22}&sort={%22createdAt%22:-1} HTTP/1.1" 204 0 "http://localhost:3001/warehouse/import" "Mozilla/5.0 (Macintosh; Intel Mac OS X 10_12_6) AppleWebKit/537.36 (KHTML, like Gecko) Chrome/72.0.3626.109 Safari/537.36"
2019-02-25 13:03:19.822 - info: ::1 - - [25/Feb/2019:06:03:19 +0000] "GET /api/purchase-orders?query={%22orderType%22:%22out%22}&sort={%22createdAt%22:-1} HTTP/1.1" 304 - "http://localhost:3001/warehouse/import" "Mozilla/5.0 (Macintosh; Intel Mac OS X 10_12_6) AppleWebKit/537.36 (KHTML, like Gecko) Chrome/72.0.3626.109 Safari/537.36"
2019-02-25 13:03:20.859 - info: ::1 - - [25/Feb/2019:06:03:20 +0000] "GET /api/purchase-orders?query={%22orderType%22:%22out%22}&sort={%22createdAt%22:-1} HTTP/1.1" 304 - "http://localhost:3001/warehouse/export" "Mozilla/5.0 (Macintosh; Intel Mac OS X 10_12_6) AppleWebKit/537.36 (KHTML, like Gecko) Chrome/72.0.3626.109 Safari/537.36"
2019-02-25 13:03:22.239 - info: ::1 - - [25/Feb/2019:06:03:22 +0000] "OPTIONS /api/warehouses HTTP/1.1" 204 0 "http://localhost:3001/admin/users" "Mozilla/5.0 (Macintosh; Intel Mac OS X 10_12_6) AppleWebKit/537.36 (KHTML, like Gecko) Chrome/72.0.3626.109 Safari/537.36"
2019-02-25 13:03:22.240 - info: ::1 - - [25/Feb/2019:06:03:22 +0000] "OPTIONS /api/warehouses HTTP/1.1" 204 0 "http://localhost:3001/admin/users" "Mozilla/5.0 (Macintosh; Intel Mac OS X 10_12_6) AppleWebKit/537.36 (KHTML, like Gecko) Chrome/72.0.3626.109 Safari/537.36"
2019-02-25 13:03:22.243 - info: ::1 - - [25/Feb/2019:06:03:22 +0000] "OPTIONS /api/users?filter={%22populate%22:%22warehouseId%22} HTTP/1.1" 204 0 "http://localhost:3001/admin/users" "Mozilla/5.0 (Macintosh; Intel Mac OS X 10_12_6) AppleWebKit/537.36 (KHTML, like Gecko) Chrome/72.0.3626.109 Safari/537.36"
2019-02-25 13:03:22.267 - info: ::1 - - [25/Feb/2019:06:03:22 +0000] "GET /api/warehouses HTTP/1.1" 304 - "http://localhost:3001/admin/users" "Mozilla/5.0 (Macintosh; Intel Mac OS X 10_12_6) AppleWebKit/537.36 (KHTML, like Gecko) Chrome/72.0.3626.109 Safari/537.36"
2019-02-25 13:03:22.279 - info: ::1 - - [25/Feb/2019:06:03:22 +0000] "GET /api/users?filter={%22populate%22:%22warehouseId%22} HTTP/1.1" 200 951 "http://localhost:3001/admin/users" "Mozilla/5.0 (Macintosh; Intel Mac OS X 10_12_6) AppleWebKit/537.36 (KHTML, like Gecko) Chrome/72.0.3626.109 Safari/537.36"
2019-02-25 13:03:22.283 - info: ::1 - - [25/Feb/2019:06:03:22 +0000] "GET /api/warehouses HTTP/1.1" 304 - "http://localhost:3001/admin/users" "Mozilla/5.0 (Macintosh; Intel Mac OS X 10_12_6) AppleWebKit/537.36 (KHTML, like Gecko) Chrome/72.0.3626.109 Safari/537.36"
2019-02-25 13:03:23.552 - info: ::1 - - [25/Feb/2019:06:03:23 +0000] "GET /api/warehouses HTTP/1.1" 304 - "http://localhost:3001/admin/warehouses" "Mozilla/5.0 (Macintosh; Intel Mac OS X 10_12_6) AppleWebKit/537.36 (KHTML, like Gecko) Chrome/72.0.3626.109 Safari/537.36"
2019-02-25 13:03:32.021 - info: ::1 - - [25/Feb/2019:06:03:32 +0000] "OPTIONS /api/warehouses HTTP/1.1" 204 0 "http://localhost:3001/admin/warehouses" "Mozilla/5.0 (Macintosh; Intel Mac OS X 10_12_6) AppleWebKit/537.36 (KHTML, like Gecko) Chrome/72.0.3626.109 Safari/537.36"
2019-02-25 13:03:32.063 - info: ::1 - - [25/Feb/2019:06:03:32 +0000] "POST /api/warehouses HTTP/1.1" 200 132 "http://localhost:3001/admin/warehouses" "Mozilla/5.0 (Macintosh; Intel Mac OS X 10_12_6) AppleWebKit/537.36 (KHTML, like Gecko) Chrome/72.0.3626.109 Safari/537.36"
2019-02-25 13:03:32.110 - info: ::1 - - [25/Feb/2019:06:03:32 +0000] "GET /api/warehouses HTTP/1.1" 200 948 "http://localhost:3001/admin/warehouses" "Mozilla/5.0 (Macintosh; Intel Mac OS X 10_12_6) AppleWebKit/537.36 (KHTML, like Gecko) Chrome/72.0.3626.109 Safari/537.36"
2019-02-25 13:03:39.589 - info: ::1 - - [25/Feb/2019:06:03:39 +0000] "OPTIONS /api/warehouses HTTP/1.1" 204 0 "http://localhost:3001/admin/users" "Mozilla/5.0 (Macintosh; Intel Mac OS X 10_12_6) AppleWebKit/537.36 (KHTML, like Gecko) Chrome/72.0.3626.109 Safari/537.36"
2019-02-25 13:03:39.590 - info: ::1 - - [25/Feb/2019:06:03:39 +0000] "OPTIONS /api/users?filter={%22populate%22:%22warehouseId%22} HTTP/1.1" 204 0 "http://localhost:3001/admin/users" "Mozilla/5.0 (Macintosh; Intel Mac OS X 10_12_6) AppleWebKit/537.36 (KHTML, like Gecko) Chrome/72.0.3626.109 Safari/537.36"
2019-02-25 13:03:39.591 - info: ::1 - - [25/Feb/2019:06:03:39 +0000] "OPTIONS /api/warehouses HTTP/1.1" 204 0 "http://localhost:3001/admin/users" "Mozilla/5.0 (Macintosh; Intel Mac OS X 10_12_6) AppleWebKit/537.36 (KHTML, like Gecko) Chrome/72.0.3626.109 Safari/537.36"
2019-02-25 13:03:39.608 - info: ::1 - - [25/Feb/2019:06:03:39 +0000] "GET /api/warehouses HTTP/1.1" 304 - "http://localhost:3001/admin/users" "Mozilla/5.0 (Macintosh; Intel Mac OS X 10_12_6) AppleWebKit/537.36 (KHTML, like Gecko) Chrome/72.0.3626.109 Safari/537.36"
2019-02-25 13:03:39.615 - info: ::1 - - [25/Feb/2019:06:03:39 +0000] "GET /api/users?filter={%22populate%22:%22warehouseId%22} HTTP/1.1" 304 - "http://localhost:3001/admin/users" "Mozilla/5.0 (Macintosh; Intel Mac OS X 10_12_6) AppleWebKit/537.36 (KHTML, like Gecko) Chrome/72.0.3626.109 Safari/537.36"
2019-02-25 13:03:39.620 - info: ::1 - - [25/Feb/2019:06:03:39 +0000] "GET /api/warehouses HTTP/1.1" 304 - "http://localhost:3001/admin/users" "Mozilla/5.0 (Macintosh; Intel Mac OS X 10_12_6) AppleWebKit/537.36 (KHTML, like Gecko) Chrome/72.0.3626.109 Safari/537.36"
2019-02-25 13:04:04.694 - info: ::1 - - [25/Feb/2019:06:04:04 +0000] "OPTIONS /api/users HTTP/1.1" 204 0 "http://localhost:3001/admin/users" "Mozilla/5.0 (Macintosh; Intel Mac OS X 10_12_6) AppleWebKit/537.36 (KHTML, like Gecko) Chrome/72.0.3626.109 Safari/537.36"
2019-02-25 13:04:04.950 - info: ::1 - - [25/Feb/2019:06:04:04 +0000] "POST /api/users HTTP/1.1" 200 257 "http://localhost:3001/admin/users" "Mozilla/5.0 (Macintosh; Intel Mac OS X 10_12_6) AppleWebKit/537.36 (KHTML, like Gecko) Chrome/72.0.3626.109 Safari/537.36"
2019-02-25 13:04:04.983 - info: ::1 - - [25/Feb/2019:06:04:04 +0000] "OPTIONS /api/users?filter={%22populate%22:%22warehouseId%22} HTTP/1.1" 204 0 "http://localhost:3001/admin/users" "Mozilla/5.0 (Macintosh; Intel Mac OS X 10_12_6) AppleWebKit/537.36 (KHTML, like Gecko) Chrome/72.0.3626.109 Safari/537.36"
2019-02-25 13:04:04.993 - info: ::1 - - [25/Feb/2019:06:04:04 +0000] "GET /api/users?filter={%22populate%22:%22warehouseId%22} HTTP/1.1" 200 1315 "http://localhost:3001/admin/users" "Mozilla/5.0 (Macintosh; Intel Mac OS X 10_12_6) AppleWebKit/537.36 (KHTML, like Gecko) Chrome/72.0.3626.109 Safari/537.36"
2019-02-25 13:04:31.463 - info: ::1 - - [25/Feb/2019:06:04:31 +0000] "OPTIONS /api/users HTTP/1.1" 204 0 "http://localhost:3001/admin/users" "Mozilla/5.0 (Macintosh; Intel Mac OS X 10_12_6) AppleWebKit/537.36 (KHTML, like Gecko) Chrome/72.0.3626.109 Safari/537.36"
2019-02-25 13:04:31.497 - error:  UnprocessableEntity: ValidationError: role: `repair` is not a valid enum value for path `role`.
    at create (/Users/sonld/warehouse/kho-api/src/controllers/user.controller.js:60:21)
    at process._tickCallback (internal/process/next_tick.js:68:7)
2019-02-25 13:04:31.505 - info: ::1 - - [25/Feb/2019:06:04:31 +0000] "POST /api/users HTTP/1.1" 422 523 "http://localhost:3001/admin/users" "Mozilla/5.0 (Macintosh; Intel Mac OS X 10_12_6) AppleWebKit/537.36 (KHTML, like Gecko) Chrome/72.0.3626.109 Safari/537.36"
2019-02-25 13:04:31.541 - info: ::1 - - [25/Feb/2019:06:04:31 +0000] "OPTIONS /api/users?filter={%22populate%22:%22warehouseId%22} HTTP/1.1" 204 0 "http://localhost:3001/admin/users" "Mozilla/5.0 (Macintosh; Intel Mac OS X 10_12_6) AppleWebKit/537.36 (KHTML, like Gecko) Chrome/72.0.3626.109 Safari/537.36"
2019-02-25 13:04:31.551 - info: ::1 - - [25/Feb/2019:06:04:31 +0000] "GET /api/users?filter={%22populate%22:%22warehouseId%22} HTTP/1.1" 304 - "http://localhost:3001/admin/users" "Mozilla/5.0 (Macintosh; Intel Mac OS X 10_12_6) AppleWebKit/537.36 (KHTML, like Gecko) Chrome/72.0.3626.109 Safari/537.36"
2019-02-25 13:04:39.006 - info: ::1 - - [25/Feb/2019:06:04:39 +0000] "OPTIONS /api/warehouses HTTP/1.1" 204 0 "http://localhost:3001/admin/users" "Mozilla/5.0 (Macintosh; Intel Mac OS X 10_12_6) AppleWebKit/537.36 (KHTML, like Gecko) Chrome/72.0.3626.109 Safari/537.36"
2019-02-25 13:04:39.007 - info: ::1 - - [25/Feb/2019:06:04:39 +0000] "OPTIONS /api/users?filter={%22populate%22:%22warehouseId%22} HTTP/1.1" 204 0 "http://localhost:3001/admin/users" "Mozilla/5.0 (Macintosh; Intel Mac OS X 10_12_6) AppleWebKit/537.36 (KHTML, like Gecko) Chrome/72.0.3626.109 Safari/537.36"
2019-02-25 13:04:39.008 - info: ::1 - - [25/Feb/2019:06:04:39 +0000] "OPTIONS /api/warehouses HTTP/1.1" 204 0 "http://localhost:3001/admin/users" "Mozilla/5.0 (Macintosh; Intel Mac OS X 10_12_6) AppleWebKit/537.36 (KHTML, like Gecko) Chrome/72.0.3626.109 Safari/537.36"
2019-02-25 13:04:39.025 - info: ::1 - - [25/Feb/2019:06:04:39 +0000] "GET /api/warehouses HTTP/1.1" 304 - "http://localhost:3001/admin/users" "Mozilla/5.0 (Macintosh; Intel Mac OS X 10_12_6) AppleWebKit/537.36 (KHTML, like Gecko) Chrome/72.0.3626.109 Safari/537.36"
2019-02-25 13:04:39.035 - info: ::1 - - [25/Feb/2019:06:04:39 +0000] "GET /api/users?filter={%22populate%22:%22warehouseId%22} HTTP/1.1" 304 - "http://localhost:3001/admin/users" "Mozilla/5.0 (Macintosh; Intel Mac OS X 10_12_6) AppleWebKit/537.36 (KHTML, like Gecko) Chrome/72.0.3626.109 Safari/537.36"
2019-02-25 13:04:39.040 - info: ::1 - - [25/Feb/2019:06:04:39 +0000] "GET /api/warehouses HTTP/1.1" 304 - "http://localhost:3001/admin/users" "Mozilla/5.0 (Macintosh; Intel Mac OS X 10_12_6) AppleWebKit/537.36 (KHTML, like Gecko) Chrome/72.0.3626.109 Safari/537.36"
2019-02-25 13:05:09.938 - info: ::1 - - [25/Feb/2019:06:05:09 +0000] "OPTIONS /api/users HTTP/1.1" 204 0 "http://localhost:3001/admin/users" "Mozilla/5.0 (Macintosh; Intel Mac OS X 10_12_6) AppleWebKit/537.36 (KHTML, like Gecko) Chrome/72.0.3626.109 Safari/537.36"
2019-02-25 13:05:09.964 - error:  UnprocessableEntity: ValidationError: role: `repair` is not a valid enum value for path `role`.
    at create (/Users/sonld/warehouse/kho-api/src/controllers/user.controller.js:60:21)
    at process._tickCallback (internal/process/next_tick.js:68:7)
2019-02-25 13:05:09.965 - info: ::1 - - [25/Feb/2019:06:05:09 +0000] "POST /api/users HTTP/1.1" 422 523 "http://localhost:3001/admin/users" "Mozilla/5.0 (Macintosh; Intel Mac OS X 10_12_6) AppleWebKit/537.36 (KHTML, like Gecko) Chrome/72.0.3626.109 Safari/537.36"
2019-02-25 13:05:10.000 - info: ::1 - - [25/Feb/2019:06:05:10 +0000] "OPTIONS /api/users?filter={%22populate%22:%22warehouseId%22} HTTP/1.1" 204 0 "http://localhost:3001/admin/users" "Mozilla/5.0 (Macintosh; Intel Mac OS X 10_12_6) AppleWebKit/537.36 (KHTML, like Gecko) Chrome/72.0.3626.109 Safari/537.36"
2019-02-25 13:05:10.014 - info: ::1 - - [25/Feb/2019:06:05:10 +0000] "GET /api/users?filter={%22populate%22:%22warehouseId%22} HTTP/1.1" 304 - "http://localhost:3001/admin/users" "Mozilla/5.0 (Macintosh; Intel Mac OS X 10_12_6) AppleWebKit/537.36 (KHTML, like Gecko) Chrome/72.0.3626.109 Safari/537.36"
2019-02-25 13:05:14.859 - info: ::1 - - [25/Feb/2019:06:05:14 +0000] "OPTIONS /api/warehouses HTTP/1.1" 204 0 "http://localhost:3001/admin/users" "Mozilla/5.0 (Macintosh; Intel Mac OS X 10_12_6) AppleWebKit/537.36 (KHTML, like Gecko) Chrome/72.0.3626.109 Safari/537.36"
2019-02-25 13:05:14.860 - info: ::1 - - [25/Feb/2019:06:05:14 +0000] "OPTIONS /api/warehouses HTTP/1.1" 204 0 "http://localhost:3001/admin/users" "Mozilla/5.0 (Macintosh; Intel Mac OS X 10_12_6) AppleWebKit/537.36 (KHTML, like Gecko) Chrome/72.0.3626.109 Safari/537.36"
2019-02-25 13:05:14.900 - info: ::1 - - [25/Feb/2019:06:05:14 +0000] "GET /api/users?filter={%22populate%22:%22warehouseId%22} HTTP/1.1" 304 - "http://localhost:3001/admin/users" "Mozilla/5.0 (Macintosh; Intel Mac OS X 10_12_6) AppleWebKit/537.36 (KHTML, like Gecko) Chrome/72.0.3626.109 Safari/537.36"
2019-02-25 13:05:14.908 - info: ::1 - - [25/Feb/2019:06:05:14 +0000] "GET /api/warehouses HTTP/1.1" 304 - "http://localhost:3001/admin/users" "Mozilla/5.0 (Macintosh; Intel Mac OS X 10_12_6) AppleWebKit/537.36 (KHTML, like Gecko) Chrome/72.0.3626.109 Safari/537.36"
2019-02-25 13:05:14.917 - info: ::1 - - [25/Feb/2019:06:05:14 +0000] "GET /api/warehouses HTTP/1.1" 304 - "http://localhost:3001/admin/users" "Mozilla/5.0 (Macintosh; Intel Mac OS X 10_12_6) AppleWebKit/537.36 (KHTML, like Gecko) Chrome/72.0.3626.109 Safari/537.36"
2019-02-25 13:05:20.608 - info: ::ffff:127.0.0.1 - - [25/Feb/2019:06:05:20 +0000] "OPTIONS /api/auth/login/ HTTP/1.1" 204 0 "http://localhost:3001/user/login?redirect=http%3A%2F%2Flocalhost%3A3001%2Fadmin%2Fusers" "Mozilla/5.0 (Macintosh; Intel Mac OS X 10_12_6) AppleWebKit/537.36 (KHTML, like Gecko) Chrome/72.0.3626.109 Safari/537.36"
2019-02-25 13:05:20.627 - error:  BadRequest: Bad Request
    at authenticate (/Users/sonld/warehouse/kho-api/src/controllers/auth.controller.js:11:29)
    at allFailed (/Users/sonld/warehouse/kho-api/node_modules/passport/lib/middleware/authenticate.js:107:18)
    at attempt (/Users/sonld/warehouse/kho-api/node_modules/passport/lib/middleware/authenticate.js:180:28)
    at Strategy.strategy.fail (/Users/sonld/warehouse/kho-api/node_modules/passport/lib/middleware/authenticate.js:297:9)
    at verified (/Users/sonld/warehouse/kho-api/node_modules/passport-local/lib/strategy.js:82:30)
    at Strategy.next [as _verify] (/Users/sonld/warehouse/kho-api/src/auth.js:28:28)
2019-02-25 13:05:20.628 - info: ::ffff:127.0.0.1 - - [25/Feb/2019:06:05:20 +0000] "POST /api/auth/login/ HTTP/1.1" 400 53 "http://localhost:3001/user/login?redirect=http%3A%2F%2Flocalhost%3A3001%2Fadmin%2Fusers" "Mozilla/5.0 (Macintosh; Intel Mac OS X 10_12_6) AppleWebKit/537.36 (KHTML, like Gecko) Chrome/72.0.3626.109 Safari/537.36"
2019-02-25 13:05:40.370 - info: ::ffff:127.0.0.1 - - [25/Feb/2019:06:05:40 +0000] "OPTIONS /api/auth/login/ HTTP/1.1" 204 0 "http://localhost:3001/user/login?redirect=http%3A%2F%2Flocalhost%3A3001%2Fadmin%2Fusers" "Mozilla/5.0 (Macintosh; Intel Mac OS X 10_12_6) AppleWebKit/537.36 (KHTML, like Gecko) Chrome/72.0.3626.109 Safari/537.36"
2019-02-25 13:05:40.617 - info: ::ffff:127.0.0.1 - - [25/Feb/2019:06:05:40 +0000] "POST /api/auth/login/ HTTP/1.1" 200 190 "http://localhost:3001/user/login?redirect=http%3A%2F%2Flocalhost%3A3001%2Fadmin%2Fusers" "Mozilla/5.0 (Macintosh; Intel Mac OS X 10_12_6) AppleWebKit/537.36 (KHTML, like Gecko) Chrome/72.0.3626.109 Safari/537.36"
2019-02-25 13:06:00.546 - info: ::1 - - [25/Feb/2019:06:06:00 +0000] "OPTIONS /api/warehouses HTTP/1.1" 204 0 "http://localhost:3001/admin/users" "Mozilla/5.0 (Macintosh; Intel Mac OS X 10_12_6) AppleWebKit/537.36 (KHTML, like Gecko) Chrome/72.0.3626.109 Safari/537.36"
2019-02-25 13:06:00.547 - info: ::1 - - [25/Feb/2019:06:06:00 +0000] "OPTIONS /api/users?filter={%22populate%22:%22warehouseId%22} HTTP/1.1" 204 0 "http://localhost:3001/admin/users" "Mozilla/5.0 (Macintosh; Intel Mac OS X 10_12_6) AppleWebKit/537.36 (KHTML, like Gecko) Chrome/72.0.3626.109 Safari/537.36"
2019-02-25 13:06:00.547 - info: ::1 - - [25/Feb/2019:06:06:00 +0000] "OPTIONS /api/warehouses HTTP/1.1" 204 0 "http://localhost:3001/admin/users" "Mozilla/5.0 (Macintosh; Intel Mac OS X 10_12_6) AppleWebKit/537.36 (KHTML, like Gecko) Chrome/72.0.3626.109 Safari/537.36"
2019-02-25 13:06:00.565 - info: ::1 - - [25/Feb/2019:06:06:00 +0000] "GET /api/warehouses HTTP/1.1" 304 - "http://localhost:3001/admin/users" "Mozilla/5.0 (Macintosh; Intel Mac OS X 10_12_6) AppleWebKit/537.36 (KHTML, like Gecko) Chrome/72.0.3626.109 Safari/537.36"
2019-02-25 13:06:00.573 - info: ::1 - - [25/Feb/2019:06:06:00 +0000] "GET /api/users?filter={%22populate%22:%22warehouseId%22} HTTP/1.1" 304 - "http://localhost:3001/admin/users" "Mozilla/5.0 (Macintosh; Intel Mac OS X 10_12_6) AppleWebKit/537.36 (KHTML, like Gecko) Chrome/72.0.3626.109 Safari/537.36"
2019-02-25 13:06:00.576 - info: ::1 - - [25/Feb/2019:06:06:00 +0000] "GET /api/warehouses HTTP/1.1" 304 - "http://localhost:3001/admin/users" "Mozilla/5.0 (Macintosh; Intel Mac OS X 10_12_6) AppleWebKit/537.36 (KHTML, like Gecko) Chrome/72.0.3626.109 Safari/537.36"
2019-02-25 13:06:28.364 - info: ::1 - - [25/Feb/2019:06:06:28 +0000] "OPTIONS /api/purchase-orders?query={%22orderType%22:%22out%22}&sort={%22createdAt%22:-1} HTTP/1.1" 204 0 "http://localhost:3001/warehouse/export" "Mozilla/5.0 (Macintosh; Intel Mac OS X 10_12_6) AppleWebKit/537.36 (KHTML, like Gecko) Chrome/72.0.3626.109 Safari/537.36"
2019-02-25 13:06:28.391 - info: ::1 - - [25/Feb/2019:06:06:28 +0000] "GET /api/purchase-orders?query={%22orderType%22:%22out%22}&sort={%22createdAt%22:-1} HTTP/1.1" 304 - "http://localhost:3001/warehouse/export" "Mozilla/5.0 (Macintosh; Intel Mac OS X 10_12_6) AppleWebKit/537.36 (KHTML, like Gecko) Chrome/72.0.3626.109 Safari/537.36"
2019-02-25 13:06:46.523 - info: ::1 - - [25/Feb/2019:06:06:46 +0000] "OPTIONS /api/purchase-orders?query={%22orderType%22:%22out%22}&sort={%22createdAt%22:-1} HTTP/1.1" 204 0 "http://localhost:3001/warehouse/export" "Mozilla/5.0 (Macintosh; Intel Mac OS X 10_12_6) AppleWebKit/537.36 (KHTML, like Gecko) Chrome/72.0.3626.109 Safari/537.36"
2019-02-25 13:06:46.612 - info: ::1 - - [25/Feb/2019:06:06:46 +0000] "GET /api/purchase-orders?query={%22orderType%22:%22out%22}&sort={%22createdAt%22:-1} HTTP/1.1" 304 - "http://localhost:3001/warehouse/export" "Mozilla/5.0 (Macintosh; Intel Mac OS X 10_12_6) AppleWebKit/537.36 (KHTML, like Gecko) Chrome/72.0.3626.109 Safari/537.36"
2019-02-25 13:06:52.502 - info: ::1 - - [25/Feb/2019:06:06:52 +0000] "OPTIONS /api/purchase-orders?query={%22orderType%22:%22out%22}&sort={%22createdAt%22:-1} HTTP/1.1" 204 0 "http://localhost:3001/warehouse/import" "Mozilla/5.0 (Macintosh; Intel Mac OS X 10_12_6) AppleWebKit/537.36 (KHTML, like Gecko) Chrome/72.0.3626.109 Safari/537.36"
2019-02-25 13:06:52.529 - info: ::1 - - [25/Feb/2019:06:06:52 +0000] "GET /api/purchase-orders?query={%22orderType%22:%22out%22}&sort={%22createdAt%22:-1} HTTP/1.1" 304 - "http://localhost:3001/warehouse/import" "Mozilla/5.0 (Macintosh; Intel Mac OS X 10_12_6) AppleWebKit/537.36 (KHTML, like Gecko) Chrome/72.0.3626.109 Safari/537.36"
2019-02-25 13:07:00.471 - info: ::1 - - [25/Feb/2019:06:07:00 +0000] "OPTIONS /api/purchase-orders?query={%22orderType%22:%22out%22}&sort={%22createdAt%22:-1} HTTP/1.1" 204 0 "http://localhost:3001/warehouse/import" "Mozilla/5.0 (Macintosh; Intel Mac OS X 10_12_6) AppleWebKit/537.36 (KHTML, like Gecko) Chrome/72.0.3626.109 Safari/537.36"
2019-02-25 13:07:00.536 - info: ::1 - - [25/Feb/2019:06:07:00 +0000] "GET /api/purchase-orders?query={%22orderType%22:%22out%22}&sort={%22createdAt%22:-1} HTTP/1.1" 304 - "http://localhost:3001/warehouse/import" "Mozilla/5.0 (Macintosh; Intel Mac OS X 10_12_6) AppleWebKit/537.36 (KHTML, like Gecko) Chrome/72.0.3626.109 Safari/537.36"
2019-02-25 13:07:05.553 - info: ::1 - - [25/Feb/2019:06:07:05 +0000] "OPTIONS /api/warehouses HTTP/1.1" 204 0 "http://localhost:3001/products" "Mozilla/5.0 (Macintosh; Intel Mac OS X 10_12_6) AppleWebKit/537.36 (KHTML, like Gecko) Chrome/72.0.3626.109 Safari/537.36"
2019-02-25 13:07:05.554 - info: ::1 - - [25/Feb/2019:06:07:05 +0000] "OPTIONS /api/products?sort={%22createdAt%22:-1} HTTP/1.1" 204 0 "http://localhost:3001/products" "Mozilla/5.0 (Macintosh; Intel Mac OS X 10_12_6) AppleWebKit/537.36 (KHTML, like Gecko) Chrome/72.0.3626.109 Safari/537.36"
2019-02-25 13:07:05.555 - info: ::1 - - [25/Feb/2019:06:07:05 +0000] "OPTIONS /api/warehouses HTTP/1.1" 204 0 "http://localhost:3001/products" "Mozilla/5.0 (Macintosh; Intel Mac OS X 10_12_6) AppleWebKit/537.36 (KHTML, like Gecko) Chrome/72.0.3626.109 Safari/537.36"
2019-02-25 13:07:05.579 - info: ::1 - - [25/Feb/2019:06:07:05 +0000] "GET /api/products?sort={%22createdAt%22:-1} HTTP/1.1" 200 22 "http://localhost:3001/products" "Mozilla/5.0 (Macintosh; Intel Mac OS X 10_12_6) AppleWebKit/537.36 (KHTML, like Gecko) Chrome/72.0.3626.109 Safari/537.36"
2019-02-25 13:07:05.582 - info: ::1 - - [25/Feb/2019:06:07:05 +0000] "GET /api/warehouses HTTP/1.1" 304 - "http://localhost:3001/products" "Mozilla/5.0 (Macintosh; Intel Mac OS X 10_12_6) AppleWebKit/537.36 (KHTML, like Gecko) Chrome/72.0.3626.109 Safari/537.36"
2019-02-25 13:07:05.589 - info: ::1 - - [25/Feb/2019:06:07:05 +0000] "GET /api/warehouses HTTP/1.1" 304 - "http://localhost:3001/products" "Mozilla/5.0 (Macintosh; Intel Mac OS X 10_12_6) AppleWebKit/537.36 (KHTML, like Gecko) Chrome/72.0.3626.109 Safari/537.36"
2019-02-25 13:07:38.224 - info: ::1 - - [25/Feb/2019:06:07:38 +0000] "OPTIONS /api/products HTTP/1.1" 204 0 "http://localhost:3001/products" "Mozilla/5.0 (Macintosh; Intel Mac OS X 10_12_6) AppleWebKit/537.36 (KHTML, like Gecko) Chrome/72.0.3626.109 Safari/537.36"
2019-02-25 13:07:38.247 - info: ::1 - - [25/Feb/2019:06:07:38 +0000] "POST /api/products HTTP/1.1" 200 261 "http://localhost:3001/products" "Mozilla/5.0 (Macintosh; Intel Mac OS X 10_12_6) AppleWebKit/537.36 (KHTML, like Gecko) Chrome/72.0.3626.109 Safari/537.36"
2019-02-25 13:07:38.293 - info: ::1 - - [25/Feb/2019:06:07:38 +0000] "GET /api/products HTTP/1.1" 200 283 "http://localhost:3001/products" "Mozilla/5.0 (Macintosh; Intel Mac OS X 10_12_6) AppleWebKit/537.36 (KHTML, like Gecko) Chrome/72.0.3626.109 Safari/537.36"
2019-02-25 13:07:42.597 - info: ::1 - - [25/Feb/2019:06:07:42 +0000] "OPTIONS /api/product/5c73862a19bc4b72a9be40ab HTTP/1.1" 204 0 "http://localhost:3001/products" "Mozilla/5.0 (Macintosh; Intel Mac OS X 10_12_6) AppleWebKit/537.36 (KHTML, like Gecko) Chrome/72.0.3626.109 Safari/537.36"
2019-02-25 13:07:42.613 - error:  NotFound: The requested resource couldn't be found
    at app.use (/Users/sonld/warehouse/kho-api/src/app.js:52:17)
    at Layer.handle [as handle_request] (/Users/sonld/warehouse/kho-api/node_modules/express/lib/router/layer.js:95:5)
    at trim_prefix (/Users/sonld/warehouse/kho-api/node_modules/express/lib/router/index.js:317:13)
    at /Users/sonld/warehouse/kho-api/node_modules/express/lib/router/index.js:284:7
    at Function.process_params (/Users/sonld/warehouse/kho-api/node_modules/express/lib/router/index.js:335:12)
    at next (/Users/sonld/warehouse/kho-api/node_modules/express/lib/router/index.js:275:10)
    at /Users/sonld/warehouse/kho-api/node_modules/express/lib/router/index.js:635:15
    at next (/Users/sonld/warehouse/kho-api/node_modules/express/lib/router/index.js:260:14)
    at Function.handle (/Users/sonld/warehouse/kho-api/node_modules/express/lib/router/index.js:174:3)
    at router (/Users/sonld/warehouse/kho-api/node_modules/express/lib/router/index.js:47:12)
    at Layer.handle [as handle_request] (/Users/sonld/warehouse/kho-api/node_modules/express/lib/router/layer.js:95:5)
    at trim_prefix (/Users/sonld/warehouse/kho-api/node_modules/express/lib/router/index.js:317:13)
    at /Users/sonld/warehouse/kho-api/node_modules/express/lib/router/index.js:284:7
    at Function.process_params (/Users/sonld/warehouse/kho-api/node_modules/express/lib/router/index.js:335:12)
    at next (/Users/sonld/warehouse/kho-api/node_modules/express/lib/router/index.js:275:10)
    at initialize (/Users/sonld/warehouse/kho-api/node_modules/passport/lib/middleware/initialize.js:53:5)
2019-02-25 13:07:42.614 - info: ::1 - - [25/Feb/2019:06:07:42 +0000] "PATCH /api/product/5c73862a19bc4b72a9be40ab HTTP/1.1" 404 82 "http://localhost:3001/products" "Mozilla/5.0 (Macintosh; Intel Mac OS X 10_12_6) AppleWebKit/537.36 (KHTML, like Gecko) Chrome/72.0.3626.109 Safari/537.36"
2019-02-25 13:07:42.643 - info: ::1 - - [25/Feb/2019:06:07:42 +0000] "GET /api/products HTTP/1.1" 304 - "http://localhost:3001/products" "Mozilla/5.0 (Macintosh; Intel Mac OS X 10_12_6) AppleWebKit/537.36 (KHTML, like Gecko) Chrome/72.0.3626.109 Safari/537.36"
2019-02-25 13:07:48.460 - info: ::1 - - [25/Feb/2019:06:07:48 +0000] "OPTIONS /api/purchase-orders?query={%22orderType%22:%22out%22}&sort={%22createdAt%22:-1} HTTP/1.1" 204 0 "http://localhost:3001/warehouse/import" "Mozilla/5.0 (Macintosh; Intel Mac OS X 10_12_6) AppleWebKit/537.36 (KHTML, like Gecko) Chrome/72.0.3626.109 Safari/537.36"
2019-02-25 13:07:48.482 - info: ::1 - - [25/Feb/2019:06:07:48 +0000] "GET /api/purchase-orders?query={%22orderType%22:%22out%22}&sort={%22createdAt%22:-1} HTTP/1.1" 304 - "http://localhost:3001/warehouse/import" "Mozilla/5.0 (Macintosh; Intel Mac OS X 10_12_6) AppleWebKit/537.36 (KHTML, like Gecko) Chrome/72.0.3626.109 Safari/537.36"
2019-02-25 13:07:55.610 - info: ::1 - - [25/Feb/2019:06:07:55 +0000] "OPTIONS /api/purchase-orders?query={%22orderType%22:%22out%22}&sort={%22createdAt%22:-1} HTTP/1.1" 204 0 "http://localhost:3001/warehouse/export" "Mozilla/5.0 (Macintosh; Intel Mac OS X 10_12_6) AppleWebKit/537.36 (KHTML, like Gecko) Chrome/72.0.3626.109 Safari/537.36"
2019-02-25 13:07:55.641 - info: ::1 - - [25/Feb/2019:06:07:55 +0000] "GET /api/purchase-orders?query={%22orderType%22:%22out%22}&sort={%22createdAt%22:-1} HTTP/1.1" 304 - "http://localhost:3001/warehouse/export" "Mozilla/5.0 (Macintosh; Intel Mac OS X 10_12_6) AppleWebKit/537.36 (KHTML, like Gecko) Chrome/72.0.3626.109 Safari/537.36"
2019-02-25 13:07:58.303 - info: ::1 - - [25/Feb/2019:06:07:58 +0000] "OPTIONS /api/warehouses HTTP/1.1" 204 0 "http://localhost:3001/products" "Mozilla/5.0 (Macintosh; Intel Mac OS X 10_12_6) AppleWebKit/537.36 (KHTML, like Gecko) Chrome/72.0.3626.109 Safari/537.36"
2019-02-25 13:07:58.304 - info: ::1 - - [25/Feb/2019:06:07:58 +0000] "OPTIONS /api/products?sort={%22createdAt%22:-1} HTTP/1.1" 204 0 "http://localhost:3001/products" "Mozilla/5.0 (Macintosh; Intel Mac OS X 10_12_6) AppleWebKit/537.36 (KHTML, like Gecko) Chrome/72.0.3626.109 Safari/537.36"
2019-02-25 13:07:58.305 - info: ::1 - - [25/Feb/2019:06:07:58 +0000] "OPTIONS /api/warehouses HTTP/1.1" 204 0 "http://localhost:3001/products" "Mozilla/5.0 (Macintosh; Intel Mac OS X 10_12_6) AppleWebKit/537.36 (KHTML, like Gecko) Chrome/72.0.3626.109 Safari/537.36"
2019-02-25 13:07:58.328 - info: ::1 - - [25/Feb/2019:06:07:58 +0000] "GET /api/warehouses HTTP/1.1" 304 - "http://localhost:3001/products" "Mozilla/5.0 (Macintosh; Intel Mac OS X 10_12_6) AppleWebKit/537.36 (KHTML, like Gecko) Chrome/72.0.3626.109 Safari/537.36"
2019-02-25 13:07:58.330 - info: ::1 - - [25/Feb/2019:06:07:58 +0000] "GET /api/products?sort={%22createdAt%22:-1} HTTP/1.1" 200 283 "http://localhost:3001/products" "Mozilla/5.0 (Macintosh; Intel Mac OS X 10_12_6) AppleWebKit/537.36 (KHTML, like Gecko) Chrome/72.0.3626.109 Safari/537.36"
2019-02-25 13:07:58.337 - info: ::1 - - [25/Feb/2019:06:07:58 +0000] "GET /api/warehouses HTTP/1.1" 304 - "http://localhost:3001/products" "Mozilla/5.0 (Macintosh; Intel Mac OS X 10_12_6) AppleWebKit/537.36 (KHTML, like Gecko) Chrome/72.0.3626.109 Safari/537.36"
2019-02-25 13:08:08.684 - info: ::1 - - [25/Feb/2019:06:08:08 +0000] "OPTIONS /api/product/5c73862a19bc4b72a9be40ab HTTP/1.1" 204 0 "http://localhost:3001/products" "Mozilla/5.0 (Macintosh; Intel Mac OS X 10_12_6) AppleWebKit/537.36 (KHTML, like Gecko) Chrome/72.0.3626.109 Safari/537.36"
2019-02-25 13:08:08.695 - error:  NotFound: The requested resource couldn't be found
    at app.use (/Users/sonld/warehouse/kho-api/src/app.js:52:17)
    at Layer.handle [as handle_request] (/Users/sonld/warehouse/kho-api/node_modules/express/lib/router/layer.js:95:5)
    at trim_prefix (/Users/sonld/warehouse/kho-api/node_modules/express/lib/router/index.js:317:13)
    at /Users/sonld/warehouse/kho-api/node_modules/express/lib/router/index.js:284:7
    at Function.process_params (/Users/sonld/warehouse/kho-api/node_modules/express/lib/router/index.js:335:12)
    at next (/Users/sonld/warehouse/kho-api/node_modules/express/lib/router/index.js:275:10)
    at /Users/sonld/warehouse/kho-api/node_modules/express/lib/router/index.js:635:15
    at next (/Users/sonld/warehouse/kho-api/node_modules/express/lib/router/index.js:260:14)
    at Function.handle (/Users/sonld/warehouse/kho-api/node_modules/express/lib/router/index.js:174:3)
    at router (/Users/sonld/warehouse/kho-api/node_modules/express/lib/router/index.js:47:12)
    at Layer.handle [as handle_request] (/Users/sonld/warehouse/kho-api/node_modules/express/lib/router/layer.js:95:5)
    at trim_prefix (/Users/sonld/warehouse/kho-api/node_modules/express/lib/router/index.js:317:13)
    at /Users/sonld/warehouse/kho-api/node_modules/express/lib/router/index.js:284:7
    at Function.process_params (/Users/sonld/warehouse/kho-api/node_modules/express/lib/router/index.js:335:12)
    at next (/Users/sonld/warehouse/kho-api/node_modules/express/lib/router/index.js:275:10)
    at initialize (/Users/sonld/warehouse/kho-api/node_modules/passport/lib/middleware/initialize.js:53:5)
2019-02-25 13:08:08.696 - info: ::1 - - [25/Feb/2019:06:08:08 +0000] "PATCH /api/product/5c73862a19bc4b72a9be40ab HTTP/1.1" 404 82 "http://localhost:3001/products" "Mozilla/5.0 (Macintosh; Intel Mac OS X 10_12_6) AppleWebKit/537.36 (KHTML, like Gecko) Chrome/72.0.3626.109 Safari/537.36"
2019-02-25 13:08:08.721 - info: ::1 - - [25/Feb/2019:06:08:08 +0000] "OPTIONS /api/products HTTP/1.1" 204 0 "http://localhost:3001/products" "Mozilla/5.0 (Macintosh; Intel Mac OS X 10_12_6) AppleWebKit/537.36 (KHTML, like Gecko) Chrome/72.0.3626.109 Safari/537.36"
2019-02-25 13:08:08.730 - info: ::1 - - [25/Feb/2019:06:08:08 +0000] "GET /api/products HTTP/1.1" 304 - "http://localhost:3001/products" "Mozilla/5.0 (Macintosh; Intel Mac OS X 10_12_6) AppleWebKit/537.36 (KHTML, like Gecko) Chrome/72.0.3626.109 Safari/537.36"
2019-02-25 13:08:11.334 - info: ::1 - - [25/Feb/2019:06:08:11 +0000] "OPTIONS /api/products/5c73862a19bc4b72a9be40ab HTTP/1.1" 204 0 "http://localhost:3001/products" "Mozilla/5.0 (Macintosh; Intel Mac OS X 10_12_6) AppleWebKit/537.36 (KHTML, like Gecko) Chrome/72.0.3626.109 Safari/537.36"
2019-02-25 13:08:11.345 - info: ::1 - - [25/Feb/2019:06:08:11 +0000] "DELETE /api/products/5c73862a19bc4b72a9be40ab HTTP/1.1" 204 - "http://localhost:3001/products" "Mozilla/5.0 (Macintosh; Intel Mac OS X 10_12_6) AppleWebKit/537.36 (KHTML, like Gecko) Chrome/72.0.3626.109 Safari/537.36"
2019-02-25 13:08:11.350 - info: ::1 - - [25/Feb/2019:06:08:11 +0000] "GET /api/products HTTP/1.1" 200 22 "http://localhost:3001/products" "Mozilla/5.0 (Macintosh; Intel Mac OS X 10_12_6) AppleWebKit/537.36 (KHTML, like Gecko) Chrome/72.0.3626.109 Safari/537.36"
2019-02-25 13:08:13.749 - info: ::1 - - [25/Feb/2019:06:08:13 +0000] "OPTIONS /api/warehouses HTTP/1.1" 204 0 "http://localhost:3001/admin/warehouses" "Mozilla/5.0 (Macintosh; Intel Mac OS X 10_12_6) AppleWebKit/537.36 (KHTML, like Gecko) Chrome/72.0.3626.109 Safari/537.36"
2019-02-25 13:08:13.770 - info: ::1 - - [25/Feb/2019:06:08:13 +0000] "GET /api/warehouses HTTP/1.1" 304 - "http://localhost:3001/admin/warehouses" "Mozilla/5.0 (Macintosh; Intel Mac OS X 10_12_6) AppleWebKit/537.36 (KHTML, like Gecko) Chrome/72.0.3626.109 Safari/537.36"
2019-02-25 13:08:15.137 - info: ::1 - - [25/Feb/2019:06:08:15 +0000] "OPTIONS /api/purchase-orders?query={%22orderType%22:%22out%22}&sort={%22createdAt%22:-1} HTTP/1.1" 204 0 "http://localhost:3001/warehouse/export" "Mozilla/5.0 (Macintosh; Intel Mac OS X 10_12_6) AppleWebKit/537.36 (KHTML, like Gecko) Chrome/72.0.3626.109 Safari/537.36"
2019-02-25 13:08:15.164 - info: ::1 - - [25/Feb/2019:06:08:15 +0000] "GET /api/purchase-orders?query={%22orderType%22:%22out%22}&sort={%22createdAt%22:-1} HTTP/1.1" 304 - "http://localhost:3001/warehouse/export" "Mozilla/5.0 (Macintosh; Intel Mac OS X 10_12_6) AppleWebKit/537.36 (KHTML, like Gecko) Chrome/72.0.3626.109 Safari/537.36"
2019-02-25 13:08:17.382 - info: ::1 - - [25/Feb/2019:06:08:17 +0000] "GET /api/purchase-orders?query={%22orderType%22:%22out%22}&sort={%22createdAt%22:-1} HTTP/1.1" 304 - "http://localhost:3001/warehouse/import" "Mozilla/5.0 (Macintosh; Intel Mac OS X 10_12_6) AppleWebKit/537.36 (KHTML, like Gecko) Chrome/72.0.3626.109 Safari/537.36"
2019-02-25 13:08:21.211 - info: ::1 - - [25/Feb/2019:06:08:21 +0000] "OPTIONS /api/purchase-orders?query={%22orderType%22:%22out%22}&sort={%22createdAt%22:-1} HTTP/1.1" 204 0 "http://localhost:3001/warehouse/export" "Mozilla/5.0 (Macintosh; Intel Mac OS X 10_12_6) AppleWebKit/537.36 (KHTML, like Gecko) Chrome/72.0.3626.109 Safari/537.36"
2019-02-25 13:08:21.241 - info: ::1 - - [25/Feb/2019:06:08:21 +0000] "GET /api/purchase-orders?query={%22orderType%22:%22out%22}&sort={%22createdAt%22:-1} HTTP/1.1" 304 - "http://localhost:3001/warehouse/export" "Mozilla/5.0 (Macintosh; Intel Mac OS X 10_12_6) AppleWebKit/537.36 (KHTML, like Gecko) Chrome/72.0.3626.109 Safari/537.36"
2019-02-25 13:08:35.090 - info: ::1 - - [25/Feb/2019:06:08:35 +0000] "OPTIONS /api/purchase-orders?query={%22orderType%22:%22out%22}&sort={%22createdAt%22:-1} HTTP/1.1" 204 0 "http://localhost:3001/warehouse/import" "Mozilla/5.0 (Macintosh; Intel Mac OS X 10_12_6) AppleWebKit/537.36 (KHTML, like Gecko) Chrome/72.0.3626.109 Safari/537.36"
2019-02-25 13:08:35.137 - info: ::1 - - [25/Feb/2019:06:08:35 +0000] "GET /api/purchase-orders?query={%22orderType%22:%22out%22}&sort={%22createdAt%22:-1} HTTP/1.1" 304 - "http://localhost:3001/warehouse/import" "Mozilla/5.0 (Macintosh; Intel Mac OS X 10_12_6) AppleWebKit/537.36 (KHTML, like Gecko) Chrome/72.0.3626.109 Safari/537.36"
2019-02-25 13:09:02.457 - info: ::1 - - [25/Feb/2019:06:09:02 +0000] "OPTIONS /api/purchase-orders?query={%22orderType%22:%22out%22}&sort={%22createdAt%22:-1} HTTP/1.1" 204 0 "http://localhost:3001/warehouse/export" "Mozilla/5.0 (Macintosh; Intel Mac OS X 10_12_6) AppleWebKit/537.36 (KHTML, like Gecko) Chrome/72.0.3626.109 Safari/537.36"
2019-02-25 13:09:02.482 - info: ::1 - - [25/Feb/2019:06:09:02 +0000] "GET /api/purchase-orders?query={%22orderType%22:%22out%22}&sort={%22createdAt%22:-1} HTTP/1.1" 304 - "http://localhost:3001/warehouse/export" "Mozilla/5.0 (Macintosh; Intel Mac OS X 10_12_6) AppleWebKit/537.36 (KHTML, like Gecko) Chrome/72.0.3626.109 Safari/537.36"
2019-02-25 13:09:10.874 - info: ::1 - - [25/Feb/2019:06:09:10 +0000] "OPTIONS /api/purchase-orders?query={%22orderType%22:%22out%22}&sort={%22createdAt%22:-1} HTTP/1.1" 204 0 "http://localhost:3001/warehouse/import" "Mozilla/5.0 (Macintosh; Intel Mac OS X 10_12_6) AppleWebKit/537.36 (KHTML, like Gecko) Chrome/72.0.3626.109 Safari/537.36"
2019-02-25 13:09:10.903 - info: ::1 - - [25/Feb/2019:06:09:10 +0000] "GET /api/purchase-orders?query={%22orderType%22:%22out%22}&sort={%22createdAt%22:-1} HTTP/1.1" 304 - "http://localhost:3001/warehouse/import" "Mozilla/5.0 (Macintosh; Intel Mac OS X 10_12_6) AppleWebKit/537.36 (KHTML, like Gecko) Chrome/72.0.3626.109 Safari/537.36"
2019-02-25 13:09:11.666 - info: ::1 - - [25/Feb/2019:06:09:11 +0000] "GET /api/purchase-orders?query={%22orderType%22:%22out%22}&sort={%22createdAt%22:-1} HTTP/1.1" 304 - "http://localhost:3001/warehouse/export" "Mozilla/5.0 (Macintosh; Intel Mac OS X 10_12_6) AppleWebKit/537.36 (KHTML, like Gecko) Chrome/72.0.3626.109 Safari/537.36"
2019-02-25 13:09:18.345 - info: ::1 - - [25/Feb/2019:06:09:18 +0000] "OPTIONS /api/warehouses HTTP/1.1" 204 0 "http://localhost:3001/admin/users" "Mozilla/5.0 (Macintosh; Intel Mac OS X 10_12_6) AppleWebKit/537.36 (KHTML, like Gecko) Chrome/72.0.3626.109 Safari/537.36"
2019-02-25 13:09:18.346 - info: ::1 - - [25/Feb/2019:06:09:18 +0000] "OPTIONS /api/users?filter={%22populate%22:%22warehouseId%22} HTTP/1.1" 204 0 "http://localhost:3001/admin/users" "Mozilla/5.0 (Macintosh; Intel Mac OS X 10_12_6) AppleWebKit/537.36 (KHTML, like Gecko) Chrome/72.0.3626.109 Safari/537.36"
2019-02-25 13:09:18.347 - info: ::1 - - [25/Feb/2019:06:09:18 +0000] "OPTIONS /api/warehouses HTTP/1.1" 204 0 "http://localhost:3001/admin/users" "Mozilla/5.0 (Macintosh; Intel Mac OS X 10_12_6) AppleWebKit/537.36 (KHTML, like Gecko) Chrome/72.0.3626.109 Safari/537.36"
2019-02-25 13:09:18.368 - info: ::1 - - [25/Feb/2019:06:09:18 +0000] "GET /api/warehouses HTTP/1.1" 304 - "http://localhost:3001/admin/users" "Mozilla/5.0 (Macintosh; Intel Mac OS X 10_12_6) AppleWebKit/537.36 (KHTML, like Gecko) Chrome/72.0.3626.109 Safari/537.36"
2019-02-25 13:09:18.381 - info: ::1 - - [25/Feb/2019:06:09:18 +0000] "GET /api/users?filter={%22populate%22:%22warehouseId%22} HTTP/1.1" 304 - "http://localhost:3001/admin/users" "Mozilla/5.0 (Macintosh; Intel Mac OS X 10_12_6) AppleWebKit/537.36 (KHTML, like Gecko) Chrome/72.0.3626.109 Safari/537.36"
2019-02-25 13:09:18.384 - info: ::1 - - [25/Feb/2019:06:09:18 +0000] "GET /api/warehouses HTTP/1.1" 304 - "http://localhost:3001/admin/users" "Mozilla/5.0 (Macintosh; Intel Mac OS X 10_12_6) AppleWebKit/537.36 (KHTML, like Gecko) Chrome/72.0.3626.109 Safari/537.36"
2019-02-25 13:09:19.700 - info: ::1 - - [25/Feb/2019:06:09:19 +0000] "GET /api/warehouses HTTP/1.1" 304 - "http://localhost:3001/admin/warehouses" "Mozilla/5.0 (Macintosh; Intel Mac OS X 10_12_6) AppleWebKit/537.36 (KHTML, like Gecko) Chrome/72.0.3626.109 Safari/537.36"
2019-02-25 13:09:20.582 - info: ::1 - - [25/Feb/2019:06:09:20 +0000] "GET /api/warehouses HTTP/1.1" 304 - "http://localhost:3001/admin/users" "Mozilla/5.0 (Macintosh; Intel Mac OS X 10_12_6) AppleWebKit/537.36 (KHTML, like Gecko) Chrome/72.0.3626.109 Safari/537.36"
2019-02-25 13:09:20.587 - info: ::1 - - [25/Feb/2019:06:09:20 +0000] "GET /api/users?filter={%22populate%22:%22warehouseId%22} HTTP/1.1" 304 - "http://localhost:3001/admin/users" "Mozilla/5.0 (Macintosh; Intel Mac OS X 10_12_6) AppleWebKit/537.36 (KHTML, like Gecko) Chrome/72.0.3626.109 Safari/537.36"
2019-02-25 13:09:20.600 - info: ::1 - - [25/Feb/2019:06:09:20 +0000] "GET /api/warehouses HTTP/1.1" 304 - "http://localhost:3001/admin/users" "Mozilla/5.0 (Macintosh; Intel Mac OS X 10_12_6) AppleWebKit/537.36 (KHTML, like Gecko) Chrome/72.0.3626.109 Safari/537.36"
2019-02-25 13:09:26.398 - info: ::1 - - [25/Feb/2019:06:09:26 +0000] "OPTIONS /api/warehouses HTTP/1.1" 204 0 "http://localhost:3001/admin/warehouses" "Mozilla/5.0 (Macintosh; Intel Mac OS X 10_12_6) AppleWebKit/537.36 (KHTML, like Gecko) Chrome/72.0.3626.109 Safari/537.36"
2019-02-25 13:09:26.415 - info: ::1 - - [25/Feb/2019:06:09:26 +0000] "GET /api/warehouses HTTP/1.1" 304 - "http://localhost:3001/admin/warehouses" "Mozilla/5.0 (Macintosh; Intel Mac OS X 10_12_6) AppleWebKit/537.36 (KHTML, like Gecko) Chrome/72.0.3626.109 Safari/537.36"
2019-02-25 13:09:29.057 - info: ::1 - - [25/Feb/2019:06:09:29 +0000] "OPTIONS /api/purchase-orders?query={%22orderType%22:%22out%22}&sort={%22createdAt%22:-1} HTTP/1.1" 204 0 "http://localhost:3001/admin/duyet" "Mozilla/5.0 (Macintosh; Intel Mac OS X 10_12_6) AppleWebKit/537.36 (KHTML, like Gecko) Chrome/72.0.3626.109 Safari/537.36"
2019-02-25 13:09:29.092 - info: ::1 - - [25/Feb/2019:06:09:29 +0000] "GET /api/purchase-orders?query={%22orderType%22:%22out%22}&sort={%22createdAt%22:-1} HTTP/1.1" 304 - "http://localhost:3001/admin/duyet" "Mozilla/5.0 (Macintosh; Intel Mac OS X 10_12_6) AppleWebKit/537.36 (KHTML, like Gecko) Chrome/72.0.3626.109 Safari/537.36"
2019-02-25 13:09:34.310 - info: ::1 - - [25/Feb/2019:06:09:34 +0000] "OPTIONS /api/purchase-orders/5c70b37ec3315b04d4c5a384 HTTP/1.1" 204 0 "http://localhost:3001/warehouse/duyet/5c70b37ec3315b04d4c5a384" "Mozilla/5.0 (Macintosh; Intel Mac OS X 10_12_6) AppleWebKit/537.36 (KHTML, like Gecko) Chrome/72.0.3626.109 Safari/537.36"
2019-02-25 13:09:34.335 - info: ::1 - - [25/Feb/2019:06:09:34 +0000] "GET /api/purchase-orders/5c70b37ec3315b04d4c5a384 HTTP/1.1" 200 653 "http://localhost:3001/warehouse/duyet/5c70b37ec3315b04d4c5a384" "Mozilla/5.0 (Macintosh; Intel Mac OS X 10_12_6) AppleWebKit/537.36 (KHTML, like Gecko) Chrome/72.0.3626.109 Safari/537.36"
2019-02-25 13:09:34.371 - info: ::1 - - [25/Feb/2019:06:09:34 +0000] "OPTIONS /api/users/5c6f0070fbacf8cc26108856 HTTP/1.1" 204 0 "http://localhost:3001/warehouse/duyet/5c70b37ec3315b04d4c5a384" "Mozilla/5.0 (Macintosh; Intel Mac OS X 10_12_6) AppleWebKit/537.36 (KHTML, like Gecko) Chrome/72.0.3626.109 Safari/537.36"
2019-02-25 13:09:34.400 - info: ::1 - - [25/Feb/2019:06:09:34 +0000] "GET /api/users/5c6f0070fbacf8cc26108856 HTTP/1.1" 200 234 "http://localhost:3001/warehouse/duyet/5c70b37ec3315b04d4c5a384" "Mozilla/5.0 (Macintosh; Intel Mac OS X 10_12_6) AppleWebKit/537.36 (KHTML, like Gecko) Chrome/72.0.3626.109 Safari/537.36"
2019-02-25 13:10:16.989 - info: ::1 - - [25/Feb/2019:06:10:16 +0000] "OPTIONS /api/purchase-orders?query={%22orderType%22:%22out%22}&sort={%22createdAt%22:-1} HTTP/1.1" 204 0 "http://localhost:3001/admin/duyet" "Mozilla/5.0 (Macintosh; Intel Mac OS X 10_12_6) AppleWebKit/537.36 (KHTML, like Gecko) Chrome/72.0.3626.109 Safari/537.36"
2019-02-25 13:10:17.013 - info: ::1 - - [25/Feb/2019:06:10:17 +0000] "GET /api/purchase-orders?query={%22orderType%22:%22out%22}&sort={%22createdAt%22:-1} HTTP/1.1" 304 - "http://localhost:3001/admin/duyet" "Mozilla/5.0 (Macintosh; Intel Mac OS X 10_12_6) AppleWebKit/537.36 (KHTML, like Gecko) Chrome/72.0.3626.109 Safari/537.36"
2019-02-25 13:10:26.879 - info: ::1 - - [25/Feb/2019:06:10:26 +0000] "OPTIONS /api/purchase-orders/5c19f5d50a94fb0bbeb8dc73 HTTP/1.1" 204 0 "http://localhost:3001/warehouse/duyet/5c19f5d50a94fb0bbeb8dc73" "Mozilla/5.0 (Macintosh; Intel Mac OS X 10_12_6) AppleWebKit/537.36 (KHTML, like Gecko) Chrome/72.0.3626.109 Safari/537.36"
2019-02-25 13:10:26.917 - info: ::1 - - [25/Feb/2019:06:10:26 +0000] "GET /api/purchase-orders/5c19f5d50a94fb0bbeb8dc73 HTTP/1.1" 200 1353 "http://localhost:3001/warehouse/duyet/5c19f5d50a94fb0bbeb8dc73" "Mozilla/5.0 (Macintosh; Intel Mac OS X 10_12_6) AppleWebKit/537.36 (KHTML, like Gecko) Chrome/72.0.3626.109 Safari/537.36"
2019-02-25 13:10:39.743 - info: ::1 - - [25/Feb/2019:06:10:39 +0000] "OPTIONS /api/purchase-orders?query={%22orderType%22:%22out%22}&sort={%22createdAt%22:-1} HTTP/1.1" 204 0 "http://localhost:3001/admin/duyet" "Mozilla/5.0 (Macintosh; Intel Mac OS X 10_12_6) AppleWebKit/537.36 (KHTML, like Gecko) Chrome/72.0.3626.109 Safari/537.36"
2019-02-25 13:10:39.768 - info: ::1 - - [25/Feb/2019:06:10:39 +0000] "GET /api/purchase-orders?query={%22orderType%22:%22out%22}&sort={%22createdAt%22:-1} HTTP/1.1" 304 - "http://localhost:3001/admin/duyet" "Mozilla/5.0 (Macintosh; Intel Mac OS X 10_12_6) AppleWebKit/537.36 (KHTML, like Gecko) Chrome/72.0.3626.109 Safari/537.36"
2019-02-25 13:10:42.464 - info: ::1 - - [25/Feb/2019:06:10:42 +0000] "OPTIONS /api/purchase-orders/5c19f5d50a94fb0bbeb8dc73 HTTP/1.1" 204 0 "http://localhost:3001/warehouse/duyet/5c19f5d50a94fb0bbeb8dc73" "Mozilla/5.0 (Macintosh; Intel Mac OS X 10_12_6) AppleWebKit/537.36 (KHTML, like Gecko) Chrome/72.0.3626.109 Safari/537.36"
2019-02-25 13:10:42.489 - info: ::1 - - [25/Feb/2019:06:10:42 +0000] "GET /api/purchase-orders/5c19f5d50a94fb0bbeb8dc73 HTTP/1.1" 304 - "http://localhost:3001/warehouse/duyet/5c19f5d50a94fb0bbeb8dc73" "Mozilla/5.0 (Macintosh; Intel Mac OS X 10_12_6) AppleWebKit/537.36 (KHTML, like Gecko) Chrome/72.0.3626.109 Safari/537.36"
2019-02-25 13:10:55.704 - info: ::1 - - [25/Feb/2019:06:10:55 +0000] "OPTIONS /api/purchase-orders?query={%22orderType%22:%22out%22}&sort={%22createdAt%22:-1} HTTP/1.1" 204 0 "http://localhost:3001/admin/duyet" "Mozilla/5.0 (Macintosh; Intel Mac OS X 10_12_6) AppleWebKit/537.36 (KHTML, like Gecko) Chrome/72.0.3626.109 Safari/537.36"
2019-02-25 13:10:55.728 - info: ::1 - - [25/Feb/2019:06:10:55 +0000] "GET /api/purchase-orders?query={%22orderType%22:%22out%22}&sort={%22createdAt%22:-1} HTTP/1.1" 304 - "http://localhost:3001/admin/duyet" "Mozilla/5.0 (Macintosh; Intel Mac OS X 10_12_6) AppleWebKit/537.36 (KHTML, like Gecko) Chrome/72.0.3626.109 Safari/537.36"
2019-02-25 13:10:58.165 - info: ::1 - - [25/Feb/2019:06:10:58 +0000] "OPTIONS /api/purchase-orders/5c6f00fcfbacf8cc26108857 HTTP/1.1" 204 0 "http://localhost:3001/warehouse/duyet/5c6f00fcfbacf8cc26108857" "Mozilla/5.0 (Macintosh; Intel Mac OS X 10_12_6) AppleWebKit/537.36 (KHTML, like Gecko) Chrome/72.0.3626.109 Safari/537.36"
2019-02-25 13:10:58.186 - info: ::1 - - [25/Feb/2019:06:10:58 +0000] "GET /api/purchase-orders/5c6f00fcfbacf8cc26108857 HTTP/1.1" 200 653 "http://localhost:3001/warehouse/duyet/5c6f00fcfbacf8cc26108857" "Mozilla/5.0 (Macintosh; Intel Mac OS X 10_12_6) AppleWebKit/537.36 (KHTML, like Gecko) Chrome/72.0.3626.109 Safari/537.36"
2019-02-25 13:10:58.226 - info: ::1 - - [25/Feb/2019:06:10:58 +0000] "OPTIONS /api/users/5c6f0070fbacf8cc26108856 HTTP/1.1" 204 0 "http://localhost:3001/warehouse/duyet/5c6f00fcfbacf8cc26108857" "Mozilla/5.0 (Macintosh; Intel Mac OS X 10_12_6) AppleWebKit/537.36 (KHTML, like Gecko) Chrome/72.0.3626.109 Safari/537.36"
2019-02-25 13:10:58.264 - info: ::1 - - [25/Feb/2019:06:10:58 +0000] "GET /api/users/5c6f0070fbacf8cc26108856 HTTP/1.1" 304 - "http://localhost:3001/warehouse/duyet/5c6f00fcfbacf8cc26108857" "Mozilla/5.0 (Macintosh; Intel Mac OS X 10_12_6) AppleWebKit/537.36 (KHTML, like Gecko) Chrome/72.0.3626.109 Safari/537.36"
2019-02-25 13:11:32.823 - info: ::1 - - [25/Feb/2019:06:11:32 +0000] "OPTIONS /api/warehouses HTTP/1.1" 204 0 "http://localhost:3001/admin/warehouses" "Mozilla/5.0 (Macintosh; Intel Mac OS X 10_12_6) AppleWebKit/537.36 (KHTML, like Gecko) Chrome/72.0.3626.109 Safari/537.36"
2019-02-25 13:11:32.839 - info: ::1 - - [25/Feb/2019:06:11:32 +0000] "GET /api/warehouses HTTP/1.1" 304 - "http://localhost:3001/admin/warehouses" "Mozilla/5.0 (Macintosh; Intel Mac OS X 10_12_6) AppleWebKit/537.36 (KHTML, like Gecko) Chrome/72.0.3626.109 Safari/537.36"
2019-02-25 13:12:24.092 - info: ::1 - - [25/Feb/2019:06:12:24 +0000] "OPTIONS /api/purchase-orders?query={%22orderType%22:%22out%22}&sort={%22createdAt%22:-1} HTTP/1.1" 204 0 "http://localhost:3001/warehouse/export" "Mozilla/5.0 (Macintosh; Intel Mac OS X 10_12_6) AppleWebKit/537.36 (KHTML, like Gecko) Chrome/72.0.3626.109 Safari/537.36"
2019-02-25 13:12:24.124 - info: ::1 - - [25/Feb/2019:06:12:24 +0000] "GET /api/purchase-orders?query={%22orderType%22:%22out%22}&sort={%22createdAt%22:-1} HTTP/1.1" 304 - "http://localhost:3001/warehouse/export" "Mozilla/5.0 (Macintosh; Intel Mac OS X 10_12_6) AppleWebKit/537.36 (KHTML, like Gecko) Chrome/72.0.3626.109 Safari/537.36"
2019-02-25 13:12:28.115 - info: ::1 - - [25/Feb/2019:06:12:28 +0000] "OPTIONS /api/warehouses HTTP/1.1" 204 0 "http://localhost:3001/admin/users" "Mozilla/5.0 (Macintosh; Intel Mac OS X 10_12_6) AppleWebKit/537.36 (KHTML, like Gecko) Chrome/72.0.3626.109 Safari/537.36"
2019-02-25 13:12:28.118 - info: ::1 - - [25/Feb/2019:06:12:28 +0000] "OPTIONS /api/users?filter={%22populate%22:%22warehouseId%22} HTTP/1.1" 204 0 "http://localhost:3001/admin/users" "Mozilla/5.0 (Macintosh; Intel Mac OS X 10_12_6) AppleWebKit/537.36 (KHTML, like Gecko) Chrome/72.0.3626.109 Safari/537.36"
2019-02-25 13:12:28.120 - info: ::1 - - [25/Feb/2019:06:12:28 +0000] "OPTIONS /api/warehouses HTTP/1.1" 204 0 "http://localhost:3001/admin/users" "Mozilla/5.0 (Macintosh; Intel Mac OS X 10_12_6) AppleWebKit/537.36 (KHTML, like Gecko) Chrome/72.0.3626.109 Safari/537.36"
2019-02-25 13:12:28.148 - info: ::1 - - [25/Feb/2019:06:12:28 +0000] "GET /api/warehouses HTTP/1.1" 304 - "http://localhost:3001/admin/users" "Mozilla/5.0 (Macintosh; Intel Mac OS X 10_12_6) AppleWebKit/537.36 (KHTML, like Gecko) Chrome/72.0.3626.109 Safari/537.36"
2019-02-25 13:12:28.153 - info: ::1 - - [25/Feb/2019:06:12:28 +0000] "GET /api/users?filter={%22populate%22:%22warehouseId%22} HTTP/1.1" 304 - "http://localhost:3001/admin/users" "Mozilla/5.0 (Macintosh; Intel Mac OS X 10_12_6) AppleWebKit/537.36 (KHTML, like Gecko) Chrome/72.0.3626.109 Safari/537.36"
2019-02-25 13:12:28.156 - info: ::1 - - [25/Feb/2019:06:12:28 +0000] "GET /api/warehouses HTTP/1.1" 304 - "http://localhost:3001/admin/users" "Mozilla/5.0 (Macintosh; Intel Mac OS X 10_12_6) AppleWebKit/537.36 (KHTML, like Gecko) Chrome/72.0.3626.109 Safari/537.36"
2019-02-25 13:13:34.858 - info: ::1 - - [25/Feb/2019:06:13:34 +0000] "OPTIONS /api/warehouses HTTP/1.1" 204 0 "http://localhost:3001/products" "Mozilla/5.0 (Macintosh; Intel Mac OS X 10_12_6) AppleWebKit/537.36 (KHTML, like Gecko) Chrome/72.0.3626.109 Safari/537.36"
2019-02-25 13:13:34.859 - info: ::1 - - [25/Feb/2019:06:13:34 +0000] "OPTIONS /api/products?sort={%22createdAt%22:-1} HTTP/1.1" 204 0 "http://localhost:3001/products" "Mozilla/5.0 (Macintosh; Intel Mac OS X 10_12_6) AppleWebKit/537.36 (KHTML, like Gecko) Chrome/72.0.3626.109 Safari/537.36"
2019-02-25 13:13:34.860 - info: ::1 - - [25/Feb/2019:06:13:34 +0000] "OPTIONS /api/warehouses HTTP/1.1" 204 0 "http://localhost:3001/products" "Mozilla/5.0 (Macintosh; Intel Mac OS X 10_12_6) AppleWebKit/537.36 (KHTML, like Gecko) Chrome/72.0.3626.109 Safari/537.36"
2019-02-25 13:13:34.890 - info: ::1 - - [25/Feb/2019:06:13:34 +0000] "GET /api/warehouses HTTP/1.1" 304 - "http://localhost:3001/products" "Mozilla/5.0 (Macintosh; Intel Mac OS X 10_12_6) AppleWebKit/537.36 (KHTML, like Gecko) Chrome/72.0.3626.109 Safari/537.36"
2019-02-25 13:13:34.891 - info: ::1 - - [25/Feb/2019:06:13:34 +0000] "GET /api/products?sort={%22createdAt%22:-1} HTTP/1.1" 200 22 "http://localhost:3001/products" "Mozilla/5.0 (Macintosh; Intel Mac OS X 10_12_6) AppleWebKit/537.36 (KHTML, like Gecko) Chrome/72.0.3626.109 Safari/537.36"
2019-02-25 13:13:34.903 - info: ::1 - - [25/Feb/2019:06:13:34 +0000] "GET /api/warehouses HTTP/1.1" 304 - "http://localhost:3001/products" "Mozilla/5.0 (Macintosh; Intel Mac OS X 10_12_6) AppleWebKit/537.36 (KHTML, like Gecko) Chrome/72.0.3626.109 Safari/537.36"
2019-02-25 13:15:03.035 - info: ::1 - - [25/Feb/2019:06:15:03 +0000] "OPTIONS /api/warehouses HTTP/1.1" 204 0 "http://localhost:3001/admin/warehouses" "Mozilla/5.0 (Macintosh; Intel Mac OS X 10_12_6) AppleWebKit/537.36 (KHTML, like Gecko) Chrome/72.0.3626.109 Safari/537.36"
2019-02-25 13:15:03.071 - info: ::1 - - [25/Feb/2019:06:15:03 +0000] "GET /api/warehouses HTTP/1.1" 304 - "http://localhost:3001/admin/warehouses" "Mozilla/5.0 (Macintosh; Intel Mac OS X 10_12_6) AppleWebKit/537.36 (KHTML, like Gecko) Chrome/72.0.3626.109 Safari/537.36"
2019-02-25 13:15:05.514 - info: ::1 - - [25/Feb/2019:06:15:05 +0000] "OPTIONS /api/users?filter={%22populate%22:%22warehouseId%22} HTTP/1.1" 204 0 "http://localhost:3001/admin/users" "Mozilla/5.0 (Macintosh; Intel Mac OS X 10_12_6) AppleWebKit/537.36 (KHTML, like Gecko) Chrome/72.0.3626.109 Safari/537.36"
2019-02-25 13:15:05.528 - info: ::1 - - [25/Feb/2019:06:15:05 +0000] "GET /api/warehouses HTTP/1.1" 304 - "http://localhost:3001/admin/users" "Mozilla/5.0 (Macintosh; Intel Mac OS X 10_12_6) AppleWebKit/537.36 (KHTML, like Gecko) Chrome/72.0.3626.109 Safari/537.36"
2019-02-25 13:15:05.571 - info: ::1 - - [25/Feb/2019:06:15:05 +0000] "GET /api/warehouses HTTP/1.1" 304 - "http://localhost:3001/admin/users" "Mozilla/5.0 (Macintosh; Intel Mac OS X 10_12_6) AppleWebKit/537.36 (KHTML, like Gecko) Chrome/72.0.3626.109 Safari/537.36"
2019-02-25 13:15:05.583 - info: ::1 - - [25/Feb/2019:06:15:05 +0000] "GET /api/users?filter={%22populate%22:%22warehouseId%22} HTTP/1.1" 304 - "http://localhost:3001/admin/users" "Mozilla/5.0 (Macintosh; Intel Mac OS X 10_12_6) AppleWebKit/537.36 (KHTML, like Gecko) Chrome/72.0.3626.109 Safari/537.36"
2019-02-25 13:15:12.296 - info: ::1 - - [25/Feb/2019:06:15:12 +0000] "OPTIONS /api/purchase-orders?query={%22orderType%22:%22out%22}&sort={%22createdAt%22:-1} HTTP/1.1" 204 0 "http://localhost:3001/warehouse/export" "Mozilla/5.0 (Macintosh; Intel Mac OS X 10_12_6) AppleWebKit/537.36 (KHTML, like Gecko) Chrome/72.0.3626.109 Safari/537.36"
2019-02-25 13:15:12.333 - info: ::1 - - [25/Feb/2019:06:15:12 +0000] "GET /api/purchase-orders?query={%22orderType%22:%22out%22}&sort={%22createdAt%22:-1} HTTP/1.1" 304 - "http://localhost:3001/warehouse/export" "Mozilla/5.0 (Macintosh; Intel Mac OS X 10_12_6) AppleWebKit/537.36 (KHTML, like Gecko) Chrome/72.0.3626.109 Safari/537.36"
2019-02-25 13:15:27.446 - info: ::1 - - [25/Feb/2019:06:15:27 +0000] "OPTIONS /api/warehouses HTTP/1.1" 204 0 "http://localhost:3001/products" "Mozilla/5.0 (Macintosh; Intel Mac OS X 10_12_6) AppleWebKit/537.36 (KHTML, like Gecko) Chrome/72.0.3626.109 Safari/537.36"
2019-02-25 13:15:27.446 - info: ::1 - - [25/Feb/2019:06:15:27 +0000] "OPTIONS /api/products?sort={%22createdAt%22:-1} HTTP/1.1" 204 0 "http://localhost:3001/products" "Mozilla/5.0 (Macintosh; Intel Mac OS X 10_12_6) AppleWebKit/537.36 (KHTML, like Gecko) Chrome/72.0.3626.109 Safari/537.36"
2019-02-25 13:15:27.447 - info: ::1 - - [25/Feb/2019:06:15:27 +0000] "OPTIONS /api/warehouses HTTP/1.1" 204 0 "http://localhost:3001/products" "Mozilla/5.0 (Macintosh; Intel Mac OS X 10_12_6) AppleWebKit/537.36 (KHTML, like Gecko) Chrome/72.0.3626.109 Safari/537.36"
2019-02-25 13:15:27.468 - info: ::1 - - [25/Feb/2019:06:15:27 +0000] "GET /api/warehouses HTTP/1.1" 304 - "http://localhost:3001/products" "Mozilla/5.0 (Macintosh; Intel Mac OS X 10_12_6) AppleWebKit/537.36 (KHTML, like Gecko) Chrome/72.0.3626.109 Safari/537.36"
2019-02-25 13:15:27.479 - info: ::1 - - [25/Feb/2019:06:15:27 +0000] "GET /api/products?sort={%22createdAt%22:-1} HTTP/1.1" 304 - "http://localhost:3001/products" "Mozilla/5.0 (Macintosh; Intel Mac OS X 10_12_6) AppleWebKit/537.36 (KHTML, like Gecko) Chrome/72.0.3626.109 Safari/537.36"
2019-02-25 13:15:27.489 - info: ::1 - - [25/Feb/2019:06:15:27 +0000] "GET /api/warehouses HTTP/1.1" 304 - "http://localhost:3001/products" "Mozilla/5.0 (Macintosh; Intel Mac OS X 10_12_6) AppleWebKit/537.36 (KHTML, like Gecko) Chrome/72.0.3626.109 Safari/537.36"
2019-02-25 13:16:14.646 - info: ::1 - - [25/Feb/2019:06:16:14 +0000] "OPTIONS /api/warehouses HTTP/1.1" 204 0 "http://localhost:3001/admin/warehouses" "Mozilla/5.0 (Macintosh; Intel Mac OS X 10_12_6) AppleWebKit/537.36 (KHTML, like Gecko) Chrome/72.0.3626.109 Safari/537.36"
2019-02-25 13:16:14.666 - info: ::1 - - [25/Feb/2019:06:16:14 +0000] "GET /api/warehouses HTTP/1.1" 304 - "http://localhost:3001/admin/warehouses" "Mozilla/5.0 (Macintosh; Intel Mac OS X 10_12_6) AppleWebKit/537.36 (KHTML, like Gecko) Chrome/72.0.3626.109 Safari/537.36"
2019-02-25 13:16:16.507 - info: ::1 - - [25/Feb/2019:06:16:16 +0000] "OPTIONS /api/users?filter={%22populate%22:%22warehouseId%22} HTTP/1.1" 204 0 "http://localhost:3001/admin/users" "Mozilla/5.0 (Macintosh; Intel Mac OS X 10_12_6) AppleWebKit/537.36 (KHTML, like Gecko) Chrome/72.0.3626.109 Safari/537.36"
2019-02-25 13:16:16.513 - info: ::1 - - [25/Feb/2019:06:16:16 +0000] "GET /api/warehouses HTTP/1.1" 304 - "http://localhost:3001/admin/users" "Mozilla/5.0 (Macintosh; Intel Mac OS X 10_12_6) AppleWebKit/537.36 (KHTML, like Gecko) Chrome/72.0.3626.109 Safari/537.36"
2019-02-25 13:16:16.531 - info: ::1 - - [25/Feb/2019:06:16:16 +0000] "GET /api/warehouses HTTP/1.1" 304 - "http://localhost:3001/admin/users" "Mozilla/5.0 (Macintosh; Intel Mac OS X 10_12_6) AppleWebKit/537.36 (KHTML, like Gecko) Chrome/72.0.3626.109 Safari/537.36"
2019-02-25 13:16:16.536 - info: ::1 - - [25/Feb/2019:06:16:16 +0000] "GET /api/users?filter={%22populate%22:%22warehouseId%22} HTTP/1.1" 304 - "http://localhost:3001/admin/users" "Mozilla/5.0 (Macintosh; Intel Mac OS X 10_12_6) AppleWebKit/537.36 (KHTML, like Gecko) Chrome/72.0.3626.109 Safari/537.36"
2019-02-25 13:16:24.266 - info: ::1 - - [25/Feb/2019:06:16:24 +0000] "OPTIONS /api/purchase-orders?query={%22orderType%22:%22out%22}&sort={%22createdAt%22:-1} HTTP/1.1" 204 0 "http://localhost:3001/warehouse/export" "Mozilla/5.0 (Macintosh; Intel Mac OS X 10_12_6) AppleWebKit/537.36 (KHTML, like Gecko) Chrome/72.0.3626.109 Safari/537.36"
2019-02-25 13:16:24.293 - info: ::1 - - [25/Feb/2019:06:16:24 +0000] "GET /api/purchase-orders?query={%22orderType%22:%22out%22}&sort={%22createdAt%22:-1} HTTP/1.1" 304 - "http://localhost:3001/warehouse/export" "Mozilla/5.0 (Macintosh; Intel Mac OS X 10_12_6) AppleWebKit/537.36 (KHTML, like Gecko) Chrome/72.0.3626.109 Safari/537.36"
2019-02-25 13:16:26.361 - info: ::1 - - [25/Feb/2019:06:16:26 +0000] "GET /api/purchase-orders?query={%22orderType%22:%22out%22}&sort={%22createdAt%22:-1} HTTP/1.1" 304 - "http://localhost:3001/warehouse/import" "Mozilla/5.0 (Macintosh; Intel Mac OS X 10_12_6) AppleWebKit/537.36 (KHTML, like Gecko) Chrome/72.0.3626.109 Safari/537.36"
2019-02-25 13:16:34.310 - info: ::1 - - [25/Feb/2019:06:16:34 +0000] "OPTIONS /api/purchase-orders?query={%22orderType%22:%22out%22}&sort={%22createdAt%22:-1} HTTP/1.1" 204 0 "http://localhost:3001/warehouse/export" "Mozilla/5.0 (Macintosh; Intel Mac OS X 10_12_6) AppleWebKit/537.36 (KHTML, like Gecko) Chrome/72.0.3626.109 Safari/537.36"
2019-02-25 13:16:34.336 - info: ::1 - - [25/Feb/2019:06:16:34 +0000] "GET /api/purchase-orders?query={%22orderType%22:%22out%22}&sort={%22createdAt%22:-1} HTTP/1.1" 304 - "http://localhost:3001/warehouse/export" "Mozilla/5.0 (Macintosh; Intel Mac OS X 10_12_6) AppleWebKit/537.36 (KHTML, like Gecko) Chrome/72.0.3626.109 Safari/537.36"
2019-02-25 13:16:35.301 - info: ::1 - - [25/Feb/2019:06:16:35 +0000] "GET /api/purchase-orders?query={%22orderType%22:%22out%22}&sort={%22createdAt%22:-1} HTTP/1.1" 304 - "http://localhost:3001/warehouse/import" "Mozilla/5.0 (Macintosh; Intel Mac OS X 10_12_6) AppleWebKit/537.36 (KHTML, like Gecko) Chrome/72.0.3626.109 Safari/537.36"
2019-02-25 13:16:36.247 - info: ::1 - - [25/Feb/2019:06:16:36 +0000] "GET /api/purchase-orders?query={%22orderType%22:%22out%22}&sort={%22createdAt%22:-1} HTTP/1.1" 304 - "http://localhost:3001/warehouse/export" "Mozilla/5.0 (Macintosh; Intel Mac OS X 10_12_6) AppleWebKit/537.36 (KHTML, like Gecko) Chrome/72.0.3626.109 Safari/537.36"
2019-02-25 13:16:37.781 - info: ::1 - - [25/Feb/2019:06:16:37 +0000] "GET /api/purchase-orders?query={%22orderType%22:%22out%22}&sort={%22createdAt%22:-1} HTTP/1.1" 304 - "http://localhost:3001/warehouse/import" "Mozilla/5.0 (Macintosh; Intel Mac OS X 10_12_6) AppleWebKit/537.36 (KHTML, like Gecko) Chrome/72.0.3626.109 Safari/537.36"
2019-02-25 13:16:47.234 - info: ::1 - - [25/Feb/2019:06:16:47 +0000] "OPTIONS /api/purchase-orders?query={%22orderType%22:%22out%22}&sort={%22createdAt%22:-1} HTTP/1.1" 204 0 "http://localhost:3001/admin/duyet" "Mozilla/5.0 (Macintosh; Intel Mac OS X 10_12_6) AppleWebKit/537.36 (KHTML, like Gecko) Chrome/72.0.3626.109 Safari/537.36"
2019-02-25 13:16:47.258 - info: ::1 - - [25/Feb/2019:06:16:47 +0000] "GET /api/purchase-orders?query={%22orderType%22:%22out%22}&sort={%22createdAt%22:-1} HTTP/1.1" 304 - "http://localhost:3001/admin/duyet" "Mozilla/5.0 (Macintosh; Intel Mac OS X 10_12_6) AppleWebKit/537.36 (KHTML, like Gecko) Chrome/72.0.3626.109 Safari/537.36"
2019-02-25 13:17:11.918 - info: ::1 - - [25/Feb/2019:06:17:11 +0000] "OPTIONS /api/warehouses HTTP/1.1" 204 0 "http://localhost:3001/admin/warehouses" "Mozilla/5.0 (Macintosh; Intel Mac OS X 10_12_6) AppleWebKit/537.36 (KHTML, like Gecko) Chrome/72.0.3626.109 Safari/537.36"
2019-02-25 13:17:11.936 - info: ::1 - - [25/Feb/2019:06:17:11 +0000] "GET /api/warehouses HTTP/1.1" 304 - "http://localhost:3001/admin/warehouses" "Mozilla/5.0 (Macintosh; Intel Mac OS X 10_12_6) AppleWebKit/537.36 (KHTML, like Gecko) Chrome/72.0.3626.109 Safari/537.36"
2019-02-25 13:17:14.321 - info: ::1 - - [25/Feb/2019:06:17:14 +0000] "OPTIONS /api/users?filter={%22populate%22:%22warehouseId%22} HTTP/1.1" 204 0 "http://localhost:3001/admin/users" "Mozilla/5.0 (Macintosh; Intel Mac OS X 10_12_6) AppleWebKit/537.36 (KHTML, like Gecko) Chrome/72.0.3626.109 Safari/537.36"
2019-02-25 13:17:14.327 - info: ::1 - - [25/Feb/2019:06:17:14 +0000] "GET /api/warehouses HTTP/1.1" 304 - "http://localhost:3001/admin/users" "Mozilla/5.0 (Macintosh; Intel Mac OS X 10_12_6) AppleWebKit/537.36 (KHTML, like Gecko) Chrome/72.0.3626.109 Safari/537.36"
2019-02-25 13:17:14.367 - info: ::1 - - [25/Feb/2019:06:17:14 +0000] "GET /api/warehouses HTTP/1.1" 304 - "http://localhost:3001/admin/users" "Mozilla/5.0 (Macintosh; Intel Mac OS X 10_12_6) AppleWebKit/537.36 (KHTML, like Gecko) Chrome/72.0.3626.109 Safari/537.36"
2019-02-25 13:17:14.372 - info: ::1 - - [25/Feb/2019:06:17:14 +0000] "GET /api/users?filter={%22populate%22:%22warehouseId%22} HTTP/1.1" 304 - "http://localhost:3001/admin/users" "Mozilla/5.0 (Macintosh; Intel Mac OS X 10_12_6) AppleWebKit/537.36 (KHTML, like Gecko) Chrome/72.0.3626.109 Safari/537.36"
2019-02-25 13:17:15.958 - info: ::1 - - [25/Feb/2019:06:17:15 +0000] "OPTIONS /api/purchase-orders?query={%22orderType%22:%22out%22}&sort={%22createdAt%22:-1} HTTP/1.1" 204 0 "http://localhost:3001/warehouse/export" "Mozilla/5.0 (Macintosh; Intel Mac OS X 10_12_6) AppleWebKit/537.36 (KHTML, like Gecko) Chrome/72.0.3626.109 Safari/537.36"
2019-02-25 13:17:15.980 - info: ::1 - - [25/Feb/2019:06:17:15 +0000] "GET /api/purchase-orders?query={%22orderType%22:%22out%22}&sort={%22createdAt%22:-1} HTTP/1.1" 304 - "http://localhost:3001/warehouse/export" "Mozilla/5.0 (Macintosh; Intel Mac OS X 10_12_6) AppleWebKit/537.36 (KHTML, like Gecko) Chrome/72.0.3626.109 Safari/537.36"
2019-02-25 13:17:16.841 - info: ::1 - - [25/Feb/2019:06:17:16 +0000] "GET /api/purchase-orders?query={%22orderType%22:%22out%22}&sort={%22createdAt%22:-1} HTTP/1.1" 304 - "http://localhost:3001/warehouse/import" "Mozilla/5.0 (Macintosh; Intel Mac OS X 10_12_6) AppleWebKit/537.36 (KHTML, like Gecko) Chrome/72.0.3626.109 Safari/537.36"
2019-02-25 13:17:17.619 - info: ::1 - - [25/Feb/2019:06:17:17 +0000] "GET /api/purchase-orders?query={%22orderType%22:%22out%22}&sort={%22createdAt%22:-1} HTTP/1.1" 304 - "http://localhost:3001/warehouse/export" "Mozilla/5.0 (Macintosh; Intel Mac OS X 10_12_6) AppleWebKit/537.36 (KHTML, like Gecko) Chrome/72.0.3626.109 Safari/537.36"
2019-02-25 13:17:33.240 - info: ::1 - - [25/Feb/2019:06:17:33 +0000] "OPTIONS /api/purchase-orders?query={%22orderType%22:%22out%22}&sort={%22createdAt%22:-1} HTTP/1.1" 204 0 "http://localhost:3001/warehouse/import" "Mozilla/5.0 (Macintosh; Intel Mac OS X 10_12_6) AppleWebKit/537.36 (KHTML, like Gecko) Chrome/72.0.3626.109 Safari/537.36"
2019-02-25 13:17:33.273 - info: ::1 - - [25/Feb/2019:06:17:33 +0000] "GET /api/purchase-orders?query={%22orderType%22:%22out%22}&sort={%22createdAt%22:-1} HTTP/1.1" 304 - "http://localhost:3001/warehouse/import" "Mozilla/5.0 (Macintosh; Intel Mac OS X 10_12_6) AppleWebKit/537.36 (KHTML, like Gecko) Chrome/72.0.3626.109 Safari/537.36"
