2018-12-04 08:20:48.591 - error:  NotFound: The requested resource couldn't be found
    at app.use (/Users/sonld/warehouse_tan_cang/kho-api/src/app.js:52:17)
    at Layer.handle [as handle_request] (/Users/sonld/warehouse_tan_cang/kho-api/node_modules/express/lib/router/layer.js:95:5)
    at trim_prefix (/Users/sonld/warehouse_tan_cang/kho-api/node_modules/express/lib/router/index.js:317:13)
    at /Users/sonld/warehouse_tan_cang/kho-api/node_modules/express/lib/router/index.js:284:7
    at Function.process_params (/Users/sonld/warehouse_tan_cang/kho-api/node_modules/express/lib/router/index.js:335:12)
    at next (/Users/sonld/warehouse_tan_cang/kho-api/node_modules/express/lib/router/index.js:275:10)
    at initialize (/Users/sonld/warehouse_tan_cang/kho-api/node_modules/passport/lib/middleware/initialize.js:53:5)
    at Layer.handle [as handle_request] (/Users/sonld/warehouse_tan_cang/kho-api/node_modules/express/lib/router/layer.js:95:5)
    at trim_prefix (/Users/sonld/warehouse_tan_cang/kho-api/node_modules/express/lib/router/index.js:317:13)
    at /Users/sonld/warehouse_tan_cang/kho-api/node_modules/express/lib/router/index.js:284:7
    at Function.process_params (/Users/sonld/warehouse_tan_cang/kho-api/node_modules/express/lib/router/index.js:335:12)
    at next (/Users/sonld/warehouse_tan_cang/kho-api/node_modules/express/lib/router/index.js:275:10)
    at urlencodedParser (/Users/sonld/warehouse_tan_cang/kho-api/node_modules/body-parser/lib/types/urlencoded.js:91:7)
    at Layer.handle [as handle_request] (/Users/sonld/warehouse_tan_cang/kho-api/node_modules/express/lib/router/layer.js:95:5)
    at trim_prefix (/Users/sonld/warehouse_tan_cang/kho-api/node_modules/express/lib/router/index.js:317:13)
    at /Users/sonld/warehouse_tan_cang/kho-api/node_modules/express/lib/router/index.js:284:7
2018-12-04 08:20:48.615 - info: ::1 - - [04/Dec/2018:01:20:48 +0000] "GET / HTTP/1.1" 404 82 "-" "Mozilla/5.0 (Macintosh; Intel Mac OS X 10_12_6) AppleWebKit/537.36 (KHTML, like Gecko) Chrome/70.0.3538.110 Safari/537.36"
2018-12-04 08:20:48.838 - error:  NotFound: The requested resource couldn't be found
    at app.use (/Users/sonld/warehouse_tan_cang/kho-api/src/app.js:52:17)
    at Layer.handle [as handle_request] (/Users/sonld/warehouse_tan_cang/kho-api/node_modules/express/lib/router/layer.js:95:5)
    at trim_prefix (/Users/sonld/warehouse_tan_cang/kho-api/node_modules/express/lib/router/index.js:317:13)
    at /Users/sonld/warehouse_tan_cang/kho-api/node_modules/express/lib/router/index.js:284:7
    at Function.process_params (/Users/sonld/warehouse_tan_cang/kho-api/node_modules/express/lib/router/index.js:335:12)
    at next (/Users/sonld/warehouse_tan_cang/kho-api/node_modules/express/lib/router/index.js:275:10)
    at initialize (/Users/sonld/warehouse_tan_cang/kho-api/node_modules/passport/lib/middleware/initialize.js:53:5)
    at Layer.handle [as handle_request] (/Users/sonld/warehouse_tan_cang/kho-api/node_modules/express/lib/router/layer.js:95:5)
    at trim_prefix (/Users/sonld/warehouse_tan_cang/kho-api/node_modules/express/lib/router/index.js:317:13)
    at /Users/sonld/warehouse_tan_cang/kho-api/node_modules/express/lib/router/index.js:284:7
    at Function.process_params (/Users/sonld/warehouse_tan_cang/kho-api/node_modules/express/lib/router/index.js:335:12)
    at next (/Users/sonld/warehouse_tan_cang/kho-api/node_modules/express/lib/router/index.js:275:10)
    at urlencodedParser (/Users/sonld/warehouse_tan_cang/kho-api/node_modules/body-parser/lib/types/urlencoded.js:91:7)
    at Layer.handle [as handle_request] (/Users/sonld/warehouse_tan_cang/kho-api/node_modules/express/lib/router/layer.js:95:5)
    at trim_prefix (/Users/sonld/warehouse_tan_cang/kho-api/node_modules/express/lib/router/index.js:317:13)
    at /Users/sonld/warehouse_tan_cang/kho-api/node_modules/express/lib/router/index.js:284:7
2018-12-04 08:20:48.839 - info: ::1 - - [04/Dec/2018:01:20:48 +0000] "GET /favicon.ico HTTP/1.1" 404 82 "http://localhost:3000/" "Mozilla/5.0 (Macintosh; Intel Mac OS X 10_12_6) AppleWebKit/537.36 (KHTML, like Gecko) Chrome/70.0.3538.110 Safari/537.36"
2018-12-04 08:22:02.668 - error:  NotFound: The requested resource couldn't be found
    at app.use (/Users/sonld/warehouse_tan_cang/kho-api/src/app.js:52:17)
    at Layer.handle [as handle_request] (/Users/sonld/warehouse_tan_cang/kho-api/node_modules/express/lib/router/layer.js:95:5)
    at trim_prefix (/Users/sonld/warehouse_tan_cang/kho-api/node_modules/express/lib/router/index.js:317:13)
    at /Users/sonld/warehouse_tan_cang/kho-api/node_modules/express/lib/router/index.js:284:7
    at Function.process_params (/Users/sonld/warehouse_tan_cang/kho-api/node_modules/express/lib/router/index.js:335:12)
    at next (/Users/sonld/warehouse_tan_cang/kho-api/node_modules/express/lib/router/index.js:275:10)
    at initialize (/Users/sonld/warehouse_tan_cang/kho-api/node_modules/passport/lib/middleware/initialize.js:53:5)
    at Layer.handle [as handle_request] (/Users/sonld/warehouse_tan_cang/kho-api/node_modules/express/lib/router/layer.js:95:5)
    at trim_prefix (/Users/sonld/warehouse_tan_cang/kho-api/node_modules/express/lib/router/index.js:317:13)
    at /Users/sonld/warehouse_tan_cang/kho-api/node_modules/express/lib/router/index.js:284:7
    at Function.process_params (/Users/sonld/warehouse_tan_cang/kho-api/node_modules/express/lib/router/index.js:335:12)
    at next (/Users/sonld/warehouse_tan_cang/kho-api/node_modules/express/lib/router/index.js:275:10)
    at urlencodedParser (/Users/sonld/warehouse_tan_cang/kho-api/node_modules/body-parser/lib/types/urlencoded.js:91:7)
    at Layer.handle [as handle_request] (/Users/sonld/warehouse_tan_cang/kho-api/node_modules/express/lib/router/layer.js:95:5)
    at trim_prefix (/Users/sonld/warehouse_tan_cang/kho-api/node_modules/express/lib/router/index.js:317:13)
    at /Users/sonld/warehouse_tan_cang/kho-api/node_modules/express/lib/router/index.js:284:7
2018-12-04 08:22:02.669 - info: ::1 - - [04/Dec/2018:01:22:02 +0000] "GET / HTTP/1.1" 404 82 "-" "Mozilla/5.0 (Macintosh; Intel Mac OS X 10_12_6) AppleWebKit/537.36 (KHTML, like Gecko) Chrome/70.0.3538.110 Safari/537.36"
2018-12-04 08:22:45.835 - info: App is listening on port 3000
2018-12-04 08:23:23.925 - info: ::1 - - [04/Dec/2018:01:23:23 +0000] "OPTIONS /api/me HTTP/1.1" 204 0 "-" "Mozilla/5.0 (Macintosh; Intel Mac OS X 10_12_6) AppleWebKit/537.36 (KHTML, like Gecko) Chrome/70.0.3538.110 Safari/537.36"
2018-12-04 08:23:24.058 - info: ::1 - - [04/Dec/2018:01:23:24 +0000] "OPTIONS /api/me HTTP/1.1" 204 0 "-" "Mozilla/5.0 (Macintosh; Intel Mac OS X 10_12_6) AppleWebKit/537.36 (KHTML, like Gecko) Chrome/70.0.3538.110 Safari/537.36"
2018-12-04 08:23:24.320 - info: ::1 - - [04/Dec/2018:01:23:24 +0000] "GET /api/me HTTP/1.1" 200 226 "http://localhost:4200/dashboard" "Mozilla/5.0 (Macintosh; Intel Mac OS X 10_12_6) AppleWebKit/537.36 (KHTML, like Gecko) Chrome/70.0.3538.110 Safari/537.36"
2018-12-04 08:23:24.519 - info: ::1 - - [04/Dec/2018:01:23:24 +0000] "GET /api/me HTTP/1.1" 304 - "http://localhost:4200/dashboard" "Mozilla/5.0 (Macintosh; Intel Mac OS X 10_12_6) AppleWebKit/537.36 (KHTML, like Gecko) Chrome/70.0.3538.110 Safari/537.36"
2018-12-04 08:23:35.379 - info: ::1 - - [04/Dec/2018:01:23:35 +0000] "OPTIONS /api/products?limit=10&page=1&query=%7B%7D&sort=%7B%22createdAt%22:-1%7D HTTP/1.1" 204 0 "-" "Mozilla/5.0 (Macintosh; Intel Mac OS X 10_12_6) AppleWebKit/537.36 (KHTML, like Gecko) Chrome/70.0.3538.110 Safari/537.36"
2018-12-04 08:23:35.437 - info: ::1 - - [04/Dec/2018:01:23:35 +0000] "GET /api/products?limit=10&page=1&query=%7B%7D&sort=%7B%22createdAt%22:-1%7D HTTP/1.1" 304 - "http://localhost:4200/products" "Mozilla/5.0 (Macintosh; Intel Mac OS X 10_12_6) AppleWebKit/537.36 (KHTML, like Gecko) Chrome/70.0.3538.110 Safari/537.36"
2018-12-04 08:23:37.784 - info: ::1 - - [04/Dec/2018:01:23:37 +0000] "OPTIONS /api/purchase-orders?limit=10&page=1&query=%7B%22orderType%22:%22in%22%7D&sort=%7B%22createdAt%22:-1%7D HTTP/1.1" 204 0 "-" "Mozilla/5.0 (Macintosh; Intel Mac OS X 10_12_6) AppleWebKit/537.36 (KHTML, like Gecko) Chrome/70.0.3538.110 Safari/537.36"
2018-12-04 08:23:37.850 - info: ::1 - - [04/Dec/2018:01:23:37 +0000] "GET /api/purchase-orders?limit=10&page=1&query=%7B%22orderType%22:%22in%22%7D&sort=%7B%22createdAt%22:-1%7D HTTP/1.1" 200 22 "http://localhost:4200/warehouse/import" "Mozilla/5.0 (Macintosh; Intel Mac OS X 10_12_6) AppleWebKit/537.36 (KHTML, like Gecko) Chrome/70.0.3538.110 Safari/537.36"
2018-12-04 08:23:38.501 - info: ::1 - - [04/Dec/2018:01:23:38 +0000] "OPTIONS /api/purchase-orders?limit=10&page=1&query=%7B%22orderType%22:%22out%22%7D&sort=%7B%22createdAt%22:-1%7D HTTP/1.1" 204 0 "-" "Mozilla/5.0 (Macintosh; Intel Mac OS X 10_12_6) AppleWebKit/537.36 (KHTML, like Gecko) Chrome/70.0.3538.110 Safari/537.36"
2018-12-04 08:23:38.527 - info: ::1 - - [04/Dec/2018:01:23:38 +0000] "GET /api/purchase-orders?limit=10&page=1&query=%7B%22orderType%22:%22out%22%7D&sort=%7B%22createdAt%22:-1%7D HTTP/1.1" 200 22 "http://localhost:4200/warehouse/export" "Mozilla/5.0 (Macintosh; Intel Mac OS X 10_12_6) AppleWebKit/537.36 (KHTML, like Gecko) Chrome/70.0.3538.110 Safari/537.36"
2018-12-04 08:23:40.482 - info: ::1 - - [04/Dec/2018:01:23:40 +0000] "OPTIONS /api/products?limit=10&page=1&query=%7B%7D&sort=%7B%22createdAt%22:-1%7D HTTP/1.1" 204 0 "-" "Mozilla/5.0 (Macintosh; Intel Mac OS X 10_12_6) AppleWebKit/537.36 (KHTML, like Gecko) Chrome/70.0.3538.110 Safari/537.36"
2018-12-04 08:23:40.515 - info: ::1 - - [04/Dec/2018:01:23:40 +0000] "GET /api/products?limit=10&page=1&query=%7B%7D&sort=%7B%22createdAt%22:-1%7D HTTP/1.1" 304 - "http://localhost:4200/products" "Mozilla/5.0 (Macintosh; Intel Mac OS X 10_12_6) AppleWebKit/537.36 (KHTML, like Gecko) Chrome/70.0.3538.110 Safari/537.36"
2018-12-04 08:25:51.332 - info: ::1 - - [04/Dec/2018:01:25:51 +0000] "OPTIONS /api/purchase-orders?limit=10&page=1&query=%7B%22orderType%22:%22out%22%7D&sort=%7B%22createdAt%22:-1%7D HTTP/1.1" 204 0 "-" "Mozilla/5.0 (Macintosh; Intel Mac OS X 10_12_6) AppleWebKit/537.36 (KHTML, like Gecko) Chrome/70.0.3538.110 Safari/537.36"
2018-12-04 08:25:51.388 - info: ::1 - - [04/Dec/2018:01:25:51 +0000] "GET /api/purchase-orders?limit=10&page=1&query=%7B%22orderType%22:%22out%22%7D&sort=%7B%22createdAt%22:-1%7D HTTP/1.1" 304 - "http://localhost:4200/warehouse/export" "Mozilla/5.0 (Macintosh; Intel Mac OS X 10_12_6) AppleWebKit/537.36 (KHTML, like Gecko) Chrome/70.0.3538.110 Safari/537.36"
2018-12-04 08:25:52.078 - info: ::1 - - [04/Dec/2018:01:25:52 +0000] "OPTIONS /api/purchase-orders?limit=10&page=1&query=%7B%22orderType%22:%22in%22%7D&sort=%7B%22createdAt%22:-1%7D HTTP/1.1" 204 0 "-" "Mozilla/5.0 (Macintosh; Intel Mac OS X 10_12_6) AppleWebKit/537.36 (KHTML, like Gecko) Chrome/70.0.3538.110 Safari/537.36"
2018-12-04 08:25:52.107 - info: ::1 - - [04/Dec/2018:01:25:52 +0000] "GET /api/purchase-orders?limit=10&page=1&query=%7B%22orderType%22:%22in%22%7D&sort=%7B%22createdAt%22:-1%7D HTTP/1.1" 304 - "http://localhost:4200/warehouse/import" "Mozilla/5.0 (Macintosh; Intel Mac OS X 10_12_6) AppleWebKit/537.36 (KHTML, like Gecko) Chrome/70.0.3538.110 Safari/537.36"
2018-12-04 08:25:53.236 - info: ::1 - - [04/Dec/2018:01:25:53 +0000] "OPTIONS /api/users?limit=10&page=1&filter=%7B%22populate%22:%22warehouseId%22%7D HTTP/1.1" 204 0 "-" "Mozilla/5.0 (Macintosh; Intel Mac OS X 10_12_6) AppleWebKit/537.36 (KHTML, like Gecko) Chrome/70.0.3538.110 Safari/537.36"
2018-12-04 08:25:53.281 - info: ::1 - - [04/Dec/2018:01:25:53 +0000] "GET /api/users?limit=10&page=1&filter=%7B%22populate%22:%22warehouseId%22%7D HTTP/1.1" 200 248 "http://localhost:4200/admin/users" "Mozilla/5.0 (Macintosh; Intel Mac OS X 10_12_6) AppleWebKit/537.36 (KHTML, like Gecko) Chrome/70.0.3538.110 Safari/537.36"
2018-12-04 08:25:54.115 - info: ::1 - - [04/Dec/2018:01:25:54 +0000] "OPTIONS /api/warehouses?limit=10&page=1 HTTP/1.1" 204 0 "-" "Mozilla/5.0 (Macintosh; Intel Mac OS X 10_12_6) AppleWebKit/537.36 (KHTML, like Gecko) Chrome/70.0.3538.110 Safari/537.36"
2018-12-04 08:25:54.158 - info: ::1 - - [04/Dec/2018:01:25:54 +0000] "GET /api/warehouses?limit=10&page=1 HTTP/1.1" 200 701 "http://localhost:4200/admin/warehouses" "Mozilla/5.0 (Macintosh; Intel Mac OS X 10_12_6) AppleWebKit/537.36 (KHTML, like Gecko) Chrome/70.0.3538.110 Safari/537.36"
2018-12-04 08:25:59.203 - info: ::1 - - [04/Dec/2018:01:25:59 +0000] "OPTIONS /api/users?limit=10&page=1&filter=%7B%22populate%22:%22warehouseId%22%7D HTTP/1.1" 204 0 "-" "Mozilla/5.0 (Macintosh; Intel Mac OS X 10_12_6) AppleWebKit/537.36 (KHTML, like Gecko) Chrome/70.0.3538.110 Safari/537.36"
2018-12-04 08:25:59.251 - info: ::1 - - [04/Dec/2018:01:25:59 +0000] "GET /api/users?limit=10&page=1&filter=%7B%22populate%22:%22warehouseId%22%7D HTTP/1.1" 304 - "http://localhost:4200/admin/users" "Mozilla/5.0 (Macintosh; Intel Mac OS X 10_12_6) AppleWebKit/537.36 (KHTML, like Gecko) Chrome/70.0.3538.110 Safari/537.36"
2018-12-04 08:26:02.039 - info: ::1 - - [04/Dec/2018:01:26:02 +0000] "OPTIONS /api/warehouses?limit=10000&page=1 HTTP/1.1" 204 0 "-" "Mozilla/5.0 (Macintosh; Intel Mac OS X 10_12_6) AppleWebKit/537.36 (KHTML, like Gecko) Chrome/70.0.3538.110 Safari/537.36"
2018-12-04 08:26:02.113 - info: ::1 - - [04/Dec/2018:01:26:02 +0000] "GET /api/warehouses?limit=10000&page=1 HTTP/1.1" 200 701 "http://localhost:4200/admin/users" "Mozilla/5.0 (Macintosh; Intel Mac OS X 10_12_6) AppleWebKit/537.36 (KHTML, like Gecko) Chrome/70.0.3538.110 Safari/537.36"
2018-12-04 08:26:27.272 - info: ::1 - - [04/Dec/2018:01:26:27 +0000] "OPTIONS /api/users HTTP/1.1" 204 0 "-" "Mozilla/5.0 (Macintosh; Intel Mac OS X 10_12_6) AppleWebKit/537.36 (KHTML, like Gecko) Chrome/70.0.3538.110 Safari/537.36"
2018-12-04 08:26:27.582 - info: ::1 - - [04/Dec/2018:01:26:27 +0000] "POST /api/users HTTP/1.1" 200 236 "http://localhost:4200/admin/users" "Mozilla/5.0 (Macintosh; Intel Mac OS X 10_12_6) AppleWebKit/537.36 (KHTML, like Gecko) Chrome/70.0.3538.110 Safari/537.36"
2018-12-04 08:26:27.674 - info: ::1 - - [04/Dec/2018:01:26:27 +0000] "OPTIONS /api/users?limit=10&page=1&filter=%7B%22populate%22:%22warehouseId%22%7D HTTP/1.1" 204 0 "-" "Mozilla/5.0 (Macintosh; Intel Mac OS X 10_12_6) AppleWebKit/537.36 (KHTML, like Gecko) Chrome/70.0.3538.110 Safari/537.36"
2018-12-04 08:26:27.690 - info: ::1 - - [04/Dec/2018:01:26:27 +0000] "GET /api/users?limit=10&page=1&filter=%7B%22populate%22:%22warehouseId%22%7D HTTP/1.1" 200 485 "http://localhost:4200/admin/users" "Mozilla/5.0 (Macintosh; Intel Mac OS X 10_12_6) AppleWebKit/537.36 (KHTML, like Gecko) Chrome/70.0.3538.110 Safari/537.36"
2018-12-04 08:26:33.011 - info: ::1 - - [04/Dec/2018:01:26:33 +0000] "OPTIONS /api/warehouses?limit=10000&page=1 HTTP/1.1" 204 0 "-" "Mozilla/5.0 (Macintosh; Intel Mac OS X 10_12_6) AppleWebKit/537.36 (KHTML, like Gecko) Chrome/70.0.3538.110 Safari/537.36"
2018-12-04 08:26:33.060 - info: ::1 - - [04/Dec/2018:01:26:33 +0000] "GET /api/warehouses?limit=10000&page=1 HTTP/1.1" 304 - "http://localhost:4200/admin/users" "Mozilla/5.0 (Macintosh; Intel Mac OS X 10_12_6) AppleWebKit/537.36 (KHTML, like Gecko) Chrome/70.0.3538.110 Safari/537.36"
2018-12-04 08:26:37.471 - info: ::1 - - [04/Dec/2018:01:26:37 +0000] "OPTIONS /api/users/5c05d7c391a25624dd56c4a9 HTTP/1.1" 204 0 "-" "Mozilla/5.0 (Macintosh; Intel Mac OS X 10_12_6) AppleWebKit/537.36 (KHTML, like Gecko) Chrome/70.0.3538.110 Safari/537.36"
2018-12-04 08:26:37.739 - info: ::1 - - [04/Dec/2018:01:26:37 +0000] "PATCH /api/users/5c05d7c391a25624dd56c4a9 HTTP/1.1" 200 238 "http://localhost:4200/admin/users" "Mozilla/5.0 (Macintosh; Intel Mac OS X 10_12_6) AppleWebKit/537.36 (KHTML, like Gecko) Chrome/70.0.3538.110 Safari/537.36"
2018-12-04 08:26:37.821 - info: ::1 - - [04/Dec/2018:01:26:37 +0000] "OPTIONS /api/users?limit=10&page=1&filter=%7B%22populate%22:%22warehouseId%22%7D HTTP/1.1" 204 0 "-" "Mozilla/5.0 (Macintosh; Intel Mac OS X 10_12_6) AppleWebKit/537.36 (KHTML, like Gecko) Chrome/70.0.3538.110 Safari/537.36"
2018-12-04 08:26:37.839 - info: ::1 - - [04/Dec/2018:01:26:37 +0000] "GET /api/users?limit=10&page=1&filter=%7B%22populate%22:%22warehouseId%22%7D HTTP/1.1" 200 487 "http://localhost:4200/admin/users" "Mozilla/5.0 (Macintosh; Intel Mac OS X 10_12_6) AppleWebKit/537.36 (KHTML, like Gecko) Chrome/70.0.3538.110 Safari/537.36"
2018-12-04 08:26:41.517 - info: ::1 - - [04/Dec/2018:01:26:41 +0000] "OPTIONS /api/warehouses?limit=10000&page=1 HTTP/1.1" 204 0 "-" "Mozilla/5.0 (Macintosh; Intel Mac OS X 10_12_6) AppleWebKit/537.36 (KHTML, like Gecko) Chrome/70.0.3538.110 Safari/537.36"
2018-12-04 08:26:41.562 - info: ::1 - - [04/Dec/2018:01:26:41 +0000] "GET /api/warehouses?limit=10000&page=1 HTTP/1.1" 304 - "http://localhost:4200/admin/users" "Mozilla/5.0 (Macintosh; Intel Mac OS X 10_12_6) AppleWebKit/537.36 (KHTML, like Gecko) Chrome/70.0.3538.110 Safari/537.36"
2018-12-04 08:26:46.738 - info: ::1 - - [04/Dec/2018:01:26:46 +0000] "OPTIONS /api/users/5c05d7c391a25624dd56c4a9 HTTP/1.1" 204 0 "-" "Mozilla/5.0 (Macintosh; Intel Mac OS X 10_12_6) AppleWebKit/537.36 (KHTML, like Gecko) Chrome/70.0.3538.110 Safari/537.36"
2018-12-04 08:26:46.985 - info: ::1 - - [04/Dec/2018:01:26:46 +0000] "PATCH /api/users/5c05d7c391a25624dd56c4a9 HTTP/1.1" 200 260 "http://localhost:4200/admin/users" "Mozilla/5.0 (Macintosh; Intel Mac OS X 10_12_6) AppleWebKit/537.36 (KHTML, like Gecko) Chrome/70.0.3538.110 Safari/537.36"
2018-12-04 08:26:47.071 - info: ::1 - - [04/Dec/2018:01:26:47 +0000] "OPTIONS /api/users?limit=10&page=1&filter=%7B%22populate%22:%22warehouseId%22%7D HTTP/1.1" 204 0 "-" "Mozilla/5.0 (Macintosh; Intel Mac OS X 10_12_6) AppleWebKit/537.36 (KHTML, like Gecko) Chrome/70.0.3538.110 Safari/537.36"
2018-12-04 08:26:47.098 - info: ::1 - - [04/Dec/2018:01:26:47 +0000] "GET /api/users?limit=10&page=1&filter=%7B%22populate%22:%22warehouseId%22%7D HTTP/1.1" 200 618 "http://localhost:4200/admin/users" "Mozilla/5.0 (Macintosh; Intel Mac OS X 10_12_6) AppleWebKit/537.36 (KHTML, like Gecko) Chrome/70.0.3538.110 Safari/537.36"
2018-12-04 08:26:48.967 - info: ::1 - - [04/Dec/2018:01:26:48 +0000] "OPTIONS /api/warehouses?limit=10000&page=1 HTTP/1.1" 204 0 "-" "Mozilla/5.0 (Macintosh; Intel Mac OS X 10_12_6) AppleWebKit/537.36 (KHTML, like Gecko) Chrome/70.0.3538.110 Safari/537.36"
2018-12-04 08:26:49.018 - info: ::1 - - [04/Dec/2018:01:26:49 +0000] "GET /api/warehouses?limit=10000&page=1 HTTP/1.1" 304 - "http://localhost:4200/admin/users" "Mozilla/5.0 (Macintosh; Intel Mac OS X 10_12_6) AppleWebKit/537.36 (KHTML, like Gecko) Chrome/70.0.3538.110 Safari/537.36"
2018-12-04 08:27:29.882 - info: ::1 - - [04/Dec/2018:01:27:29 +0000] "OPTIONS /api/users HTTP/1.1" 204 0 "-" "Mozilla/5.0 (Macintosh; Intel Mac OS X 10_12_6) AppleWebKit/537.36 (KHTML, like Gecko) Chrome/70.0.3538.110 Safari/537.36"
2018-12-04 08:27:30.136 - info: ::1 - - [04/Dec/2018:01:27:30 +0000] "POST /api/users HTTP/1.1" 200 253 "http://localhost:4200/admin/users" "Mozilla/5.0 (Macintosh; Intel Mac OS X 10_12_6) AppleWebKit/537.36 (KHTML, like Gecko) Chrome/70.0.3538.110 Safari/537.36"
2018-12-04 08:27:30.226 - info: ::1 - - [04/Dec/2018:01:27:30 +0000] "OPTIONS /api/users?limit=10&page=1&filter=%7B%22populate%22:%22warehouseId%22%7D HTTP/1.1" 204 0 "-" "Mozilla/5.0 (Macintosh; Intel Mac OS X 10_12_6) AppleWebKit/537.36 (KHTML, like Gecko) Chrome/70.0.3538.110 Safari/537.36"
2018-12-04 08:27:30.250 - info: ::1 - - [04/Dec/2018:01:27:30 +0000] "GET /api/users?limit=10&page=1&filter=%7B%22populate%22:%22warehouseId%22%7D HTTP/1.1" 200 981 "http://localhost:4200/admin/users" "Mozilla/5.0 (Macintosh; Intel Mac OS X 10_12_6) AppleWebKit/537.36 (KHTML, like Gecko) Chrome/70.0.3538.110 Safari/537.36"
2018-12-04 08:27:34.721 - info: ::1 - - [04/Dec/2018:01:27:34 +0000] "OPTIONS /api/warehouses?limit=10000&page=1 HTTP/1.1" 204 0 "-" "Mozilla/5.0 (Macintosh; Intel Mac OS X 10_12_6) AppleWebKit/537.36 (KHTML, like Gecko) Chrome/70.0.3538.110 Safari/537.36"
2018-12-04 08:27:34.771 - info: ::1 - - [04/Dec/2018:01:27:34 +0000] "GET /api/warehouses?limit=10000&page=1 HTTP/1.1" 304 - "http://localhost:4200/admin/users" "Mozilla/5.0 (Macintosh; Intel Mac OS X 10_12_6) AppleWebKit/537.36 (KHTML, like Gecko) Chrome/70.0.3538.110 Safari/537.36"
2018-12-04 08:27:59.461 - info: ::1 - - [04/Dec/2018:01:27:59 +0000] "OPTIONS /api/users HTTP/1.1" 204 0 "-" "Mozilla/5.0 (Macintosh; Intel Mac OS X 10_12_6) AppleWebKit/537.36 (KHTML, like Gecko) Chrome/70.0.3538.110 Safari/537.36"
2018-12-04 08:27:59.709 - info: ::1 - - [04/Dec/2018:01:27:59 +0000] "POST /api/users HTTP/1.1" 200 257 "http://localhost:4200/admin/users" "Mozilla/5.0 (Macintosh; Intel Mac OS X 10_12_6) AppleWebKit/537.36 (KHTML, like Gecko) Chrome/70.0.3538.110 Safari/537.36"
2018-12-04 08:27:59.793 - info: ::1 - - [04/Dec/2018:01:27:59 +0000] "OPTIONS /api/users?limit=10&page=1&filter=%7B%22populate%22:%22warehouseId%22%7D HTTP/1.1" 204 0 "-" "Mozilla/5.0 (Macintosh; Intel Mac OS X 10_12_6) AppleWebKit/537.36 (KHTML, like Gecko) Chrome/70.0.3538.110 Safari/537.36"
2018-12-04 08:27:59.814 - info: ::1 - - [04/Dec/2018:01:27:59 +0000] "GET /api/users?limit=10&page=1&filter=%7B%22populate%22:%22warehouseId%22%7D HTTP/1.1" 200 1348 "http://localhost:4200/admin/users" "Mozilla/5.0 (Macintosh; Intel Mac OS X 10_12_6) AppleWebKit/537.36 (KHTML, like Gecko) Chrome/70.0.3538.110 Safari/537.36"
2018-12-04 08:28:21.516 - info: ::1 - - [04/Dec/2018:01:28:21 +0000] "OPTIONS /api/auth/login HTTP/1.1" 204 0 "-" "Mozilla/5.0 (Macintosh; Intel Mac OS X 10_12_6) AppleWebKit/537.36 (KHTML, like Gecko) Chrome/70.0.3538.110 Safari/537.36"
2018-12-04 08:28:21.762 - info: ::1 - - [04/Dec/2018:01:28:21 +0000] "POST /api/auth/login HTTP/1.1" 200 190 "http://localhost:4200/auth/login" "Mozilla/5.0 (Macintosh; Intel Mac OS X 10_12_6) AppleWebKit/537.36 (KHTML, like Gecko) Chrome/70.0.3538.110 Safari/537.36"
2018-12-04 08:28:21.766 - info: ::1 - - [04/Dec/2018:01:28:21 +0000] "OPTIONS /api/me HTTP/1.1" 204 0 "-" "Mozilla/5.0 (Macintosh; Intel Mac OS X 10_12_6) AppleWebKit/537.36 (KHTML, like Gecko) Chrome/70.0.3538.110 Safari/537.36"
2018-12-04 08:28:21.774 - info: ::1 - - [04/Dec/2018:01:28:21 +0000] "GET /api/me HTTP/1.1" 200 366 "http://localhost:4200/auth/login" "Mozilla/5.0 (Macintosh; Intel Mac OS X 10_12_6) AppleWebKit/537.36 (KHTML, like Gecko) Chrome/70.0.3538.110 Safari/537.36"
2018-12-04 08:28:45.039 - info: ::1 - - [04/Dec/2018:01:28:45 +0000] "OPTIONS /api/products?limit=10&page=1&query=%7B%7D&sort=%7B%22createdAt%22:-1%7D HTTP/1.1" 204 0 "-" "Mozilla/5.0 (Macintosh; Intel Mac OS X 10_12_6) AppleWebKit/537.36 (KHTML, like Gecko) Chrome/70.0.3538.110 Safari/537.36"
2018-12-04 08:28:45.091 - info: ::1 - - [04/Dec/2018:01:28:45 +0000] "GET /api/products?limit=10&page=1&query=%7B%7D&sort=%7B%22createdAt%22:-1%7D HTTP/1.1" 304 - "http://localhost:4200/products" "Mozilla/5.0 (Macintosh; Intel Mac OS X 10_12_6) AppleWebKit/537.36 (KHTML, like Gecko) Chrome/70.0.3538.110 Safari/537.36"
2018-12-04 08:29:14.111 - info: ::1 - - [04/Dec/2018:01:29:14 +0000] "OPTIONS /api/products HTTP/1.1" 204 0 "-" "Mozilla/5.0 (Macintosh; Intel Mac OS X 10_12_6) AppleWebKit/537.36 (KHTML, like Gecko) Chrome/70.0.3538.110 Safari/537.36"
2018-12-04 08:29:14.203 - info: ::1 - - [04/Dec/2018:01:29:14 +0000] "POST /api/products HTTP/1.1" 200 290 "http://localhost:4200/products" "Mozilla/5.0 (Macintosh; Intel Mac OS X 10_12_6) AppleWebKit/537.36 (KHTML, like Gecko) Chrome/70.0.3538.110 Safari/537.36"
2018-12-04 08:29:14.283 - info: ::1 - - [04/Dec/2018:01:29:14 +0000] "OPTIONS /api/products?limit=10&page=1&query=%7B%7D&sort=%7B%22createdAt%22:-1%7D HTTP/1.1" 204 0 "-" "Mozilla/5.0 (Macintosh; Intel Mac OS X 10_12_6) AppleWebKit/537.36 (KHTML, like Gecko) Chrome/70.0.3538.110 Safari/537.36"
2018-12-04 08:29:14.304 - info: ::1 - - [04/Dec/2018:01:29:14 +0000] "GET /api/products?limit=10&page=1&query=%7B%7D&sort=%7B%22createdAt%22:-1%7D HTTP/1.1" 200 312 "http://localhost:4200/products" "Mozilla/5.0 (Macintosh; Intel Mac OS X 10_12_6) AppleWebKit/537.36 (KHTML, like Gecko) Chrome/70.0.3538.110 Safari/537.36"
2018-12-04 08:29:58.208 - info: ::1 - - [04/Dec/2018:01:29:58 +0000] "OPTIONS /api/products HTTP/1.1" 204 0 "-" "Mozilla/5.0 (Macintosh; Intel Mac OS X 10_12_6) AppleWebKit/537.36 (KHTML, like Gecko) Chrome/70.0.3538.110 Safari/537.36"
2018-12-04 08:29:58.228 - info: ::1 - - [04/Dec/2018:01:29:58 +0000] "POST /api/products HTTP/1.1" 200 293 "http://localhost:4200/products" "Mozilla/5.0 (Macintosh; Intel Mac OS X 10_12_6) AppleWebKit/537.36 (KHTML, like Gecko) Chrome/70.0.3538.110 Safari/537.36"
2018-12-04 08:29:58.305 - info: ::1 - - [04/Dec/2018:01:29:58 +0000] "OPTIONS /api/products?limit=10&page=1&query=%7B%7D&sort=%7B%22createdAt%22:-1%7D HTTP/1.1" 204 0 "-" "Mozilla/5.0 (Macintosh; Intel Mac OS X 10_12_6) AppleWebKit/537.36 (KHTML, like Gecko) Chrome/70.0.3538.110 Safari/537.36"
2018-12-04 08:29:58.321 - info: ::1 - - [04/Dec/2018:01:29:58 +0000] "GET /api/products?limit=10&page=1&query=%7B%7D&sort=%7B%22createdAt%22:-1%7D HTTP/1.1" 200 606 "http://localhost:4200/products" "Mozilla/5.0 (Macintosh; Intel Mac OS X 10_12_6) AppleWebKit/537.36 (KHTML, like Gecko) Chrome/70.0.3538.110 Safari/537.36"
2018-12-04 08:30:29.130 - info: ::1 - - [04/Dec/2018:01:30:29 +0000] "OPTIONS /api/products HTTP/1.1" 204 0 "-" "Mozilla/5.0 (Macintosh; Intel Mac OS X 10_12_6) AppleWebKit/537.36 (KHTML, like Gecko) Chrome/70.0.3538.110 Safari/537.36"
2018-12-04 08:30:29.151 - info: ::1 - - [04/Dec/2018:01:30:29 +0000] "POST /api/products HTTP/1.1" 200 302 "http://localhost:4200/products" "Mozilla/5.0 (Macintosh; Intel Mac OS X 10_12_6) AppleWebKit/537.36 (KHTML, like Gecko) Chrome/70.0.3538.110 Safari/537.36"
2018-12-04 08:30:29.249 - info: ::1 - - [04/Dec/2018:01:30:29 +0000] "OPTIONS /api/products?limit=10&page=1&query=%7B%7D&sort=%7B%22createdAt%22:-1%7D HTTP/1.1" 204 0 "-" "Mozilla/5.0 (Macintosh; Intel Mac OS X 10_12_6) AppleWebKit/537.36 (KHTML, like Gecko) Chrome/70.0.3538.110 Safari/537.36"
2018-12-04 08:30:29.265 - info: ::1 - - [04/Dec/2018:01:30:29 +0000] "GET /api/products?limit=10&page=1&query=%7B%7D&sort=%7B%22createdAt%22:-1%7D HTTP/1.1" 200 909 "http://localhost:4200/products" "Mozilla/5.0 (Macintosh; Intel Mac OS X 10_12_6) AppleWebKit/537.36 (KHTML, like Gecko) Chrome/70.0.3538.110 Safari/537.36"
2018-12-04 08:30:59.598 - info: ::1 - - [04/Dec/2018:01:30:59 +0000] "OPTIONS /api/products HTTP/1.1" 204 0 "-" "Mozilla/5.0 (Macintosh; Intel Mac OS X 10_12_6) AppleWebKit/537.36 (KHTML, like Gecko) Chrome/70.0.3538.110 Safari/537.36"
2018-12-04 08:30:59.623 - info: ::1 - - [04/Dec/2018:01:30:59 +0000] "POST /api/products HTTP/1.1" 200 318 "http://localhost:4200/products" "Mozilla/5.0 (Macintosh; Intel Mac OS X 10_12_6) AppleWebKit/537.36 (KHTML, like Gecko) Chrome/70.0.3538.110 Safari/537.36"
2018-12-04 08:30:59.734 - info: ::1 - - [04/Dec/2018:01:30:59 +0000] "OPTIONS /api/products?limit=10&page=1&query=%7B%7D&sort=%7B%22createdAt%22:-1%7D HTTP/1.1" 204 0 "-" "Mozilla/5.0 (Macintosh; Intel Mac OS X 10_12_6) AppleWebKit/537.36 (KHTML, like Gecko) Chrome/70.0.3538.110 Safari/537.36"
2018-12-04 08:30:59.750 - info: ::1 - - [04/Dec/2018:01:30:59 +0000] "GET /api/products?limit=10&page=1&query=%7B%7D&sort=%7B%22createdAt%22:-1%7D HTTP/1.1" 200 1228 "http://localhost:4200/products" "Mozilla/5.0 (Macintosh; Intel Mac OS X 10_12_6) AppleWebKit/537.36 (KHTML, like Gecko) Chrome/70.0.3538.110 Safari/537.36"
2018-12-04 08:31:02.128 - info: ::1 - - [04/Dec/2018:01:31:02 +0000] "OPTIONS /api/purchase-orders?limit=10&page=1&query=%7B%22orderType%22:%22in%22%7D&sort=%7B%22createdAt%22:-1%7D HTTP/1.1" 204 0 "-" "Mozilla/5.0 (Macintosh; Intel Mac OS X 10_12_6) AppleWebKit/537.36 (KHTML, like Gecko) Chrome/70.0.3538.110 Safari/537.36"
2018-12-04 08:31:02.163 - info: ::1 - - [04/Dec/2018:01:31:02 +0000] "GET /api/purchase-orders?limit=10&page=1&query=%7B%22orderType%22:%22in%22%7D&sort=%7B%22createdAt%22:-1%7D HTTP/1.1" 304 - "http://localhost:4200/warehouse/import" "Mozilla/5.0 (Macintosh; Intel Mac OS X 10_12_6) AppleWebKit/537.36 (KHTML, like Gecko) Chrome/70.0.3538.110 Safari/537.36"
2018-12-04 08:31:13.058 - info: ::1 - - [04/Dec/2018:01:31:13 +0000] "OPTIONS /api/products?limit=10&page=1&query=%7B%22$or%22:%5B%7B%22code%22:%7B%22$regex%22:%221000%22,%22$options%22:%22i%22%7D%7D,%7B%22name%22:%7B%22$regex%22:%221000%22,%22$options%22:%22i%22%7D%7D,%7B%22manufacturer%22:%7B%22$regex%22:%221000%22,%22$options%22:%22i%22%7D%7D%5D%7D&sort=%7B%22createdAt%22:-1%7D HTTP/1.1" 204 0 "-" "Mozilla/5.0 (Macintosh; Intel Mac OS X 10_12_6) AppleWebKit/537.36 (KHTML, like Gecko) Chrome/70.0.3538.110 Safari/537.36"
2018-12-04 08:31:13.074 - info: ::1 - - [04/Dec/2018:01:31:13 +0000] "GET /api/products?limit=10&page=1&query=%7B%22$or%22:%5B%7B%22code%22:%7B%22$regex%22:%221000%22,%22$options%22:%22i%22%7D%7D,%7B%22name%22:%7B%22$regex%22:%221000%22,%22$options%22:%22i%22%7D%7D,%7B%22manufacturer%22:%7B%22$regex%22:%221000%22,%22$options%22:%22i%22%7D%7D%5D%7D&sort=%7B%22createdAt%22:-1%7D HTTP/1.1" 200 1228 "http://localhost:4200/warehouse/import/new" "Mozilla/5.0 (Macintosh; Intel Mac OS X 10_12_6) AppleWebKit/537.36 (KHTML, like Gecko) Chrome/70.0.3538.110 Safari/537.36"
2018-12-04 08:31:14.905 - info: ::1 - - [04/Dec/2018:01:31:14 +0000] "OPTIONS /api/products?limit=10&page=1&query=%7B%22$or%22:%5B%7B%22code%22:%7B%22$regex%22:%221%22,%22$options%22:%22i%22%7D%7D,%7B%22name%22:%7B%22$regex%22:%221%22,%22$options%22:%22i%22%7D%7D,%7B%22manufacturer%22:%7B%22$regex%22:%221%22,%22$options%22:%22i%22%7D%7D%5D%7D&sort=%7B%22createdAt%22:-1%7D HTTP/1.1" 204 0 "-" "Mozilla/5.0 (Macintosh; Intel Mac OS X 10_12_6) AppleWebKit/537.36 (KHTML, like Gecko) Chrome/70.0.3538.110 Safari/537.36"
2018-12-04 08:31:14.913 - info: ::1 - - [04/Dec/2018:01:31:14 +0000] "GET /api/products?limit=10&page=1&query=%7B%22$or%22:%5B%7B%22code%22:%7B%22$regex%22:%221%22,%22$options%22:%22i%22%7D%7D,%7B%22name%22:%7B%22$regex%22:%221%22,%22$options%22:%22i%22%7D%7D,%7B%22manufacturer%22:%7B%22$regex%22:%221%22,%22$options%22:%22i%22%7D%7D%5D%7D&sort=%7B%22createdAt%22:-1%7D HTTP/1.1" 200 1228 "http://localhost:4200/warehouse/import/new" "Mozilla/5.0 (Macintosh; Intel Mac OS X 10_12_6) AppleWebKit/537.36 (KHTML, like Gecko) Chrome/70.0.3538.110 Safari/537.36"
2018-12-04 08:31:15.303 - info: ::1 - - [04/Dec/2018:01:31:15 +0000] "OPTIONS /api/products?limit=10&page=1&query=%7B%22$or%22:%5B%7B%22code%22:%7B%22$regex%22:%22%22,%22$options%22:%22i%22%7D%7D,%7B%22name%22:%7B%22$regex%22:%22%22,%22$options%22:%22i%22%7D%7D,%7B%22manufacturer%22:%7B%22$regex%22:%22%22,%22$options%22:%22i%22%7D%7D%5D%7D&sort=%7B%22createdAt%22:-1%7D HTTP/1.1" 204 0 "-" "Mozilla/5.0 (Macintosh; Intel Mac OS X 10_12_6) AppleWebKit/537.36 (KHTML, like Gecko) Chrome/70.0.3538.110 Safari/537.36"
2018-12-04 08:31:15.312 - info: ::1 - - [04/Dec/2018:01:31:15 +0000] "GET /api/products?limit=10&page=1&query=%7B%22$or%22:%5B%7B%22code%22:%7B%22$regex%22:%22%22,%22$options%22:%22i%22%7D%7D,%7B%22name%22:%7B%22$regex%22:%22%22,%22$options%22:%22i%22%7D%7D,%7B%22manufacturer%22:%7B%22$regex%22:%22%22,%22$options%22:%22i%22%7D%7D%5D%7D&sort=%7B%22createdAt%22:-1%7D HTTP/1.1" 200 1228 "http://localhost:4200/warehouse/import/new" "Mozilla/5.0 (Macintosh; Intel Mac OS X 10_12_6) AppleWebKit/537.36 (KHTML, like Gecko) Chrome/70.0.3538.110 Safari/537.36"
2018-12-04 08:31:23.175 - info: ::1 - - [04/Dec/2018:01:31:23 +0000] "OPTIONS /api/products?limit=10&page=1&query=%7B%22$or%22:%5B%7B%22code%22:%7B%22$regex%22:%2210000%22,%22$options%22:%22i%22%7D%7D,%7B%22name%22:%7B%22$regex%22:%2210000%22,%22$options%22:%22i%22%7D%7D,%7B%22manufacturer%22:%7B%22$regex%22:%2210000%22,%22$options%22:%22i%22%7D%7D%5D%7D&sort=%7B%22createdAt%22:-1%7D HTTP/1.1" 204 0 "-" "Mozilla/5.0 (Macintosh; Intel Mac OS X 10_12_6) AppleWebKit/537.36 (KHTML, like Gecko) Chrome/70.0.3538.110 Safari/537.36"
2018-12-04 08:31:23.184 - info: ::1 - - [04/Dec/2018:01:31:23 +0000] "GET /api/products?limit=10&page=1&query=%7B%22$or%22:%5B%7B%22code%22:%7B%22$regex%22:%2210000%22,%22$options%22:%22i%22%7D%7D,%7B%22name%22:%7B%22$regex%22:%2210000%22,%22$options%22:%22i%22%7D%7D,%7B%22manufacturer%22:%7B%22$regex%22:%2210000%22,%22$options%22:%22i%22%7D%7D%5D%7D&sort=%7B%22createdAt%22:-1%7D HTTP/1.1" 200 1228 "http://localhost:4200/warehouse/import/new" "Mozilla/5.0 (Macintosh; Intel Mac OS X 10_12_6) AppleWebKit/537.36 (KHTML, like Gecko) Chrome/70.0.3538.110 Safari/537.36"
2018-12-04 08:31:24.678 - info: ::1 - - [04/Dec/2018:01:31:24 +0000] "OPTIONS /api/products?limit=10&page=1&query=%7B%22$or%22:%5B%7B%22code%22:%7B%22$regex%22:%22100000%22,%22$options%22:%22i%22%7D%7D,%7B%22name%22:%7B%22$regex%22:%22100000%22,%22$options%22:%22i%22%7D%7D,%7B%22manufacturer%22:%7B%22$regex%22:%22100000%22,%22$options%22:%22i%22%7D%7D%5D%7D&sort=%7B%22createdAt%22:-1%7D HTTP/1.1" 204 0 "-" "Mozilla/5.0 (Macintosh; Intel Mac OS X 10_12_6) AppleWebKit/537.36 (KHTML, like Gecko) Chrome/70.0.3538.110 Safari/537.36"
2018-12-04 08:31:24.685 - info: ::1 - - [04/Dec/2018:01:31:24 +0000] "GET /api/products?limit=10&page=1&query=%7B%22$or%22:%5B%7B%22code%22:%7B%22$regex%22:%22100000%22,%22$options%22:%22i%22%7D%7D,%7B%22name%22:%7B%22$regex%22:%22100000%22,%22$options%22:%22i%22%7D%7D,%7B%22manufacturer%22:%7B%22$regex%22:%22100000%22,%22$options%22:%22i%22%7D%7D%5D%7D&sort=%7B%22createdAt%22:-1%7D HTTP/1.1" 200 1228 "http://localhost:4200/warehouse/import/new" "Mozilla/5.0 (Macintosh; Intel Mac OS X 10_12_6) AppleWebKit/537.36 (KHTML, like Gecko) Chrome/70.0.3538.110 Safari/537.36"
2018-12-04 08:31:25.130 - info: ::1 - - [04/Dec/2018:01:31:25 +0000] "OPTIONS /api/products?limit=10&page=1&query=%7B%22$or%22:%5B%7B%22code%22:%7B%22$regex%22:%221000001%22,%22$options%22:%22i%22%7D%7D,%7B%22name%22:%7B%22$regex%22:%221000001%22,%22$options%22:%22i%22%7D%7D,%7B%22manufacturer%22:%7B%22$regex%22:%221000001%22,%22$options%22:%22i%22%7D%7D%5D%7D&sort=%7B%22createdAt%22:-1%7D HTTP/1.1" 204 0 "-" "Mozilla/5.0 (Macintosh; Intel Mac OS X 10_12_6) AppleWebKit/537.36 (KHTML, like Gecko) Chrome/70.0.3538.110 Safari/537.36"
2018-12-04 08:31:25.138 - info: ::1 - - [04/Dec/2018:01:31:25 +0000] "GET /api/products?limit=10&page=1&query=%7B%22$or%22:%5B%7B%22code%22:%7B%22$regex%22:%221000001%22,%22$options%22:%22i%22%7D%7D,%7B%22name%22:%7B%22$regex%22:%221000001%22,%22$options%22:%22i%22%7D%7D,%7B%22manufacturer%22:%7B%22$regex%22:%221000001%22,%22$options%22:%22i%22%7D%7D%5D%7D&sort=%7B%22createdAt%22:-1%7D HTTP/1.1" 200 315 "http://localhost:4200/warehouse/import/new" "Mozilla/5.0 (Macintosh; Intel Mac OS X 10_12_6) AppleWebKit/537.36 (KHTML, like Gecko) Chrome/70.0.3538.110 Safari/537.36"
2018-12-04 08:31:27.321 - info: ::1 - - [04/Dec/2018:01:31:27 +0000] "GET /api/products?limit=10&page=1&query=%7B%22$or%22:%5B%7B%22code%22:%7B%22$regex%22:%22100000%22,%22$options%22:%22i%22%7D%7D,%7B%22name%22:%7B%22$regex%22:%22100000%22,%22$options%22:%22i%22%7D%7D,%7B%22manufacturer%22:%7B%22$regex%22:%22100000%22,%22$options%22:%22i%22%7D%7D%5D%7D&sort=%7B%22createdAt%22:-1%7D HTTP/1.1" 304 - "http://localhost:4200/warehouse/import/new" "Mozilla/5.0 (Macintosh; Intel Mac OS X 10_12_6) AppleWebKit/537.36 (KHTML, like Gecko) Chrome/70.0.3538.110 Safari/537.36"
2018-12-04 08:32:23.665 - info: ::1 - - [04/Dec/2018:01:32:23 +0000] "OPTIONS /api/purchase-orders HTTP/1.1" 204 0 "-" "Mozilla/5.0 (Macintosh; Intel Mac OS X 10_12_6) AppleWebKit/537.36 (KHTML, like Gecko) Chrome/70.0.3538.110 Safari/537.36"
2018-12-04 08:32:23.750 - info: ::1 - - [04/Dec/2018:01:32:23 +0000] "POST /api/purchase-orders HTTP/1.1" 200 1674 "http://localhost:4200/warehouse/import/new" "Mozilla/5.0 (Macintosh; Intel Mac OS X 10_12_6) AppleWebKit/537.36 (KHTML, like Gecko) Chrome/70.0.3538.110 Safari/537.36"
2018-12-04 08:32:23.803 - info: ::1 - - [04/Dec/2018:01:32:23 +0000] "OPTIONS /api/purchase-orders?limit=10&page=1&query=%7B%22orderType%22:%22in%22%7D&sort=%7B%22createdAt%22:-1%7D HTTP/1.1" 204 0 "-" "Mozilla/5.0 (Macintosh; Intel Mac OS X 10_12_6) AppleWebKit/537.36 (KHTML, like Gecko) Chrome/70.0.3538.110 Safari/537.36"
2018-12-04 08:32:23.866 - info: ::1 - - [04/Dec/2018:01:32:23 +0000] "GET /api/purchase-orders?limit=10&page=1&query=%7B%22orderType%22:%22in%22%7D&sort=%7B%22createdAt%22:-1%7D HTTP/1.1" 200 1696 "http://localhost:4200/warehouse/import" "Mozilla/5.0 (Macintosh; Intel Mac OS X 10_12_6) AppleWebKit/537.36 (KHTML, like Gecko) Chrome/70.0.3538.110 Safari/537.36"
2018-12-04 08:32:33.197 - info: ::1 - - [04/Dec/2018:01:32:33 +0000] "OPTIONS /api/users?limit=10&page=1&filter=%7B%22populate%22:%22warehouseId%22%7D HTTP/1.1" 204 0 "-" "Mozilla/5.0 (Macintosh; Intel Mac OS X 10_12_6) AppleWebKit/537.36 (KHTML, like Gecko) Chrome/70.0.3538.110 Safari/537.36"
2018-12-04 08:32:33.241 - info: ::1 - - [04/Dec/2018:01:32:33 +0000] "GET /api/users?limit=10&page=1&filter=%7B%22populate%22:%22warehouseId%22%7D HTTP/1.1" 304 - "http://localhost:4200/admin/users" "Mozilla/5.0 (Macintosh; Intel Mac OS X 10_12_6) AppleWebKit/537.36 (KHTML, like Gecko) Chrome/70.0.3538.110 Safari/537.36"
2018-12-04 08:32:35.327 - info: ::1 - - [04/Dec/2018:01:32:35 +0000] "OPTIONS /api/purchase-orders?limit=10&page=1&query=%7B%22orderType%22:%22in%22%7D&sort=%7B%22createdAt%22:-1%7D HTTP/1.1" 204 0 "-" "Mozilla/5.0 (Macintosh; Intel Mac OS X 10_12_6) AppleWebKit/537.36 (KHTML, like Gecko) Chrome/70.0.3538.110 Safari/537.36"
2018-12-04 08:32:35.361 - info: ::1 - - [04/Dec/2018:01:32:35 +0000] "GET /api/purchase-orders?limit=10&page=1&query=%7B%22orderType%22:%22in%22%7D&sort=%7B%22createdAt%22:-1%7D HTTP/1.1" 304 - "http://localhost:4200/warehouse/import" "Mozilla/5.0 (Macintosh; Intel Mac OS X 10_12_6) AppleWebKit/537.36 (KHTML, like Gecko) Chrome/70.0.3538.110 Safari/537.36"
2018-12-04 08:32:37.029 - info: ::1 - - [04/Dec/2018:01:32:37 +0000] "OPTIONS /api/purchase-orders/5c05d92791a25624dd56c4b0 HTTP/1.1" 204 0 "-" "Mozilla/5.0 (Macintosh; Intel Mac OS X 10_12_6) AppleWebKit/537.36 (KHTML, like Gecko) Chrome/70.0.3538.110 Safari/537.36"
2018-12-04 08:32:37.080 - info: ::1 - - [04/Dec/2018:01:32:37 +0000] "GET /api/purchase-orders/5c05d92791a25624dd56c4b0 HTTP/1.1" 200 1674 "http://localhost:4200/warehouse/import/edit/5c05d92791a25624dd56c4b0" "Mozilla/5.0 (Macintosh; Intel Mac OS X 10_12_6) AppleWebKit/537.36 (KHTML, like Gecko) Chrome/70.0.3538.110 Safari/537.36"
2018-12-04 08:34:03.302 - info: ::1 - - [04/Dec/2018:01:34:03 +0000] "OPTIONS /api/products?limit=10&page=1&query=%7B%7D&sort=%7B%22createdAt%22:-1%7D HTTP/1.1" 204 0 "-" "Mozilla/5.0 (Macintosh; Intel Mac OS X 10_12_6) AppleWebKit/537.36 (KHTML, like Gecko) Chrome/70.0.3538.110 Safari/537.36"
2018-12-04 08:34:03.341 - info: ::1 - - [04/Dec/2018:01:34:03 +0000] "GET /api/products?limit=10&page=1&query=%7B%7D&sort=%7B%22createdAt%22:-1%7D HTTP/1.1" 304 - "http://localhost:4200/products" "Mozilla/5.0 (Macintosh; Intel Mac OS X 10_12_6) AppleWebKit/537.36 (KHTML, like Gecko) Chrome/70.0.3538.110 Safari/537.36"
2018-12-04 08:34:06.949 - info: ::1 - - [04/Dec/2018:01:34:06 +0000] "OPTIONS /api/purchase-orders?limit=10&page=1&query=%7B%22orderType%22:%22in%22%7D&sort=%7B%22createdAt%22:-1%7D HTTP/1.1" 204 0 "-" "Mozilla/5.0 (Macintosh; Intel Mac OS X 10_12_6) AppleWebKit/537.36 (KHTML, like Gecko) Chrome/70.0.3538.110 Safari/537.36"
2018-12-04 08:34:07.005 - info: ::1 - - [04/Dec/2018:01:34:07 +0000] "GET /api/purchase-orders?limit=10&page=1&query=%7B%22orderType%22:%22in%22%7D&sort=%7B%22createdAt%22:-1%7D HTTP/1.1" 304 - "http://localhost:4200/warehouse/import" "Mozilla/5.0 (Macintosh; Intel Mac OS X 10_12_6) AppleWebKit/537.36 (KHTML, like Gecko) Chrome/70.0.3538.110 Safari/537.36"
2018-12-04 08:34:12.123 - info: ::1 - - [04/Dec/2018:01:34:12 +0000] "OPTIONS /api/users?limit=10&page=1&filter=%7B%22populate%22:%22warehouseId%22%7D HTTP/1.1" 204 0 "-" "Mozilla/5.0 (Macintosh; Intel Mac OS X 10_12_6) AppleWebKit/537.36 (KHTML, like Gecko) Chrome/70.0.3538.110 Safari/537.36"
2018-12-04 08:34:12.173 - info: ::1 - - [04/Dec/2018:01:34:12 +0000] "GET /api/users?limit=10&page=1&filter=%7B%22populate%22:%22warehouseId%22%7D HTTP/1.1" 304 - "http://localhost:4200/admin/users" "Mozilla/5.0 (Macintosh; Intel Mac OS X 10_12_6) AppleWebKit/537.36 (KHTML, like Gecko) Chrome/70.0.3538.110 Safari/537.36"
2018-12-04 08:34:13.568 - info: ::1 - - [04/Dec/2018:01:34:13 +0000] "OPTIONS /api/warehouses?limit=10&page=1 HTTP/1.1" 204 0 "-" "Mozilla/5.0 (Macintosh; Intel Mac OS X 10_12_6) AppleWebKit/537.36 (KHTML, like Gecko) Chrome/70.0.3538.110 Safari/537.36"
2018-12-04 08:34:13.616 - info: ::1 - - [04/Dec/2018:01:34:13 +0000] "GET /api/warehouses?limit=10&page=1 HTTP/1.1" 304 - "http://localhost:4200/admin/warehouses" "Mozilla/5.0 (Macintosh; Intel Mac OS X 10_12_6) AppleWebKit/537.36 (KHTML, like Gecko) Chrome/70.0.3538.110 Safari/537.36"
2018-12-04 08:34:18.458 - info: ::1 - - [04/Dec/2018:01:34:18 +0000] "OPTIONS /api/users?limit=10&page=1&filter=%7B%22populate%22:%22warehouseId%22%7D HTTP/1.1" 204 0 "-" "Mozilla/5.0 (Macintosh; Intel Mac OS X 10_12_6) AppleWebKit/537.36 (KHTML, like Gecko) Chrome/70.0.3538.110 Safari/537.36"
2018-12-04 08:34:18.509 - info: ::1 - - [04/Dec/2018:01:34:18 +0000] "GET /api/users?limit=10&page=1&filter=%7B%22populate%22:%22warehouseId%22%7D HTTP/1.1" 304 - "http://localhost:4200/admin/users" "Mozilla/5.0 (Macintosh; Intel Mac OS X 10_12_6) AppleWebKit/537.36 (KHTML, like Gecko) Chrome/70.0.3538.110 Safari/537.36"
2018-12-04 08:34:21.471 - info: ::1 - - [04/Dec/2018:01:34:21 +0000] "OPTIONS /api/purchase-orders?limit=10&page=1&query=%7B%22orderType%22:%22in%22%7D&sort=%7B%22createdAt%22:-1%7D HTTP/1.1" 204 0 "-" "Mozilla/5.0 (Macintosh; Intel Mac OS X 10_12_6) AppleWebKit/537.36 (KHTML, like Gecko) Chrome/70.0.3538.110 Safari/537.36"
2018-12-04 08:34:21.509 - info: ::1 - - [04/Dec/2018:01:34:21 +0000] "GET /api/purchase-orders?limit=10&page=1&query=%7B%22orderType%22:%22in%22%7D&sort=%7B%22createdAt%22:-1%7D HTTP/1.1" 304 - "http://localhost:4200/warehouse/import" "Mozilla/5.0 (Macintosh; Intel Mac OS X 10_12_6) AppleWebKit/537.36 (KHTML, like Gecko) Chrome/70.0.3538.110 Safari/537.36"
2018-12-04 08:34:52.702 - info: ::1 - - [04/Dec/2018:01:34:52 +0000] "OPTIONS /api/products?limit=10&page=1&query=%7B%7D&sort=%7B%22createdAt%22:-1%7D HTTP/1.1" 204 0 "-" "Mozilla/5.0 (Macintosh; Intel Mac OS X 10_12_6) AppleWebKit/537.36 (KHTML, like Gecko) Chrome/70.0.3538.110 Safari/537.36"
2018-12-04 08:34:52.754 - info: ::1 - - [04/Dec/2018:01:34:52 +0000] "GET /api/products?limit=10&page=1&query=%7B%7D&sort=%7B%22createdAt%22:-1%7D HTTP/1.1" 304 - "http://localhost:4200/products" "Mozilla/5.0 (Macintosh; Intel Mac OS X 10_12_6) AppleWebKit/537.36 (KHTML, like Gecko) Chrome/70.0.3538.110 Safari/537.36"
2018-12-04 08:34:53.258 - info: ::1 - - [04/Dec/2018:01:34:53 +0000] "OPTIONS /api/purchase-orders?limit=10&page=1&query=%7B%22orderType%22:%22in%22%7D&sort=%7B%22createdAt%22:-1%7D HTTP/1.1" 204 0 "-" "Mozilla/5.0 (Macintosh; Intel Mac OS X 10_12_6) AppleWebKit/537.36 (KHTML, like Gecko) Chrome/70.0.3538.110 Safari/537.36"
2018-12-04 08:34:53.303 - info: ::1 - - [04/Dec/2018:01:34:53 +0000] "GET /api/purchase-orders?limit=10&page=1&query=%7B%22orderType%22:%22in%22%7D&sort=%7B%22createdAt%22:-1%7D HTTP/1.1" 304 - "http://localhost:4200/warehouse/import" "Mozilla/5.0 (Macintosh; Intel Mac OS X 10_12_6) AppleWebKit/537.36 (KHTML, like Gecko) Chrome/70.0.3538.110 Safari/537.36"
2018-12-04 08:34:54.731 - info: ::1 - - [04/Dec/2018:01:34:54 +0000] "OPTIONS /api/purchase-orders/5c05d92791a25624dd56c4b0 HTTP/1.1" 204 0 "-" "Mozilla/5.0 (Macintosh; Intel Mac OS X 10_12_6) AppleWebKit/537.36 (KHTML, like Gecko) Chrome/70.0.3538.110 Safari/537.36"
2018-12-04 08:34:54.794 - info: ::1 - - [04/Dec/2018:01:34:54 +0000] "GET /api/purchase-orders/5c05d92791a25624dd56c4b0 HTTP/1.1" 304 - "http://localhost:4200/warehouse/import/edit/5c05d92791a25624dd56c4b0" "Mozilla/5.0 (Macintosh; Intel Mac OS X 10_12_6) AppleWebKit/537.36 (KHTML, like Gecko) Chrome/70.0.3538.110 Safari/537.36"
2018-12-04 08:43:01.239 - info: ::1 - - [04/Dec/2018:01:43:01 +0000] "OPTIONS /api/products?limit=10&page=1&query=%7B%7D&sort=%7B%22createdAt%22:-1%7D HTTP/1.1" 204 0 "-" "Mozilla/5.0 (Macintosh; Intel Mac OS X 10_12_6) AppleWebKit/537.36 (KHTML, like Gecko) Chrome/70.0.3538.110 Safari/537.36"
2018-12-04 08:43:01.285 - info: ::1 - - [04/Dec/2018:01:43:01 +0000] "GET /api/products?limit=10&page=1&query=%7B%7D&sort=%7B%22createdAt%22:-1%7D HTTP/1.1" 304 - "http://localhost:4200/products" "Mozilla/5.0 (Macintosh; Intel Mac OS X 10_12_6) AppleWebKit/537.36 (KHTML, like Gecko) Chrome/70.0.3538.110 Safari/537.36"
2018-12-04 08:43:02.585 - info: ::1 - - [04/Dec/2018:01:43:02 +0000] "OPTIONS /api/purchase-orders?limit=10&page=1&query=%7B%22orderType%22:%22in%22%7D&sort=%7B%22createdAt%22:-1%7D HTTP/1.1" 204 0 "-" "Mozilla/5.0 (Macintosh; Intel Mac OS X 10_12_6) AppleWebKit/537.36 (KHTML, like Gecko) Chrome/70.0.3538.110 Safari/537.36"
2018-12-04 08:43:02.625 - info: ::1 - - [04/Dec/2018:01:43:02 +0000] "GET /api/purchase-orders?limit=10&page=1&query=%7B%22orderType%22:%22in%22%7D&sort=%7B%22createdAt%22:-1%7D HTTP/1.1" 304 - "http://localhost:4200/warehouse/import" "Mozilla/5.0 (Macintosh; Intel Mac OS X 10_12_6) AppleWebKit/537.36 (KHTML, like Gecko) Chrome/70.0.3538.110 Safari/537.36"
2018-12-04 08:43:38.514 - info: ::1 - - [04/Dec/2018:01:43:38 +0000] "OPTIONS /api/purchase-orders/5c05d92791a25624dd56c4b0 HTTP/1.1" 204 0 "-" "Mozilla/5.0 (Macintosh; Intel Mac OS X 10_12_6) AppleWebKit/537.36 (KHTML, like Gecko) Chrome/70.0.3538.110 Safari/537.36"
2018-12-04 08:43:38.573 - info: ::1 - - [04/Dec/2018:01:43:38 +0000] "GET /api/purchase-orders/5c05d92791a25624dd56c4b0 HTTP/1.1" 304 - "http://localhost:4200/warehouse/import/edit/5c05d92791a25624dd56c4b0" "Mozilla/5.0 (Macintosh; Intel Mac OS X 10_12_6) AppleWebKit/537.36 (KHTML, like Gecko) Chrome/70.0.3538.110 Safari/537.36"
2018-12-04 08:43:47.197 - info: ::1 - - [04/Dec/2018:01:43:47 +0000] "OPTIONS /api/purchase-orders?limit=10&page=1&query=%7B%22orderType%22:%22in%22%7D&sort=%7B%22createdAt%22:-1%7D HTTP/1.1" 204 0 "-" "Mozilla/5.0 (Macintosh; Intel Mac OS X 10_12_6) AppleWebKit/537.36 (KHTML, like Gecko) Chrome/70.0.3538.110 Safari/537.36"
2018-12-04 08:43:47.237 - info: ::1 - - [04/Dec/2018:01:43:47 +0000] "GET /api/purchase-orders?limit=10&page=1&query=%7B%22orderType%22:%22in%22%7D&sort=%7B%22createdAt%22:-1%7D HTTP/1.1" 304 - "http://localhost:4200/warehouse/import" "Mozilla/5.0 (Macintosh; Intel Mac OS X 10_12_6) AppleWebKit/537.36 (KHTML, like Gecko) Chrome/70.0.3538.110 Safari/537.36"
2018-12-04 08:44:17.351 - info: ::1 - - [04/Dec/2018:01:44:17 +0000] "OPTIONS /api/products?limit=10&page=1&query=%7B%22$or%22:%5B%7B%22code%22:%7B%22$regex%22:%2210000%22,%22$options%22:%22i%22%7D%7D,%7B%22name%22:%7B%22$regex%22:%2210000%22,%22$options%22:%22i%22%7D%7D,%7B%22manufacturer%22:%7B%22$regex%22:%2210000%22,%22$options%22:%22i%22%7D%7D%5D%7D&sort=%7B%22createdAt%22:-1%7D HTTP/1.1" 204 0 "-" "Mozilla/5.0 (Macintosh; Intel Mac OS X 10_12_6) AppleWebKit/537.36 (KHTML, like Gecko) Chrome/70.0.3538.110 Safari/537.36"
2018-12-04 08:44:17.360 - info: ::1 - - [04/Dec/2018:01:44:17 +0000] "GET /api/products?limit=10&page=1&query=%7B%22$or%22:%5B%7B%22code%22:%7B%22$regex%22:%2210000%22,%22$options%22:%22i%22%7D%7D,%7B%22name%22:%7B%22$regex%22:%2210000%22,%22$options%22:%22i%22%7D%7D,%7B%22manufacturer%22:%7B%22$regex%22:%2210000%22,%22$options%22:%22i%22%7D%7D%5D%7D&sort=%7B%22createdAt%22:-1%7D HTTP/1.1" 304 - "http://localhost:4200/warehouse/import/new" "Mozilla/5.0 (Macintosh; Intel Mac OS X 10_12_6) AppleWebKit/537.36 (KHTML, like Gecko) Chrome/70.0.3538.110 Safari/537.36"
2018-12-04 08:44:41.186 - info: ::1 - - [04/Dec/2018:01:44:41 +0000] "OPTIONS /api/purchase-orders HTTP/1.1" 204 0 "-" "Mozilla/5.0 (Macintosh; Intel Mac OS X 10_12_6) AppleWebKit/537.36 (KHTML, like Gecko) Chrome/70.0.3538.110 Safari/537.36"
2018-12-04 08:44:41.209 - info: ::1 - - [04/Dec/2018:01:44:41 +0000] "POST /api/purchase-orders HTTP/1.1" 200 1266 "http://localhost:4200/warehouse/import/new" "Mozilla/5.0 (Macintosh; Intel Mac OS X 10_12_6) AppleWebKit/537.36 (KHTML, like Gecko) Chrome/70.0.3538.110 Safari/537.36"
2018-12-04 08:44:41.244 - info: ::1 - - [04/Dec/2018:01:44:41 +0000] "OPTIONS /api/purchase-orders?limit=10&page=1&query=%7B%22orderType%22:%22in%22%7D&sort=%7B%22createdAt%22:-1%7D HTTP/1.1" 204 0 "-" "Mozilla/5.0 (Macintosh; Intel Mac OS X 10_12_6) AppleWebKit/537.36 (KHTML, like Gecko) Chrome/70.0.3538.110 Safari/537.36"
2018-12-04 08:44:41.290 - info: ::1 - - [04/Dec/2018:01:44:41 +0000] "GET /api/purchase-orders?limit=10&page=1&query=%7B%22orderType%22:%22in%22%7D&sort=%7B%22createdAt%22:-1%7D HTTP/1.1" 200 2963 "http://localhost:4200/warehouse/import" "Mozilla/5.0 (Macintosh; Intel Mac OS X 10_12_6) AppleWebKit/537.36 (KHTML, like Gecko) Chrome/70.0.3538.110 Safari/537.36"
2018-12-04 08:44:50.341 - info: ::1 - - [04/Dec/2018:01:44:50 +0000] "OPTIONS /api/purchase-orders/5c05dc0991a25624dd56c4b4 HTTP/1.1" 204 0 "-" "Mozilla/5.0 (Macintosh; Intel Mac OS X 10_12_6) AppleWebKit/537.36 (KHTML, like Gecko) Chrome/70.0.3538.110 Safari/537.36"
2018-12-04 08:44:50.410 - info: ::1 - - [04/Dec/2018:01:44:50 +0000] "GET /api/purchase-orders/5c05dc0991a25624dd56c4b4 HTTP/1.1" 200 1266 "http://localhost:4200/warehouse/import/edit/5c05dc0991a25624dd56c4b4" "Mozilla/5.0 (Macintosh; Intel Mac OS X 10_12_6) AppleWebKit/537.36 (KHTML, like Gecko) Chrome/70.0.3538.110 Safari/537.36"
2018-12-04 08:44:55.858 - info: ::1 - - [04/Dec/2018:01:44:55 +0000] "OPTIONS /api/purchase-orders?limit=10&page=1&query=%7B%22orderType%22:%22in%22%7D&sort=%7B%22createdAt%22:-1%7D HTTP/1.1" 204 0 "-" "Mozilla/5.0 (Macintosh; Intel Mac OS X 10_12_6) AppleWebKit/537.36 (KHTML, like Gecko) Chrome/70.0.3538.110 Safari/537.36"
2018-12-04 08:44:55.900 - info: ::1 - - [04/Dec/2018:01:44:55 +0000] "GET /api/purchase-orders?limit=10&page=1&query=%7B%22orderType%22:%22in%22%7D&sort=%7B%22createdAt%22:-1%7D HTTP/1.1" 304 - "http://localhost:4200/warehouse/import" "Mozilla/5.0 (Macintosh; Intel Mac OS X 10_12_6) AppleWebKit/537.36 (KHTML, like Gecko) Chrome/70.0.3538.110 Safari/537.36"
2018-12-04 08:45:01.266 - info: ::1 - - [04/Dec/2018:01:45:01 +0000] "OPTIONS /api/purchase-orders?limit=10&page=1&query=%7B%22orderType%22:%22out%22%7D&sort=%7B%22createdAt%22:-1%7D HTTP/1.1" 204 0 "-" "Mozilla/5.0 (Macintosh; Intel Mac OS X 10_12_6) AppleWebKit/537.36 (KHTML, like Gecko) Chrome/70.0.3538.110 Safari/537.36"
2018-12-04 08:45:01.301 - info: ::1 - - [04/Dec/2018:01:45:01 +0000] "GET /api/purchase-orders?limit=10&page=1&query=%7B%22orderType%22:%22out%22%7D&sort=%7B%22createdAt%22:-1%7D HTTP/1.1" 304 - "http://localhost:4200/warehouse/export" "Mozilla/5.0 (Macintosh; Intel Mac OS X 10_12_6) AppleWebKit/537.36 (KHTML, like Gecko) Chrome/70.0.3538.110 Safari/537.36"
2018-12-04 08:45:02.133 - info: ::1 - - [04/Dec/2018:01:45:02 +0000] "OPTIONS /api/purchase-orders?limit=10&page=1&query=%7B%22orderType%22:%22in%22%7D&sort=%7B%22createdAt%22:-1%7D HTTP/1.1" 204 0 "-" "Mozilla/5.0 (Macintosh; Intel Mac OS X 10_12_6) AppleWebKit/537.36 (KHTML, like Gecko) Chrome/70.0.3538.110 Safari/537.36"
2018-12-04 08:45:02.165 - info: ::1 - - [04/Dec/2018:01:45:02 +0000] "GET /api/purchase-orders?limit=10&page=1&query=%7B%22orderType%22:%22in%22%7D&sort=%7B%22createdAt%22:-1%7D HTTP/1.1" 304 - "http://localhost:4200/warehouse/import" "Mozilla/5.0 (Macintosh; Intel Mac OS X 10_12_6) AppleWebKit/537.36 (KHTML, like Gecko) Chrome/70.0.3538.110 Safari/537.36"
2018-12-04 08:45:45.791 - info: ::1 - - [04/Dec/2018:01:45:45 +0000] "OPTIONS /api/purchase-orders?limit=10&page=1&query=%7B%22orderType%22:%22out%22%7D&sort=%7B%22createdAt%22:-1%7D HTTP/1.1" 204 0 "-" "Mozilla/5.0 (Macintosh; Intel Mac OS X 10_12_6) AppleWebKit/537.36 (KHTML, like Gecko) Chrome/70.0.3538.110 Safari/537.36"
2018-12-04 08:45:45.827 - info: ::1 - - [04/Dec/2018:01:45:45 +0000] "GET /api/purchase-orders?limit=10&page=1&query=%7B%22orderType%22:%22out%22%7D&sort=%7B%22createdAt%22:-1%7D HTTP/1.1" 304 - "http://localhost:4200/warehouse/export" "Mozilla/5.0 (Macintosh; Intel Mac OS X 10_12_6) AppleWebKit/537.36 (KHTML, like Gecko) Chrome/70.0.3538.110 Safari/537.36"
2018-12-04 08:45:47.583 - info: ::1 - - [04/Dec/2018:01:45:47 +0000] "OPTIONS /api/purchase-orders?limit=10&page=1&query=%7B%22orderType%22:%22in%22%7D&sort=%7B%22createdAt%22:-1%7D HTTP/1.1" 204 0 "-" "Mozilla/5.0 (Macintosh; Intel Mac OS X 10_12_6) AppleWebKit/537.36 (KHTML, like Gecko) Chrome/70.0.3538.110 Safari/537.36"
2018-12-04 08:45:47.618 - info: ::1 - - [04/Dec/2018:01:45:47 +0000] "GET /api/purchase-orders?limit=10&page=1&query=%7B%22orderType%22:%22in%22%7D&sort=%7B%22createdAt%22:-1%7D HTTP/1.1" 304 - "http://localhost:4200/warehouse/import" "Mozilla/5.0 (Macintosh; Intel Mac OS X 10_12_6) AppleWebKit/537.36 (KHTML, like Gecko) Chrome/70.0.3538.110 Safari/537.36"
2018-12-04 08:45:51.087 - info: ::1 - - [04/Dec/2018:01:45:51 +0000] "OPTIONS /api/purchase-orders?limit=10&page=1&query=%7B%22orderType%22:%22out%22%7D&sort=%7B%22createdAt%22:-1%7D HTTP/1.1" 204 0 "-" "Mozilla/5.0 (Macintosh; Intel Mac OS X 10_12_6) AppleWebKit/537.36 (KHTML, like Gecko) Chrome/70.0.3538.110 Safari/537.36"
2018-12-04 08:45:51.114 - info: ::1 - - [04/Dec/2018:01:45:51 +0000] "GET /api/purchase-orders?limit=10&page=1&query=%7B%22orderType%22:%22out%22%7D&sort=%7B%22createdAt%22:-1%7D HTTP/1.1" 304 - "http://localhost:4200/warehouse/export" "Mozilla/5.0 (Macintosh; Intel Mac OS X 10_12_6) AppleWebKit/537.36 (KHTML, like Gecko) Chrome/70.0.3538.110 Safari/537.36"
2018-12-04 08:45:53.252 - info: ::1 - - [04/Dec/2018:01:45:53 +0000] "OPTIONS /api/purchase-orders?limit=10&page=1&query=%7B%22orderType%22:%22in%22%7D&sort=%7B%22createdAt%22:-1%7D HTTP/1.1" 204 0 "-" "Mozilla/5.0 (Macintosh; Intel Mac OS X 10_12_6) AppleWebKit/537.36 (KHTML, like Gecko) Chrome/70.0.3538.110 Safari/537.36"
2018-12-04 08:45:53.286 - info: ::1 - - [04/Dec/2018:01:45:53 +0000] "GET /api/purchase-orders?limit=10&page=1&query=%7B%22orderType%22:%22in%22%7D&sort=%7B%22createdAt%22:-1%7D HTTP/1.1" 304 - "http://localhost:4200/warehouse/import" "Mozilla/5.0 (Macintosh; Intel Mac OS X 10_12_6) AppleWebKit/537.36 (KHTML, like Gecko) Chrome/70.0.3538.110 Safari/537.36"
2018-12-04 08:47:14.991 - info: ::1 - - [04/Dec/2018:01:47:14 +0000] "OPTIONS /api/users?limit=10&page=1&filter=%7B%22populate%22:%22warehouseId%22%7D HTTP/1.1" 204 0 "-" "Mozilla/5.0 (Macintosh; Intel Mac OS X 10_12_6) AppleWebKit/537.36 (KHTML, like Gecko) Chrome/70.0.3538.110 Safari/537.36"
2018-12-04 08:47:15.035 - info: ::1 - - [04/Dec/2018:01:47:15 +0000] "GET /api/users?limit=10&page=1&filter=%7B%22populate%22:%22warehouseId%22%7D HTTP/1.1" 304 - "http://localhost:4200/admin/users" "Mozilla/5.0 (Macintosh; Intel Mac OS X 10_12_6) AppleWebKit/537.36 (KHTML, like Gecko) Chrome/70.0.3538.110 Safari/537.36"
2018-12-04 08:50:02.423 - info: ::1 - - [04/Dec/2018:01:50:02 +0000] "OPTIONS /api/purchase-orders?limit=10&page=1&query=%7B%22orderType%22:%22in%22%7D&sort=%7B%22createdAt%22:-1%7D HTTP/1.1" 204 0 "-" "Mozilla/5.0 (Macintosh; Intel Mac OS X 10_12_6) AppleWebKit/537.36 (KHTML, like Gecko) Chrome/70.0.3538.110 Safari/537.36"
2018-12-04 08:50:02.475 - info: ::1 - - [04/Dec/2018:01:50:02 +0000] "GET /api/purchase-orders?limit=10&page=1&query=%7B%22orderType%22:%22in%22%7D&sort=%7B%22createdAt%22:-1%7D HTTP/1.1" 304 - "http://localhost:4200/warehouse/import" "Mozilla/5.0 (Macintosh; Intel Mac OS X 10_12_6) AppleWebKit/537.36 (KHTML, like Gecko) Chrome/70.0.3538.110 Safari/537.36"
2018-12-04 08:50:04.267 - info: ::1 - - [04/Dec/2018:01:50:04 +0000] "OPTIONS /api/purchase-orders?limit=10&page=1&query=%7B%22orderType%22:%22out%22%7D&sort=%7B%22createdAt%22:-1%7D HTTP/1.1" 204 0 "-" "Mozilla/5.0 (Macintosh; Intel Mac OS X 10_12_6) AppleWebKit/537.36 (KHTML, like Gecko) Chrome/70.0.3538.110 Safari/537.36"
2018-12-04 08:50:04.298 - info: ::1 - - [04/Dec/2018:01:50:04 +0000] "GET /api/purchase-orders?limit=10&page=1&query=%7B%22orderType%22:%22out%22%7D&sort=%7B%22createdAt%22:-1%7D HTTP/1.1" 304 - "http://localhost:4200/warehouse/export" "Mozilla/5.0 (Macintosh; Intel Mac OS X 10_12_6) AppleWebKit/537.36 (KHTML, like Gecko) Chrome/70.0.3538.110 Safari/537.36"
2018-12-04 08:50:08.205 - info: ::1 - - [04/Dec/2018:01:50:08 +0000] "OPTIONS /api/purchase-orders?limit=10&page=1&query=%7B%22orderType%22:%22in%22%7D&sort=%7B%22createdAt%22:-1%7D HTTP/1.1" 204 0 "-" "Mozilla/5.0 (Macintosh; Intel Mac OS X 10_12_6) AppleWebKit/537.36 (KHTML, like Gecko) Chrome/70.0.3538.110 Safari/537.36"
2018-12-04 08:50:08.257 - info: ::1 - - [04/Dec/2018:01:50:08 +0000] "GET /api/purchase-orders?limit=10&page=1&query=%7B%22orderType%22:%22in%22%7D&sort=%7B%22createdAt%22:-1%7D HTTP/1.1" 304 - "http://localhost:4200/warehouse/import" "Mozilla/5.0 (Macintosh; Intel Mac OS X 10_12_6) AppleWebKit/537.36 (KHTML, like Gecko) Chrome/70.0.3538.110 Safari/537.36"
2018-12-04 08:51:33.410 - info: ::1 - - [04/Dec/2018:01:51:33 +0000] "OPTIONS /api/warehouses?limit=10&page=1 HTTP/1.1" 204 0 "-" "Mozilla/5.0 (Macintosh; Intel Mac OS X 10_12_6) AppleWebKit/537.36 (KHTML, like Gecko) Chrome/70.0.3538.110 Safari/537.36"
2018-12-04 08:51:33.454 - info: ::1 - - [04/Dec/2018:01:51:33 +0000] "GET /api/warehouses?limit=10&page=1 HTTP/1.1" 304 - "http://localhost:4200/admin/warehouses" "Mozilla/5.0 (Macintosh; Intel Mac OS X 10_12_6) AppleWebKit/537.36 (KHTML, like Gecko) Chrome/70.0.3538.110 Safari/537.36"
2018-12-04 08:52:30.366 - info: ::1 - - [04/Dec/2018:01:52:30 +0000] "OPTIONS /api/warehouses?limit=10&page=1 HTTP/1.1" 204 0 "-" "Mozilla/5.0 (Macintosh; Intel Mac OS X 10_12_6) AppleWebKit/537.36 (KHTML, like Gecko) Chrome/70.0.3538.110 Safari/537.36"
2018-12-04 08:52:30.405 - info: ::1 - - [04/Dec/2018:01:52:30 +0000] "GET /api/warehouses?limit=10&page=1 HTTP/1.1" 304 - "http://localhost:4200/admin/warehouses" "Mozilla/5.0 (Macintosh; Intel Mac OS X 10_12_6) AppleWebKit/537.36 (KHTML, like Gecko) Chrome/70.0.3538.110 Safari/537.36"
2018-12-04 08:52:31.536 - info: ::1 - - [04/Dec/2018:01:52:31 +0000] "OPTIONS /api/users?limit=10&page=1&filter=%7B%22populate%22:%22warehouseId%22%7D HTTP/1.1" 204 0 "-" "Mozilla/5.0 (Macintosh; Intel Mac OS X 10_12_6) AppleWebKit/537.36 (KHTML, like Gecko) Chrome/70.0.3538.110 Safari/537.36"
2018-12-04 08:52:31.578 - info: ::1 - - [04/Dec/2018:01:52:31 +0000] "GET /api/users?limit=10&page=1&filter=%7B%22populate%22:%22warehouseId%22%7D HTTP/1.1" 304 - "http://localhost:4200/admin/users" "Mozilla/5.0 (Macintosh; Intel Mac OS X 10_12_6) AppleWebKit/537.36 (KHTML, like Gecko) Chrome/70.0.3538.110 Safari/537.36"
2018-12-04 08:52:46.445 - info: ::1 - - [04/Dec/2018:01:52:46 +0000] "OPTIONS /api/auth/login HTTP/1.1" 204 0 "-" "Mozilla/5.0 (Macintosh; Intel Mac OS X 10_12_6) AppleWebKit/537.36 (KHTML, like Gecko) Chrome/70.0.3538.110 Safari/537.36"
2018-12-04 08:52:46.678 - info: ::1 - - [04/Dec/2018:01:52:46 +0000] "POST /api/auth/login HTTP/1.1" 200 190 "http://localhost:4200/auth/login" "Mozilla/5.0 (Macintosh; Intel Mac OS X 10_12_6) AppleWebKit/537.36 (KHTML, like Gecko) Chrome/70.0.3538.110 Safari/537.36"
2018-12-04 08:52:46.685 - info: ::1 - - [04/Dec/2018:01:52:46 +0000] "OPTIONS /api/me HTTP/1.1" 204 0 "-" "Mozilla/5.0 (Macintosh; Intel Mac OS X 10_12_6) AppleWebKit/537.36 (KHTML, like Gecko) Chrome/70.0.3538.110 Safari/537.36"
2018-12-04 08:52:46.690 - info: ::1 - - [04/Dec/2018:01:52:46 +0000] "GET /api/me HTTP/1.1" 200 226 "http://localhost:4200/auth/login" "Mozilla/5.0 (Macintosh; Intel Mac OS X 10_12_6) AppleWebKit/537.36 (KHTML, like Gecko) Chrome/70.0.3538.110 Safari/537.36"
2018-12-04 08:52:50.308 - info: ::1 - - [04/Dec/2018:01:52:50 +0000] "OPTIONS /api/users?limit=10&page=1&filter=%7B%22populate%22:%22warehouseId%22%7D HTTP/1.1" 204 0 "-" "Mozilla/5.0 (Macintosh; Intel Mac OS X 10_12_6) AppleWebKit/537.36 (KHTML, like Gecko) Chrome/70.0.3538.110 Safari/537.36"
2018-12-04 08:52:50.380 - info: ::1 - - [04/Dec/2018:01:52:50 +0000] "GET /api/users?limit=10&page=1&filter=%7B%22populate%22:%22warehouseId%22%7D HTTP/1.1" 304 - "http://localhost:4200/admin/users" "Mozilla/5.0 (Macintosh; Intel Mac OS X 10_12_6) AppleWebKit/537.36 (KHTML, like Gecko) Chrome/70.0.3538.110 Safari/537.36"
2018-12-04 08:52:53.664 - info: ::1 - - [04/Dec/2018:01:52:53 +0000] "OPTIONS /api/warehouses?limit=10000&page=1 HTTP/1.1" 204 0 "-" "Mozilla/5.0 (Macintosh; Intel Mac OS X 10_12_6) AppleWebKit/537.36 (KHTML, like Gecko) Chrome/70.0.3538.110 Safari/537.36"
2018-12-04 08:52:53.737 - info: ::1 - - [04/Dec/2018:01:52:53 +0000] "GET /api/warehouses?limit=10000&page=1 HTTP/1.1" 304 - "http://localhost:4200/admin/users" "Mozilla/5.0 (Macintosh; Intel Mac OS X 10_12_6) AppleWebKit/537.36 (KHTML, like Gecko) Chrome/70.0.3538.110 Safari/537.36"
2018-12-04 08:53:21.833 - info: ::1 - - [04/Dec/2018:01:53:21 +0000] "OPTIONS /api/users HTTP/1.1" 204 0 "-" "Mozilla/5.0 (Macintosh; Intel Mac OS X 10_12_6) AppleWebKit/537.36 (KHTML, like Gecko) Chrome/70.0.3538.110 Safari/537.36"
2018-12-04 08:53:22.085 - info: ::1 - - [04/Dec/2018:01:53:22 +0000] "POST /api/users HTTP/1.1" 200 260 "http://localhost:4200/admin/users" "Mozilla/5.0 (Macintosh; Intel Mac OS X 10_12_6) AppleWebKit/537.36 (KHTML, like Gecko) Chrome/70.0.3538.110 Safari/537.36"
2018-12-04 08:53:22.176 - info: ::1 - - [04/Dec/2018:01:53:22 +0000] "OPTIONS /api/users?limit=10&page=1&filter=%7B%22populate%22:%22warehouseId%22%7D HTTP/1.1" 204 0 "-" "Mozilla/5.0 (Macintosh; Intel Mac OS X 10_12_6) AppleWebKit/537.36 (KHTML, like Gecko) Chrome/70.0.3538.110 Safari/537.36"
2018-12-04 08:53:22.205 - info: ::1 - - [04/Dec/2018:01:53:22 +0000] "GET /api/users?limit=10&page=1&filter=%7B%22populate%22:%22warehouseId%22%7D HTTP/1.1" 200 1718 "http://localhost:4200/admin/users" "Mozilla/5.0 (Macintosh; Intel Mac OS X 10_12_6) AppleWebKit/537.36 (KHTML, like Gecko) Chrome/70.0.3538.110 Safari/537.36"
2018-12-04 08:53:26.154 - info: ::1 - - [04/Dec/2018:01:53:26 +0000] "OPTIONS /api/warehouses?limit=10000&page=1 HTTP/1.1" 204 0 "-" "Mozilla/5.0 (Macintosh; Intel Mac OS X 10_12_6) AppleWebKit/537.36 (KHTML, like Gecko) Chrome/70.0.3538.110 Safari/537.36"
2018-12-04 08:53:26.212 - info: ::1 - - [04/Dec/2018:01:53:26 +0000] "GET /api/warehouses?limit=10000&page=1 HTTP/1.1" 304 - "http://localhost:4200/admin/users" "Mozilla/5.0 (Macintosh; Intel Mac OS X 10_12_6) AppleWebKit/537.36 (KHTML, like Gecko) Chrome/70.0.3538.110 Safari/537.36"
2018-12-04 08:53:49.147 - info: ::1 - - [04/Dec/2018:01:53:49 +0000] "OPTIONS /api/users HTTP/1.1" 204 0 "-" "Mozilla/5.0 (Macintosh; Intel Mac OS X 10_12_6) AppleWebKit/537.36 (KHTML, like Gecko) Chrome/70.0.3538.110 Safari/537.36"
2018-12-04 08:53:49.408 - info: ::1 - - [04/Dec/2018:01:53:49 +0000] "POST /api/users HTTP/1.1" 200 259 "http://localhost:4200/admin/users" "Mozilla/5.0 (Macintosh; Intel Mac OS X 10_12_6) AppleWebKit/537.36 (KHTML, like Gecko) Chrome/70.0.3538.110 Safari/537.36"
2018-12-04 08:53:49.488 - info: ::1 - - [04/Dec/2018:01:53:49 +0000] "OPTIONS /api/users?limit=10&page=1&filter=%7B%22populate%22:%22warehouseId%22%7D HTTP/1.1" 204 0 "-" "Mozilla/5.0 (Macintosh; Intel Mac OS X 10_12_6) AppleWebKit/537.36 (KHTML, like Gecko) Chrome/70.0.3538.110 Safari/537.36"
2018-12-04 08:53:49.520 - info: ::1 - - [04/Dec/2018:01:53:49 +0000] "GET /api/users?limit=10&page=1&filter=%7B%22populate%22:%22warehouseId%22%7D HTTP/1.1" 200 2087 "http://localhost:4200/admin/users" "Mozilla/5.0 (Macintosh; Intel Mac OS X 10_12_6) AppleWebKit/537.36 (KHTML, like Gecko) Chrome/70.0.3538.110 Safari/537.36"
2018-12-04 08:54:00.850 - info: ::1 - - [04/Dec/2018:01:54:00 +0000] "OPTIONS /api/auth/login HTTP/1.1" 204 0 "-" "Mozilla/5.0 (Macintosh; Intel Mac OS X 10_12_6) AppleWebKit/537.36 (KHTML, like Gecko) Chrome/70.0.3538.110 Safari/537.36"
2018-12-04 08:54:01.077 - info: ::1 - - [04/Dec/2018:01:54:01 +0000] "POST /api/auth/login HTTP/1.1" 200 190 "http://localhost:4200/auth/login" "Mozilla/5.0 (Macintosh; Intel Mac OS X 10_12_6) AppleWebKit/537.36 (KHTML, like Gecko) Chrome/70.0.3538.110 Safari/537.36"
2018-12-04 08:54:01.081 - info: ::1 - - [04/Dec/2018:01:54:01 +0000] "OPTIONS /api/me HTTP/1.1" 204 0 "-" "Mozilla/5.0 (Macintosh; Intel Mac OS X 10_12_6) AppleWebKit/537.36 (KHTML, like Gecko) Chrome/70.0.3538.110 Safari/537.36"
2018-12-04 08:54:01.088 - info: ::1 - - [04/Dec/2018:01:54:01 +0000] "GET /api/me HTTP/1.1" 200 368 "http://localhost:4200/auth/login" "Mozilla/5.0 (Macintosh; Intel Mac OS X 10_12_6) AppleWebKit/537.36 (KHTML, like Gecko) Chrome/70.0.3538.110 Safari/537.36"
2018-12-04 08:54:06.178 - info: ::1 - - [04/Dec/2018:01:54:06 +0000] "OPTIONS /api/purchase-orders?limit=10&page=1&query=%7B%22orderType%22:%22out%22%7D&sort=%7B%22createdAt%22:-1%7D HTTP/1.1" 204 0 "-" "Mozilla/5.0 (Macintosh; Intel Mac OS X 10_12_6) AppleWebKit/537.36 (KHTML, like Gecko) Chrome/70.0.3538.110 Safari/537.36"
2018-12-04 08:54:06.217 - info: ::1 - - [04/Dec/2018:01:54:06 +0000] "GET /api/purchase-orders?limit=10&page=1&query=%7B%22orderType%22:%22out%22%7D&sort=%7B%22createdAt%22:-1%7D HTTP/1.1" 304 - "http://localhost:4200/warehouse/export" "Mozilla/5.0 (Macintosh; Intel Mac OS X 10_12_6) AppleWebKit/537.36 (KHTML, like Gecko) Chrome/70.0.3538.110 Safari/537.36"
2018-12-04 08:54:06.782 - info: ::1 - - [04/Dec/2018:01:54:06 +0000] "OPTIONS /api/purchase-orders?limit=10&page=1&query=%7B%22orderType%22:%22in%22%7D&sort=%7B%22createdAt%22:-1%7D HTTP/1.1" 204 0 "-" "Mozilla/5.0 (Macintosh; Intel Mac OS X 10_12_6) AppleWebKit/537.36 (KHTML, like Gecko) Chrome/70.0.3538.110 Safari/537.36"
2018-12-04 08:54:06.819 - info: ::1 - - [04/Dec/2018:01:54:06 +0000] "GET /api/purchase-orders?limit=10&page=1&query=%7B%22orderType%22:%22in%22%7D&sort=%7B%22createdAt%22:-1%7D HTTP/1.1" 304 - "http://localhost:4200/warehouse/import" "Mozilla/5.0 (Macintosh; Intel Mac OS X 10_12_6) AppleWebKit/537.36 (KHTML, like Gecko) Chrome/70.0.3538.110 Safari/537.36"
2018-12-04 08:55:24.845 - info: ::1 - - [04/Dec/2018:01:55:24 +0000] "OPTIONS /api/products?limit=10&page=1&query=%7B%7D&sort=%7B%22createdAt%22:-1%7D HTTP/1.1" 204 0 "-" "Mozilla/5.0 (Macintosh; Intel Mac OS X 10_12_6) AppleWebKit/537.36 (KHTML, like Gecko) Chrome/70.0.3538.110 Safari/537.36"
2018-12-04 08:55:24.876 - info: ::1 - - [04/Dec/2018:01:55:24 +0000] "GET /api/products?limit=10&page=1&query=%7B%7D&sort=%7B%22createdAt%22:-1%7D HTTP/1.1" 200 22 "http://localhost:4200/products" "Mozilla/5.0 (Macintosh; Intel Mac OS X 10_12_6) AppleWebKit/537.36 (KHTML, like Gecko) Chrome/70.0.3538.110 Safari/537.36"
2018-12-04 08:56:38.334 - info: ::1 - - [04/Dec/2018:01:56:38 +0000] "OPTIONS /api/products HTTP/1.1" 204 0 "-" "Mozilla/5.0 (Macintosh; Intel Mac OS X 10_12_6) AppleWebKit/537.36 (KHTML, like Gecko) Chrome/70.0.3538.110 Safari/537.36"
2018-12-04 08:56:38.358 - info: ::1 - - [04/Dec/2018:01:56:38 +0000] "POST /api/products HTTP/1.1" 200 292 "http://localhost:4200/products" "Mozilla/5.0 (Macintosh; Intel Mac OS X 10_12_6) AppleWebKit/537.36 (KHTML, like Gecko) Chrome/70.0.3538.110 Safari/537.36"
2018-12-04 08:56:38.452 - info: ::1 - - [04/Dec/2018:01:56:38 +0000] "OPTIONS /api/products?limit=10&page=1&query=%7B%7D&sort=%7B%22createdAt%22:-1%7D HTTP/1.1" 204 0 "-" "Mozilla/5.0 (Macintosh; Intel Mac OS X 10_12_6) AppleWebKit/537.36 (KHTML, like Gecko) Chrome/70.0.3538.110 Safari/537.36"
2018-12-04 08:56:38.474 - info: ::1 - - [04/Dec/2018:01:56:38 +0000] "GET /api/products?limit=10&page=1&query=%7B%7D&sort=%7B%22createdAt%22:-1%7D HTTP/1.1" 200 314 "http://localhost:4200/products" "Mozilla/5.0 (Macintosh; Intel Mac OS X 10_12_6) AppleWebKit/537.36 (KHTML, like Gecko) Chrome/70.0.3538.110 Safari/537.36"
2018-12-04 08:56:55.219 - info: ::1 - - [04/Dec/2018:01:56:55 +0000] "OPTIONS /api/purchase-orders?limit=10&page=1&query=%7B%22orderType%22:%22in%22%7D&sort=%7B%22createdAt%22:-1%7D HTTP/1.1" 204 0 "-" "Mozilla/5.0 (Macintosh; Intel Mac OS X 10_12_6) AppleWebKit/537.36 (KHTML, like Gecko) Chrome/70.0.3538.110 Safari/537.36"
2018-12-04 08:56:55.256 - info: ::1 - - [04/Dec/2018:01:56:55 +0000] "GET /api/purchase-orders?limit=10&page=1&query=%7B%22orderType%22:%22in%22%7D&sort=%7B%22createdAt%22:-1%7D HTTP/1.1" 304 - "http://localhost:4200/warehouse/import" "Mozilla/5.0 (Macintosh; Intel Mac OS X 10_12_6) AppleWebKit/537.36 (KHTML, like Gecko) Chrome/70.0.3538.110 Safari/537.36"
2018-12-04 08:56:57.108 - info: ::1 - - [04/Dec/2018:01:56:57 +0000] "OPTIONS /api/products?limit=10&page=1&query=%7B%7D&sort=%7B%22createdAt%22:-1%7D HTTP/1.1" 204 0 "-" "Mozilla/5.0 (Macintosh; Intel Mac OS X 10_12_6) AppleWebKit/537.36 (KHTML, like Gecko) Chrome/70.0.3538.110 Safari/537.36"
2018-12-04 08:56:57.142 - info: ::1 - - [04/Dec/2018:01:56:57 +0000] "GET /api/products?limit=10&page=1&query=%7B%7D&sort=%7B%22createdAt%22:-1%7D HTTP/1.1" 304 - "http://localhost:4200/products" "Mozilla/5.0 (Macintosh; Intel Mac OS X 10_12_6) AppleWebKit/537.36 (KHTML, like Gecko) Chrome/70.0.3538.110 Safari/537.36"
2018-12-04 08:57:52.528 - info: ::1 - - [04/Dec/2018:01:57:52 +0000] "OPTIONS /api/products HTTP/1.1" 204 0 "-" "Mozilla/5.0 (Macintosh; Intel Mac OS X 10_12_6) AppleWebKit/537.36 (KHTML, like Gecko) Chrome/70.0.3538.110 Safari/537.36"
2018-12-04 08:57:52.552 - info: ::1 - - [04/Dec/2018:01:57:52 +0000] "POST /api/products HTTP/1.1" 200 298 "http://localhost:4200/products" "Mozilla/5.0 (Macintosh; Intel Mac OS X 10_12_6) AppleWebKit/537.36 (KHTML, like Gecko) Chrome/70.0.3538.110 Safari/537.36"
2018-12-04 08:57:52.654 - info: ::1 - - [04/Dec/2018:01:57:52 +0000] "OPTIONS /api/products?limit=10&page=1&query=%7B%7D&sort=%7B%22createdAt%22:-1%7D HTTP/1.1" 204 0 "-" "Mozilla/5.0 (Macintosh; Intel Mac OS X 10_12_6) AppleWebKit/537.36 (KHTML, like Gecko) Chrome/70.0.3538.110 Safari/537.36"
2018-12-04 08:57:52.667 - info: ::1 - - [04/Dec/2018:01:57:52 +0000] "GET /api/products?limit=10&page=1&query=%7B%7D&sort=%7B%22createdAt%22:-1%7D HTTP/1.1" 200 613 "http://localhost:4200/products" "Mozilla/5.0 (Macintosh; Intel Mac OS X 10_12_6) AppleWebKit/537.36 (KHTML, like Gecko) Chrome/70.0.3538.110 Safari/537.36"
2018-12-04 08:57:54.588 - info: ::1 - - [04/Dec/2018:01:57:54 +0000] "OPTIONS /api/purchase-orders?limit=10&page=1&query=%7B%22orderType%22:%22in%22%7D&sort=%7B%22createdAt%22:-1%7D HTTP/1.1" 204 0 "-" "Mozilla/5.0 (Macintosh; Intel Mac OS X 10_12_6) AppleWebKit/537.36 (KHTML, like Gecko) Chrome/70.0.3538.110 Safari/537.36"
2018-12-04 08:57:54.622 - info: ::1 - - [04/Dec/2018:01:57:54 +0000] "GET /api/purchase-orders?limit=10&page=1&query=%7B%22orderType%22:%22in%22%7D&sort=%7B%22createdAt%22:-1%7D HTTP/1.1" 304 - "http://localhost:4200/warehouse/import" "Mozilla/5.0 (Macintosh; Intel Mac OS X 10_12_6) AppleWebKit/537.36 (KHTML, like Gecko) Chrome/70.0.3538.110 Safari/537.36"
2018-12-04 08:58:09.804 - info: ::1 - - [04/Dec/2018:01:58:09 +0000] "OPTIONS /api/products?limit=10&page=1&query=%7B%22$or%22:%5B%7B%22code%22:%7B%22$regex%22:%221000%22,%22$options%22:%22i%22%7D%7D,%7B%22name%22:%7B%22$regex%22:%221000%22,%22$options%22:%22i%22%7D%7D,%7B%22manufacturer%22:%7B%22$regex%22:%221000%22,%22$options%22:%22i%22%7D%7D%5D%7D&sort=%7B%22createdAt%22:-1%7D HTTP/1.1" 204 0 "-" "Mozilla/5.0 (Macintosh; Intel Mac OS X 10_12_6) AppleWebKit/537.36 (KHTML, like Gecko) Chrome/70.0.3538.110 Safari/537.36"
2018-12-04 08:58:09.811 - info: ::1 - - [04/Dec/2018:01:58:09 +0000] "GET /api/products?limit=10&page=1&query=%7B%22$or%22:%5B%7B%22code%22:%7B%22$regex%22:%221000%22,%22$options%22:%22i%22%7D%7D,%7B%22name%22:%7B%22$regex%22:%221000%22,%22$options%22:%22i%22%7D%7D,%7B%22manufacturer%22:%7B%22$regex%22:%221000%22,%22$options%22:%22i%22%7D%7D%5D%7D&sort=%7B%22createdAt%22:-1%7D HTTP/1.1" 200 613 "http://localhost:4200/warehouse/import/new" "Mozilla/5.0 (Macintosh; Intel Mac OS X 10_12_6) AppleWebKit/537.36 (KHTML, like Gecko) Chrome/70.0.3538.110 Safari/537.36"
2018-12-04 08:58:30.610 - info: ::1 - - [04/Dec/2018:01:58:30 +0000] "OPTIONS /api/purchase-orders HTTP/1.1" 204 0 "-" "Mozilla/5.0 (Macintosh; Intel Mac OS X 10_12_6) AppleWebKit/537.36 (KHTML, like Gecko) Chrome/70.0.3538.110 Safari/537.36"
2018-12-04 08:58:30.636 - info: ::1 - - [04/Dec/2018:01:58:30 +0000] "POST /api/purchase-orders HTTP/1.1" 200 1227 "http://localhost:4200/warehouse/import/new" "Mozilla/5.0 (Macintosh; Intel Mac OS X 10_12_6) AppleWebKit/537.36 (KHTML, like Gecko) Chrome/70.0.3538.110 Safari/537.36"
2018-12-04 08:58:30.679 - info: ::1 - - [04/Dec/2018:01:58:30 +0000] "OPTIONS /api/purchase-orders?limit=10&page=1&query=%7B%22orderType%22:%22in%22%7D&sort=%7B%22createdAt%22:-1%7D HTTP/1.1" 204 0 "-" "Mozilla/5.0 (Macintosh; Intel Mac OS X 10_12_6) AppleWebKit/537.36 (KHTML, like Gecko) Chrome/70.0.3538.110 Safari/537.36"
2018-12-04 08:58:30.722 - info: ::1 - - [04/Dec/2018:01:58:30 +0000] "GET /api/purchase-orders?limit=10&page=1&query=%7B%22orderType%22:%22in%22%7D&sort=%7B%22createdAt%22:-1%7D HTTP/1.1" 200 4191 "http://localhost:4200/warehouse/import" "Mozilla/5.0 (Macintosh; Intel Mac OS X 10_12_6) AppleWebKit/537.36 (KHTML, like Gecko) Chrome/70.0.3538.110 Safari/537.36"
2018-12-04 08:58:38.489 - info: ::1 - - [04/Dec/2018:01:58:38 +0000] "OPTIONS /api/users?limit=10&page=1&filter=%7B%22populate%22:%22warehouseId%22%7D HTTP/1.1" 204 0 "-" "Mozilla/5.0 (Macintosh; Intel Mac OS X 10_12_6) AppleWebKit/537.36 (KHTML, like Gecko) Chrome/70.0.3538.110 Safari/537.36"
2018-12-04 08:58:38.536 - info: ::1 - - [04/Dec/2018:01:58:38 +0000] "GET /api/users?limit=10&page=1&filter=%7B%22populate%22:%22warehouseId%22%7D HTTP/1.1" 304 - "http://localhost:4200/admin/users" "Mozilla/5.0 (Macintosh; Intel Mac OS X 10_12_6) AppleWebKit/537.36 (KHTML, like Gecko) Chrome/70.0.3538.110 Safari/537.36"
2018-12-04 08:58:50.183 - info: ::1 - - [04/Dec/2018:01:58:50 +0000] "OPTIONS /api/auth/login HTTP/1.1" 204 0 "-" "Mozilla/5.0 (Macintosh; Intel Mac OS X 10_12_6) AppleWebKit/537.36 (KHTML, like Gecko) Chrome/70.0.3538.110 Safari/537.36"
2018-12-04 08:58:50.425 - info: ::1 - - [04/Dec/2018:01:58:50 +0000] "POST /api/auth/login HTTP/1.1" 200 190 "http://localhost:4200/auth/login" "Mozilla/5.0 (Macintosh; Intel Mac OS X 10_12_6) AppleWebKit/537.36 (KHTML, like Gecko) Chrome/70.0.3538.110 Safari/537.36"
2018-12-04 08:58:50.428 - info: ::1 - - [04/Dec/2018:01:58:50 +0000] "OPTIONS /api/me HTTP/1.1" 204 0 "-" "Mozilla/5.0 (Macintosh; Intel Mac OS X 10_12_6) AppleWebKit/537.36 (KHTML, like Gecko) Chrome/70.0.3538.110 Safari/537.36"
2018-12-04 08:58:50.437 - info: ::1 - - [04/Dec/2018:01:58:50 +0000] "GET /api/me HTTP/1.1" 200 366 "http://localhost:4200/auth/login" "Mozilla/5.0 (Macintosh; Intel Mac OS X 10_12_6) AppleWebKit/537.36 (KHTML, like Gecko) Chrome/70.0.3538.110 Safari/537.36"
2018-12-04 08:58:53.325 - info: ::1 - - [04/Dec/2018:01:58:53 +0000] "OPTIONS /api/purchase-orders?limit=10&page=1&query=%7B%22orderType%22:%22in%22%7D&sort=%7B%22createdAt%22:-1%7D HTTP/1.1" 204 0 "-" "Mozilla/5.0 (Macintosh; Intel Mac OS X 10_12_6) AppleWebKit/537.36 (KHTML, like Gecko) Chrome/70.0.3538.110 Safari/537.36"
2018-12-04 08:58:53.368 - info: ::1 - - [04/Dec/2018:01:58:53 +0000] "GET /api/purchase-orders?limit=10&page=1&query=%7B%22orderType%22:%22in%22%7D&sort=%7B%22createdAt%22:-1%7D HTTP/1.1" 304 - "http://localhost:4200/warehouse/import" "Mozilla/5.0 (Macintosh; Intel Mac OS X 10_12_6) AppleWebKit/537.36 (KHTML, like Gecko) Chrome/70.0.3538.110 Safari/537.36"
2018-12-04 08:58:54.213 - info: ::1 - - [04/Dec/2018:01:58:54 +0000] "OPTIONS /api/products?limit=10&page=1&query=%7B%7D&sort=%7B%22createdAt%22:-1%7D HTTP/1.1" 204 0 "-" "Mozilla/5.0 (Macintosh; Intel Mac OS X 10_12_6) AppleWebKit/537.36 (KHTML, like Gecko) Chrome/70.0.3538.110 Safari/537.36"
2018-12-04 08:58:54.241 - info: ::1 - - [04/Dec/2018:01:58:54 +0000] "GET /api/products?limit=10&page=1&query=%7B%7D&sort=%7B%22createdAt%22:-1%7D HTTP/1.1" 200 1228 "http://localhost:4200/products" "Mozilla/5.0 (Macintosh; Intel Mac OS X 10_12_6) AppleWebKit/537.36 (KHTML, like Gecko) Chrome/70.0.3538.110 Safari/537.36"
2018-12-04 08:59:21.516 - info: ::1 - - [04/Dec/2018:01:59:21 +0000] "OPTIONS /api/purchase-orders?limit=10&page=1&query=%7B%22orderType%22:%22in%22%7D&sort=%7B%22createdAt%22:-1%7D HTTP/1.1" 204 0 "-" "Mozilla/5.0 (Macintosh; Intel Mac OS X 10_12_6) AppleWebKit/537.36 (KHTML, like Gecko) Chrome/70.0.3538.110 Safari/537.36"
2018-12-04 08:59:21.553 - info: ::1 - - [04/Dec/2018:01:59:21 +0000] "GET /api/purchase-orders?limit=10&page=1&query=%7B%22orderType%22:%22in%22%7D&sort=%7B%22createdAt%22:-1%7D HTTP/1.1" 304 - "http://localhost:4200/warehouse/import" "Mozilla/5.0 (Macintosh; Intel Mac OS X 10_12_6) AppleWebKit/537.36 (KHTML, like Gecko) Chrome/70.0.3538.110 Safari/537.36"
2018-12-04 08:59:50.250 - info: ::1 - - [04/Dec/2018:01:59:50 +0000] "OPTIONS /api/purchase-orders/5c05df4691a25624dd56c4bb HTTP/1.1" 204 0 "-" "Mozilla/5.0 (Macintosh; Intel Mac OS X 10_12_6) AppleWebKit/537.36 (KHTML, like Gecko) Chrome/70.0.3538.110 Safari/537.36"
2018-12-04 08:59:50.331 - info: ::1 - - [04/Dec/2018:01:59:50 +0000] "GET /api/purchase-orders/5c05df4691a25624dd56c4bb HTTP/1.1" 200 1227 "http://localhost:4200/warehouse/import/edit/5c05df4691a25624dd56c4bb" "Mozilla/5.0 (Macintosh; Intel Mac OS X 10_12_6) AppleWebKit/537.36 (KHTML, like Gecko) Chrome/70.0.3538.110 Safari/537.36"
2018-12-04 08:59:52.908 - info: ::1 - - [04/Dec/2018:01:59:52 +0000] "OPTIONS /api/purchase-orders?limit=10&page=1&query=%7B%22orderType%22:%22in%22%7D&sort=%7B%22createdAt%22:-1%7D HTTP/1.1" 204 0 "-" "Mozilla/5.0 (Macintosh; Intel Mac OS X 10_12_6) AppleWebKit/537.36 (KHTML, like Gecko) Chrome/70.0.3538.110 Safari/537.36"
2018-12-04 08:59:52.956 - info: ::1 - - [04/Dec/2018:01:59:52 +0000] "GET /api/purchase-orders?limit=10&page=1&query=%7B%22orderType%22:%22in%22%7D&sort=%7B%22createdAt%22:-1%7D HTTP/1.1" 304 - "http://localhost:4200/warehouse/import" "Mozilla/5.0 (Macintosh; Intel Mac OS X 10_12_6) AppleWebKit/537.36 (KHTML, like Gecko) Chrome/70.0.3538.110 Safari/537.36"
2018-12-04 08:59:54.553 - info: ::1 - - [04/Dec/2018:01:59:54 +0000] "OPTIONS /api/purchase-orders/5c05dc0991a25624dd56c4b4 HTTP/1.1" 204 0 "-" "Mozilla/5.0 (Macintosh; Intel Mac OS X 10_12_6) AppleWebKit/537.36 (KHTML, like Gecko) Chrome/70.0.3538.110 Safari/537.36"
2018-12-04 08:59:54.616 - info: ::1 - - [04/Dec/2018:01:59:54 +0000] "GET /api/purchase-orders/5c05dc0991a25624dd56c4b4 HTTP/1.1" 304 - "http://localhost:4200/warehouse/import/edit/5c05dc0991a25624dd56c4b4" "Mozilla/5.0 (Macintosh; Intel Mac OS X 10_12_6) AppleWebKit/537.36 (KHTML, like Gecko) Chrome/70.0.3538.110 Safari/537.36"
2018-12-04 09:00:17.651 - info: ::1 - - [04/Dec/2018:02:00:17 +0000] "OPTIONS /api/users?limit=10&page=1&filter=%7B%22populate%22:%22warehouseId%22%7D HTTP/1.1" 204 0 "-" "Mozilla/5.0 (Macintosh; Intel Mac OS X 10_12_6) AppleWebKit/537.36 (KHTML, like Gecko) Chrome/70.0.3538.110 Safari/537.36"
2018-12-04 09:00:17.706 - info: ::1 - - [04/Dec/2018:02:00:17 +0000] "GET /api/users?limit=10&page=1&filter=%7B%22populate%22:%22warehouseId%22%7D HTTP/1.1" 304 - "http://localhost:4200/admin/users" "Mozilla/5.0 (Macintosh; Intel Mac OS X 10_12_6) AppleWebKit/537.36 (KHTML, like Gecko) Chrome/70.0.3538.110 Safari/537.36"
2018-12-04 09:00:20.259 - info: ::1 - - [04/Dec/2018:02:00:20 +0000] "OPTIONS /api/purchase-orders?limit=10&page=1&query=%7B%22orderType%22:%22in%22%7D&sort=%7B%22createdAt%22:-1%7D HTTP/1.1" 204 0 "-" "Mozilla/5.0 (Macintosh; Intel Mac OS X 10_12_6) AppleWebKit/537.36 (KHTML, like Gecko) Chrome/70.0.3538.110 Safari/537.36"
2018-12-04 09:00:20.293 - info: ::1 - - [04/Dec/2018:02:00:20 +0000] "GET /api/purchase-orders?limit=10&page=1&query=%7B%22orderType%22:%22in%22%7D&sort=%7B%22createdAt%22:-1%7D HTTP/1.1" 304 - "http://localhost:4200/warehouse/import" "Mozilla/5.0 (Macintosh; Intel Mac OS X 10_12_6) AppleWebKit/537.36 (KHTML, like Gecko) Chrome/70.0.3538.110 Safari/537.36"
2018-12-04 09:02:54.992 - info: ::1 - - [04/Dec/2018:02:02:54 +0000] "OPTIONS /api/purchase-orders?limit=10&page=1&query=%7B%22orderType%22:%22out%22%7D&sort=%7B%22createdAt%22:-1%7D HTTP/1.1" 204 0 "-" "Mozilla/5.0 (Macintosh; Intel Mac OS X 10_12_6) AppleWebKit/537.36 (KHTML, like Gecko) Chrome/70.0.3538.110 Safari/537.36"
2018-12-04 09:02:55.038 - info: ::1 - - [04/Dec/2018:02:02:55 +0000] "GET /api/purchase-orders?limit=10&page=1&query=%7B%22orderType%22:%22out%22%7D&sort=%7B%22createdAt%22:-1%7D HTTP/1.1" 304 - "http://localhost:4200/warehouse/export" "Mozilla/5.0 (Macintosh; Intel Mac OS X 10_12_6) AppleWebKit/537.36 (KHTML, like Gecko) Chrome/70.0.3538.110 Safari/537.36"
2018-12-04 09:02:56.410 - info: ::1 - - [04/Dec/2018:02:02:56 +0000] "OPTIONS /api/purchase-orders?limit=10&page=1&query=%7B%22orderType%22:%22in%22%7D&sort=%7B%22createdAt%22:-1%7D HTTP/1.1" 204 0 "-" "Mozilla/5.0 (Macintosh; Intel Mac OS X 10_12_6) AppleWebKit/537.36 (KHTML, like Gecko) Chrome/70.0.3538.110 Safari/537.36"
2018-12-04 09:02:56.443 - info: ::1 - - [04/Dec/2018:02:02:56 +0000] "GET /api/purchase-orders?limit=10&page=1&query=%7B%22orderType%22:%22in%22%7D&sort=%7B%22createdAt%22:-1%7D HTTP/1.1" 304 - "http://localhost:4200/warehouse/import" "Mozilla/5.0 (Macintosh; Intel Mac OS X 10_12_6) AppleWebKit/537.36 (KHTML, like Gecko) Chrome/70.0.3538.110 Safari/537.36"
2018-12-04 09:02:57.561 - info: ::1 - - [04/Dec/2018:02:02:57 +0000] "GET /api/purchase-orders?limit=10&page=1&query=%7B%22orderType%22:%22out%22%7D&sort=%7B%22createdAt%22:-1%7D HTTP/1.1" 304 - "http://localhost:4200/warehouse/export" "Mozilla/5.0 (Macintosh; Intel Mac OS X 10_12_6) AppleWebKit/537.36 (KHTML, like Gecko) Chrome/70.0.3538.110 Safari/537.36"
2018-12-04 09:02:58.356 - info: ::1 - - [04/Dec/2018:02:02:58 +0000] "GET /api/purchase-orders?limit=10&page=1&query=%7B%22orderType%22:%22in%22%7D&sort=%7B%22createdAt%22:-1%7D HTTP/1.1" 304 - "http://localhost:4200/warehouse/import" "Mozilla/5.0 (Macintosh; Intel Mac OS X 10_12_6) AppleWebKit/537.36 (KHTML, like Gecko) Chrome/70.0.3538.110 Safari/537.36"
2018-12-04 09:02:59.558 - info: ::1 - - [04/Dec/2018:02:02:59 +0000] "OPTIONS /api/products?limit=10&page=1&query=%7B%7D&sort=%7B%22createdAt%22:-1%7D HTTP/1.1" 204 0 "-" "Mozilla/5.0 (Macintosh; Intel Mac OS X 10_12_6) AppleWebKit/537.36 (KHTML, like Gecko) Chrome/70.0.3538.110 Safari/537.36"
2018-12-04 09:02:59.590 - info: ::1 - - [04/Dec/2018:02:02:59 +0000] "GET /api/products?limit=10&page=1&query=%7B%7D&sort=%7B%22createdAt%22:-1%7D HTTP/1.1" 304 - "http://localhost:4200/products" "Mozilla/5.0 (Macintosh; Intel Mac OS X 10_12_6) AppleWebKit/537.36 (KHTML, like Gecko) Chrome/70.0.3538.110 Safari/537.36"
2018-12-04 09:03:12.387 - info: ::1 - - [04/Dec/2018:02:03:12 +0000] "OPTIONS /api/purchase-orders?limit=10&page=1&query=%7B%22orderType%22:%22in%22%7D&sort=%7B%22createdAt%22:-1%7D HTTP/1.1" 204 0 "-" "Mozilla/5.0 (Macintosh; Intel Mac OS X 10_12_6) AppleWebKit/537.36 (KHTML, like Gecko) Chrome/70.0.3538.110 Safari/537.36"
2018-12-04 09:03:12.425 - info: ::1 - - [04/Dec/2018:02:03:12 +0000] "GET /api/purchase-orders?limit=10&page=1&query=%7B%22orderType%22:%22in%22%7D&sort=%7B%22createdAt%22:-1%7D HTTP/1.1" 304 - "http://localhost:4200/warehouse/import" "Mozilla/5.0 (Macintosh; Intel Mac OS X 10_12_6) AppleWebKit/537.36 (KHTML, like Gecko) Chrome/70.0.3538.110 Safari/537.36"
2018-12-04 09:10:11.804 - info: ::1 - - [04/Dec/2018:02:10:11 +0000] "OPTIONS /api/warehouses?limit=10&page=1 HTTP/1.1" 204 0 "-" "Mozilla/5.0 (Macintosh; Intel Mac OS X 10_12_6) AppleWebKit/537.36 (KHTML, like Gecko) Chrome/70.0.3538.110 Safari/537.36"
2018-12-04 09:10:11.857 - info: ::1 - - [04/Dec/2018:02:10:11 +0000] "GET /api/warehouses?limit=10&page=1 HTTP/1.1" 304 - "http://localhost:4200/admin/warehouses" "Mozilla/5.0 (Macintosh; Intel Mac OS X 10_12_6) AppleWebKit/537.36 (KHTML, like Gecko) Chrome/70.0.3538.110 Safari/537.36"
2018-12-04 09:10:12.395 - info: ::1 - - [04/Dec/2018:02:10:12 +0000] "OPTIONS /api/users?limit=10&page=1&filter=%7B%22populate%22:%22warehouseId%22%7D HTTP/1.1" 204 0 "-" "Mozilla/5.0 (Macintosh; Intel Mac OS X 10_12_6) AppleWebKit/537.36 (KHTML, like Gecko) Chrome/70.0.3538.110 Safari/537.36"
2018-12-04 09:10:12.439 - info: ::1 - - [04/Dec/2018:02:10:12 +0000] "GET /api/users?limit=10&page=1&filter=%7B%22populate%22:%22warehouseId%22%7D HTTP/1.1" 304 - "http://localhost:4200/admin/users" "Mozilla/5.0 (Macintosh; Intel Mac OS X 10_12_6) AppleWebKit/537.36 (KHTML, like Gecko) Chrome/70.0.3538.110 Safari/537.36"
2018-12-04 09:10:13.265 - info: ::1 - - [04/Dec/2018:02:10:13 +0000] "OPTIONS /api/purchase-orders?limit=10&page=1&query=%7B%22orderType%22:%22out%22%7D&sort=%7B%22createdAt%22:-1%7D HTTP/1.1" 204 0 "-" "Mozilla/5.0 (Macintosh; Intel Mac OS X 10_12_6) AppleWebKit/537.36 (KHTML, like Gecko) Chrome/70.0.3538.110 Safari/537.36"
2018-12-04 09:10:13.295 - info: ::1 - - [04/Dec/2018:02:10:13 +0000] "GET /api/purchase-orders?limit=10&page=1&query=%7B%22orderType%22:%22out%22%7D&sort=%7B%22createdAt%22:-1%7D HTTP/1.1" 304 - "http://localhost:4200/warehouse/export" "Mozilla/5.0 (Macintosh; Intel Mac OS X 10_12_6) AppleWebKit/537.36 (KHTML, like Gecko) Chrome/70.0.3538.110 Safari/537.36"
2018-12-04 09:10:13.958 - info: ::1 - - [04/Dec/2018:02:10:13 +0000] "OPTIONS /api/products?limit=10&page=1&query=%7B%7D&sort=%7B%22createdAt%22:-1%7D HTTP/1.1" 204 0 "-" "Mozilla/5.0 (Macintosh; Intel Mac OS X 10_12_6) AppleWebKit/537.36 (KHTML, like Gecko) Chrome/70.0.3538.110 Safari/537.36"
2018-12-04 09:10:13.990 - info: ::1 - - [04/Dec/2018:02:10:13 +0000] "GET /api/products?limit=10&page=1&query=%7B%7D&sort=%7B%22createdAt%22:-1%7D HTTP/1.1" 304 - "http://localhost:4200/products" "Mozilla/5.0 (Macintosh; Intel Mac OS X 10_12_6) AppleWebKit/537.36 (KHTML, like Gecko) Chrome/70.0.3538.110 Safari/537.36"
2018-12-04 09:10:14.444 - info: ::1 - - [04/Dec/2018:02:10:14 +0000] "OPTIONS /api/purchase-orders?limit=10&page=1&query=%7B%22orderType%22:%22in%22%7D&sort=%7B%22createdAt%22:-1%7D HTTP/1.1" 204 0 "-" "Mozilla/5.0 (Macintosh; Intel Mac OS X 10_12_6) AppleWebKit/537.36 (KHTML, like Gecko) Chrome/70.0.3538.110 Safari/537.36"
2018-12-04 09:10:14.480 - info: ::1 - - [04/Dec/2018:02:10:14 +0000] "GET /api/purchase-orders?limit=10&page=1&query=%7B%22orderType%22:%22in%22%7D&sort=%7B%22createdAt%22:-1%7D HTTP/1.1" 304 - "http://localhost:4200/warehouse/import" "Mozilla/5.0 (Macintosh; Intel Mac OS X 10_12_6) AppleWebKit/537.36 (KHTML, like Gecko) Chrome/70.0.3538.110 Safari/537.36"
